mmer1	mmer2
1100	1473
367	1227
923	1309
277	1329
240	1422
964	1198
406	1297
605	1387
45	1395
561	1142
430	1303
282	1233
812	1426
1118	1519
501	1356
318	1327
940	1498
483	1249
42	1164
370	1189
759	1176
692	1504
423	1155
290	1139
149	1123
209	1263
530	1356
409	1510
490	1405
705	1456
672	1196
698	1503
736	1293
701	1358
176	1493
347	1227
170	1210
868	1452
1055	1236
482	1172
637	1442
679	1217
783	1313
62	1177
776	1317
165	1432
159	1263
631	1321
31	1124
849	1559
725	1245
249	1123
404	1136
694	1438
962	1123
137	1555
463	1485
144	1490
387	1366
821	1341
154	1548
212	1151
791	1270
370	1363
1089	1409
758	1439
565	1408
307	1442
237	1294
474	1532
182	1481
217	1296
683	1224
279	1336
413	1538
84	1277
831	1279
494	1265
749	1404
630	1223
657	1348
1059	1482
428	1326
700	1308
1013	1226
326	1377
470	1396
676	1404
582	1210
764	1391
509	1134
814	1121
43	1236
668	1390
619	1268
697	1300
943	1480
262	1151
776	1182
750	1197
583	1170
317	1255
631	1165
834	1565
540	1123
168	1498
865	1337
179	1429
771	1322
267	1154
523	1475
247	1220
89	1438
376	1313
841	1514
323	1215
781	1411
859	1490
618	1313
1106	1248
738	1126
831	1461
1085	1219
466	1469
361	1422
1041	1478
900	1196
823	1492
105	1215
135	1146
889	1459
252	1499
577	1297
4	1176
917	1323
549	1219
810	1393
987	1297
200	1400
617	1163
154	1515
491	1477
123	1380
813	1500
739	1389
558	1259
451	1288
674	1398
454	1479
422	1379
956	1138
393	1286
78	1424
916	1443
1084	1461
543	1512
427	1357
410	1498
233	1286
250	1248
709	1330
260	1567
1034	1538
782	1148
1003	1332
857	1262
1104	1330
254	1159
328	1553
493	1561
253	1520
331	1374
73	1533
1076	1228
1042	1458
1071	1344
207	1489
731	1440
544	1124
983	1394
840	1523
276	1128
291	1312
219	1565
1081	1344
444	1448
117	1190
809	1533
538	1160
363	1518
599	1125
733	1420
374	1554
886	1420
472	1346
652	1152
85	1342
1012	1248
371	1332
935	1128
302	1129
397	1180
100	1187
816	1185
718	1534
591	1249
229	1439
66	1421
522	1563
395	1437
923	1456
898	1188
300	1293
957	1516
1016	1463
1006	1167
1101	1220
232	1172
51	1221
516	1379
261	1139
373	1325
607	1460
989	1448
1027	1131
879	1130
430	1331
959	1411
239	1562
1091	1529
853	1369
382	1257
877	1234
1034	1181
302	1538
260	1258
504	1385
98	1404
106	1298
652	1526
866	1546
1026	1451
315	1455
1005	1412
778	1558
448	1388
365	1241
642	1217
640	1536
1018	1541
319	1166
1108	1191
909	1349
529	1199
82	1173
720	1271
335	1281
1093	1434
670	1348
744	1393
641	1375
747	1536
863	1377
218	1212
46	1257
637	1174
16	1477
404	1356
660	1280
1118	1506
303	1337
377	1233
885	1135
792	1318
1113	1277
381	1157
1054	1306
18	1408
191	1382
164	1524
980	1413
508	1329
0	1496
525	1559
1009	1177
975	1376
343	1420
884	1258
567	1551
741	1286
960	1561
129	1349
101	1384
847	1184
934	1360
190	1437
985	1395
225	1327
1088	1173
447	1547
520	1274
434	1209
902	1505
974	1505
948	1524
958	1444
1030	1251
1086	1481
423	1283
364	1539
467	1241
576	1227
356	1237
324	1477
15	1129
820	1421
905	1168
287	1545
715	1239
435	1209
800	1563
343	1185
1057	1360
502	1291
23	1507
950	1542
471	1351
402	1335
995	1462
638	1371
116	1262
643	1551
730	1124
830	1552
12	1186
384	1121
580	1453
603	1565
112	1210
536	1337
820	1218
598	1417
594	1212
119	1216
1090	1506
181	1524
240	1553
362	1161
959	1494
180	1213
476	1498
1102	1395
714	1218
781	1355
937	1254
1065	1528
712	1260
444	1465
284	1251
137	1281
442	1221
1058	1186
113	1451
684	1150
172	1428
677	1354
1014	1320
253	1362
724	1465
810	1279
1074	1397
1111	1296
1090	1244
83	1233
416	1423
994	1272
671	1201
127	1302
158	1154
374	1534
752	1222
987	1565
993	1323
358	1464
60	1200
598	1161
379	1389
922	1178
398	1359
740	1486
1119	1406
974	1311
337	1189
595	1322
43	1155
141	1288
3	1564
20	1460
498	1342
647	1269
689	1513
401	1508
235	1417
160	1194
222	1536
795	1359
589	1286
420	1207
193	1436
546	1298
710	1203
246	1450
378	1138
329	1383
88	1313
1100	1503
384	1385
972	1156
642	1135
449	1127
64	1396
262	1432
998	1324
546	1168
185	1545
425	1323
843	1458
314	1133
1096	1220
451	1494
445	1267
1039	1185
108	1295
73	1374
577	1161
890	1285
407	1545
998	1313
557	1226
788	1433
753	1136
1012	1522
309	1276
804	1449
777	1392
953	1339
133	1566
1015	1373
526	1452
373	1414
1000	1157
897	1265
1107	1182
988	1195
396	1536
937	1363
563	1158
700	1557
443	1549
774	1280
86	1125
157	1314
608	1396
497	1442
138	1537
252	1317
559	1383
388	1552
426	1292
542	1302
58	1268
1114	1567
104	1183
226	1127
235	1160
378	1420
271	1502
80	1476
803	1242
306	1197
833	1387
710	1303
978	1390
1007	1175
124	1198
265	1229
376	1428
635	1510
530	1326
1052	1424
968	1295
10	1240
772	1361
760	1355
485	1524
258	1338
534	1220
176	1328
915	1202
659	1312
954	1270
97	1301
82	1474
557	1143
1074	1386
1097	1273
583	1353
333	1208
887	1527
386	1468
295	1361
305	1126
601	1122
717	1259
98	1331
467	1231
724	1124
1	1329
480	1133
802	1543
174	1470
335	1515
424	1302
366	1236
961	1557
965	1138
92	1272
970	1129
414	1314
935	1222
619	1173
110	1463
459	1374
125	1282
969	1295
257	1264
727	1202
121	1306
76	1367
695	1224
770	1507
178	1303
1061	1491
306	1447
1115	1414
415	1399
398	1126
86	1433
334	1122
1051	1350
525	1481
334	1170
644	1178
797	1196
119	1409
1073	1187
421	1209
245	1288
806	1298
569	1346
34	1242
115	1481
278	1408
369	1564
417	1485
417	1226
1011	1155
845	1376
476	1179
35	1529
777	1126
876	1122
200	1240
109	1153
225	1478
601	1396
704	1214
268	1494
818	1253
633	1358
296	1311
268	1155
88	1470
976	1566
584	1540
1020	1397
881	1340
83	1488
272	1487
358	1477
754	1310
835	1364
394	1549
617	1422
269	1164
1049	1230
1088	1156
78	1283
368	1359
289	1488
819	1449
161	1138
477	1373
732	1553
395	1362
1048	1171
386	1163
687	1296
919	1540
307	1192
906	1143
217	1280
808	1564
393	1372
862	1163
166	1459
939	1415
613	1359
800	1325
17	1447
743	1497
15	1141
826	1279
789	1279
338	1145
650	1406
189	1407
385	1355
898	1532
678	1434
219	1147
992	1379
25	1300
313	1208
932	1530
550	1335
150	1457
908	1299
131	1328
368	1468
691	1476
151	1425
167	1141
1027	1403
511	1189
332	1308
552	1451
27	1258
401	1193
1070	1165
730	1356
938	1347
949	1435
860	1184
798	1429
55	1184
1044	1393
468	1551
168	1237
956	1308
124	1326
996	1388
723	1445
843	1432
889	1478
859	1563
199	1479
773	1360
599	1307
624	1502
515	1248
289	1428
346	1464
324	1552
272	1517
726	1542
130	1487
714	1178
56	1221
839	1200
39	1368
106	1358
100	1567
478	1194
610	1334
742	1408
80	1423
829	1140
367	1315
658	1511
752	1218
632	1205
198	1525
442	1532
940	1534
622	1489
487	1237
667	1317
1038	1535
772	1236
990	1353
182	1493
626	1142
837	1495
201	1261
844	1554
786	1225
206	1310
320	1153
1049	1169
556	1294
304	1519
833	1370
1099	1346
431	1516
372	1544
1084	1135
184	1483
600	1510
333	1131
1045	1329
483	1135
802	1369
828	1291
857	1249
389	1159
448	1419
896	1202
649	1540
952	1229
288	1291
883	1378
127	1531
921	1413
346	1252
963	1204
348	1250
312	1160
796	1496
528	1474
1116	1470
301	1134
693	1339
645	1402
52	1166
72	1273
143	1328
795	1211
836	1289
990	1500
209	1546
545	1424
1057	1359
475	1545
520	1492
21	1365
1060	1284
38	1345
341	1192
352	1404
660	1301
111	1301
825	1440
40	1150
872	1343
412	1167
297	1316
87	1269
997	1539
122	1521
1107	1163
308	1430
169	1509
1043	1549
648	1238
677	1319
484	1266
1059	1310
748	1445
792	1239
785	1203
727	1544
595	1167
364	1180
1067	1412
243	1298
892	1419
344	1127
449	1182
1008	1252
66	1207
457	1158
1030	1457
767	1307
490	1170
231	1554
811	1517
1046	1125
1098	1375
1082	1296
156	1192
224	1312
323	1541
1047	1497
639	1222
489	1206
524	1254
973	1447
507	1243
765	1272
1081	1435
834	1156
891	1316
511	1235
65	1454
403	1222
697	1159
864	1352
850	1148
590	1252
315	1513
26	1533
84	1413
175	1547
698	1167
913	1471
986	1247
627	1201
1051	1452
500	1139
75	1312
18	1514
1031	1519
485	1422
390	1232
513	1140
203	1276
979	1270
1080	1429
155	1564
85	1479
518	1350
755	1400
606	1514
686	1283
632	1371
728	1552
729	1427
611	1468
410	1305
1105	1328
136	1460
81	1350
1071	1144
129	1508
758	1245
230	1325
708	1299
208	1382
766	1548
544	1416
274	1523
1089	1467
299	1335
327	1162
1078	1207
1006	1504
1054	1564
435	1275
604	1157
762	1254
664	1464
614	1285
527	1284
233	1440
738	1364
69	1276
13	1537
255	1494
638	1471
570	1506
327	1154
790	1219
888	1266
1079	1540
931	1255
705	1483
310	1282
890	1164
465	1544
852	1385
919	1431
662	1460
623	1448
52	1538
236	1441
869	1382
699	1304
640	1543
397	1499
1018	1137
498	1369
399	1445
318	1240
332	1293
720	1205
1033	1510
1040	1132
566	1478
431	1378
174	1228
437	1395
479	1289
447	1335
27	1269
707	1185
77	1366
979	1455
482	1549
809	1407
481	1208
134	1556
196	1413
202	1420
473	1559
1066	1378
481	1180
95	1130
620	1333
422	1290
568	1256
231	1540
713	1383
39	1352
634	1555
622	1193
572	1362
143	1449
116	1397
134	1402
204	1482
492	1234
7	1426
635	1389
1013	1175
216	1148
110	1271
197	1510
1029	1121
162	1372
311	1515
651	1345
1119	1261
1073	1316
1076	1355
534	1340
148	1212
807	1264
501	1202
7	1240
340	1258
1032	1210
550	1168
44	1550
1063	1537
405	1392
433	1217
504	1216
285	1518
114	1489
478	1391
573	1274
930	1164
1021	1179
507	1490
798	1289
865	1140
685	1251
734	1132
902	1368
646	1390
654	1541
955	1533
6	1501
1023	1502
991	1358
32	1406
350	1431
587	1334
837	1186
924	1311
173	1381
832	1254
139	1478
210	1395
1092	1547
489	1206
101	1131
688	1397
949	1336
765	1433
487	1368
983	1425
1008	1472
244	1348
163	1294
339	1193
999	1128
904	1390
382	1522
113	1152
499	1521
1082	1544
1047	1523
636	1199
849	1168
1092	1493
913	1272
19	1468
661	1221
505	1275
475	1464
927	1207
237	1201
186	1160
796	1265
446	1528
873	1133
360	1142
1058	1412
955	1182
911	1513
361	1495
148	1386
863	1528
1066	1441
8	1414
576	1138
1068	1400
657	1152
330	1135
988	1315
213	1285
805	1305
1105	1326
958	1442
337	1543
392	1309
899	1179
980	1255
930	1156
967	1304
756	1550
981	1365
251	1520
737	1503
650	1331
1069	1328
340	1321
150	1141
663	1300
234	1128
338	1140
441	1370
901	1137
439	1483
951	1149
103	1467
245	1346
655	1268
151	1560
625	1407
735	1551
704	1238
163	1362
813	1363
441	1287
349	1399
785	1338
188	1456
238	1235
770	1518
37	1120
493	1415
199	1436
65	1421
711	1196
858	1553
517	1423
711	1318
1109	1125
783	1267
982	1549
884	1486
183	1501
938	1215
281	1438
588	1480
612	1511
597	1389
267	1375
281	1387
683	1265
549	1171
703	1220
28	1180
144	1523
29	1216
1035	1562
469	1520
356	1276
747	1351
971	1183
542	1500
718	1439
861	1475
827	1401
92	1127
41	1495
1024	1509
917	1273
591	1200
138	1146
916	1376
341	1263
1078	1406
906	1190
362	1516
360	1470
310	1506
668	1231
414	1341
474	1345
877	1563
706	1152
957	1469
57	1213
778	1143
464	1527
58	1472
342	1324
205	1517
575	1319
454	1428
944	1347
693	1147
856	1391
585	1476
786	1211
754	1429
875	1394
412	1243
381	1274
702	1402
985	1141
571	1435
1050	1227
500	1312
290	1191
1067	1228
255	1388
560	1224
241	1319
1061	1403
548	1486
663	1245
1072	1228
29	1430
592	1558
53	1402
964	1380
1	1430
966	1454
285	1435
851	1364
297	1489
506	1291
456	1418
551	1288
1077	1197
539	1380
345	1502
794	1370
750	1559
723	1255
553	1209
626	1336
519	1306
156	1371
707	1215
1087	1511
391	1462
228	1451
942	1338
672	1139
227	1536
554	1189
844	1165
1056	1320
1002	1302
602	1231
606	1527
469	1444
1080	1539
28	1371
5	1455
230	1454
471	1181
276	1557
787	1343
1024	1418
1101	1368
38	1278
864	1282
685	1435
789	1120
920	1379
929	1213
586	1558
383	1290
920	1262
452	1120
545	1303
814	1226
215	1300
409	1566
103	1206
379	1211
840	1470
970	1347
578	1475
646	1340
861	1247
264	1309
995	1287
564	1463
107	1293
1075	1511
721	1263
921	1367
773	1363
531	1228
205	1410
597	1144
790	1497
380	1415
336	1425
769	1382
829	1212
815	1285
280	1232
816	1543
1087	1369
736	1217
529	1561
1064	1314
506	1294
690	1451
149	1133
440	1414
184	1277
808	1453
1110	1399
623	1162
460	1550
317	1523
732	1384
712	1195
516	1190
838	1327
514	1229
173	1383
982	1181
61	1415
10	1320
11	1264
71	1505
309	1344
486	1250
399	1257
941	1386
12	1508
891	1365
107	1494
976	1407
1001	1333
608	1248
282	1381
258	1261
674	1503
784	1149
403	1162
222	1482
477	1384
509	1307
914	1484
14	1229
470	1448
633	1361
868	1273
1108	1330
825	1508
1098	1292
848	1181
848	1299
734	1206
1014	1253
971	1474
96	1560
761	1344
527	1322
438	1230
680	1234
251	1567
567	1277
537	1260
227	1514
221	1151
152	1171
357	1200
269	1149
462	1528
1040	1531
866	1467
1070	1132
22	1432
860	1198
569	1380
823	1327
345	1332
873	1225
548	1120
416	1173
1095	1242
497	1369
357	1442
1050	1285
973	1267
355	1309
978	1373
312	1473
972	1491
406	1375
603	1149
566	1437
286	1400
647	1254
1117	1527
565	1469
713	1427
850	1338
79	1466
874	1417
355	1271
146	1532
1094	1150
596	1393
322	1541
611	1337
36	1526
210	1413
387	1498
851	1520
325	1253
458	1558
30	1485
277	1299
924	1208
915	1449
495	1444
339	1352
347	1484
893	1194
79	1205
244	1521
428	1174
20	1258
656	1143
496	1139
574	1378
1022	1175
206	1260
931	1450
242	1191
572	1349
213	1551
263	1409
2	1262
630	1341
767	1383
901	1278
610	1391
899	1357
250	1224
1032	1233
841	1443
123	1223
818	1169
330	1209
589	1344
950	1460
578	1511
517	1503
702	1462
628	1276
461	1246
436	1504
951	1296
16	1534
322	1500
643	1176
817	1459
703	1241
1064	1171
4	1418
74	1293
1113	1425
194	1148
989	1144
768	1453
706	1514
456	1345
827	1243
304	1466
692	1221
909	1128
319	1123
993	1267
1005	1195
651	1145
1065	1246
666	1158
782	1388
882	1458
220	1129
308	1239
140	1461
537	1152
967	1256
1044	1403
1036	1390
383	1251
1042	1382
369	1275
892	1426
261	1300
681	1287
270	1394
223	1194
24	1216
49	1421
185	1214
11	1480
221	1512
661	1431
524	1324
408	1187
559	1529
47	1188
207	1249
328	1193
1046	1426
751	1357
594	1472
419	1343
961	1204
135	1148
218	1146
907	1352
453	1561
726	1488
326	1405
741	1334
581	1515
879	1392
388	1198
1102	1353
293	1457
445	1505
725	1560
941	1457
44	1446
371	1324
97	1336
3	1172
629	1308
503	1419
375	1357
246	1455
197	1340
37	1509
292	1150
283	1534
298	1548
167	1487
793	1307
562	1490
76	1241
817	1225
283	1423
788	1426
853	1121
686	1147
966	1172
936	1280
991	1343
51	1281
757	1244
64	1295
131	1225
26	1230
618	1289
581	1507
593	1211
169	1535
273	1146
925	1398
636	1554
122	1422
1106	1264
812	1562
155	1189
432	1334
1116	1240
36	1562
389	1232
1069	1183
450	1557
411	1367
586	1374
480	1177
875	1166
264	1447
69	1524
887	1471
669	1271
728	1154
17	1521
986	1403
128	1281
279	1357
746	1525
1115	1287
894	1361
1016	1520
446	1499
1023	1368
55	1238
13	1501
779	1224
132	1410
120	1434
81	1376
963	1378
24	1204
375	1252
1043	1490
996	1144
568	1437
232	1311
689	1436
590	1147
719	1410
63	1238
256	1292
1021	1512
59	1124
472	1269
946	1178
881	1310
968	1377
112	1226
351	1462
528	1398
870	1278
510	1427
499	1535
947	1166
1112	1371
880	1473
648	1416
793	1307
992	1477
659	1561
9	1292
91	1409
42	1281
688	1134
141	1341
1060	1387
228	1262
453	1544
538	1327
721	1506
488	1522
336	1244
644	1318
236	1476
473	1299
933	1453
440	1452
196	1315
179	1484
1086	1509
690	1418
602	1365
1077	1473
709	1153
878	1416
130	1280
298	1507
579	1505
1083	1316
0	1554
254	1158
305	1381
460	1230
1055	1449
239	1403
555	1548
645	1423
186	1264
59	1394
278	1304
87	1339
426	1351
822	1397
1037	1424
811	1271
165	1363
90	1278
1072	1541
118	1436
411	1274
1007	1351
450	1320
876	1165
1063	1401
125	1146
804	1438
162	1210
535	1399
532	1311
999	1197
1114	1231
391	1547
984	1323
288	1301
649	1252
894	1180
161	1253
405	1275
33	1214
748	1448
195	1429
757	1259
418	1437
984	1341
372	1377
420	1159
60	1345
259	1153
14	1406
89	1263
579	1405
238	1500
9	1205
22	1501
745	1387
775	1351
160	1566
68	1539
1083	1509
1015	1454
763	1537
295	1356
464	1274
641	1436
746	1377
628	1479
133	1556
821	1223
847	1408
616	1181
653	1461
521	1365
314	1529
30	1225
936	1469
46	1161
1109	1282
584	1474
147	1176
806	1162
621	1277
1099	1528
62	1234
624	1320
142	1242
543	1533
532	1247
749	1396
273	1428
871	1205
1019	1461
665	1179
858	1275
615	1346
359	1168
503	1326
614	1459
862	1301
394	1192
912	1145
681	1519
33	1130
216	1556
191	1526
1104	1302
274	1166
70	1145
515	1364
484	1259
1041	1237
799	1467
1068	1502
933	1366
458	1232
911	1431
1020	1324
676	1169
871	1208
775	1496
874	1191
981	1360
117	1246
779	1286
761	1483
201	1525
118	1481
256	1443
53	1342
855	1484
296	1401
71	1290
593	1548
717	1513
571	1182
870	1495
415	1562
587	1374
897	1178
554	1142
763	1531
1112	1156
121	1455
753	1260
291	1555
359	1487
105	1563
513	1389
784	1401
731	1421
671	1454
70	1255
838	1353
658	1247
380	1462
353	1439
621	1400
459	1479
50	1174
354	1539
402	1144
588	1405
47	1268
653	1217
229	1355
975	1298
836	1325
832	1204
905	1443
835	1485
455	1331
329	1140
977	1192
518	1131
768	1164
220	1184
491	1433
35	1136
824	1212
266	1292
377	1532
198	1385
1091	1188
885	1241
828	1404
418	1504
673	1283
344	1450
1000	1172
429	1465
826	1546
1004	1171
25	1444
1019	1466
945	1531
320	1405
684	1331
1017	1402
616	1314
895	1183
679	1450
819	1245
600	1370
479	1352
465	1199
627	1332
468	1350
488	1348
183	1136
854	1174
1094	1497
675	1157
918	1430
249	1434
180	1456
192	1430
842	1137
715	1161
755	1488
535	1150
2	1416
421	1347
1048	1284
396	1157
654	1518
682	1319
234	1295
126	1333
669	1195
960	1250
1036	1201
830	1492
19	1334
701	1287
615	1137
140	1268
1062	1163
939	1432
1103	1507
553	1187
510	1283
54	1335
954	1475
564	1373
522	1259
769	1469
265	1250
257	1410
869	1239
575	1145
562	1508
102	1452
1029	1372
803	1415
247	1546
1039	1216
104	1542
908	1151
248	1566
883	1162
801	1315
455	1484
739	1414
592	1191
1056	1486
839	1471
331	1440
682	1412
888	1529
903	1538
40	1279
1117	1486
1017	1441
880	1398
211	1418
945	1136
1097	1194
263	1453
392	1522
214	1239
893	1492
910	1516
1033	1530
926	1417
882	1317
171	1471
929	1354
965	1179
1022	1188
531	1392
664	1304
1110	1526
620	1439
854	1350
170	1482
120	1425
45	1419
656	1411
41	1245
604	1450
99	1323
93	1233
977	1546
187	1122
1009	1466
907	1297
325	1531
111	1362
533	1229
505	1203
1075	1409
1031	1394
303	1131
1037	1340
629	1243
561	1343
443	1480
540	1290
948	1485
1062	1304
352	1235
1111	1386
128	1530
719	1354
90	1291
32	1246
429	1207
437	1466
573	1349
208	1177
400	1440
946	1492
142	1230
613	1445
413	1243
934	1376
1028	1547
159	1491
1001	1416
716	1330
436	1504
438	1555
596	1393
350	1446
193	1501
109	1483
158	1367
91	1127
896	1322
6	1278
801	1342
780	1521
612	1443
171	1305
1010	1186
856	1525
49	1190
846	1517
316	1244
95	1458
552	1499
321	1305
574	1458
1028	1253
742	1537
294	1516
547	1177
457	1512
953	1556
1038	1325
126	1158
519	1364
351	1512
342	1130
75	1227
744	1447
114	1329
280	1175
556	1438
607	1446
1096	1197
846	1366
547	1256
321	1342
932	1284
737	1354
735	1555
463	1231
187	1269
57	1550
944	1464
434	1472
675	1183
708	1234
729	1266
294	1518
152	1129
764	1434
301	1290
694	1147
997	1306
177	1199
54	1318
570	1444
349	1487
926	1187
895	1339
286	1489
551	1472
452	1496
61	1169
400	1316
153	1306
523	1200
427	1288
1053	1137
94	1257
8	1265
740	1309
1003	1380
580	1560
492	1372
366	1482
99	1337
461	1321
462	1530
942	1410
407	1130
541	1160
63	1199
927	1401
609	1332
1026	1322
673	1196
190	1261
1011	1270
759	1519
275	1392
172	1348
300	1330
313	1517
797	1367
512	1134
67	1525
115	1318
745	1198
259	1165
852	1456
433	1349
822	1381
662	1297
68	1249
760	1218
496	1526
526	1202
204	1386
212	1530
914	1143
969	1412
77	1214
722	1218
50	1375
867	1542
696	1235
514	1134
31	1176
108	1431
365	1237
424	1203
74	1289
348	1260
287	1441
560	1354
136	1251
93	1379
1002	1384
466	1321
94	1424
751	1132
419	1294
687	1142
900	1465
56	1465
922	1385
670	1427
439	1250
34	1236
67	1282
486	1388
536	1211
363	1266
508	1474
224	1370
275	1232
585	1567
512	1141
878	1381
696	1495
145	1433
96	1256
146	1550
211	1463
1053	1242
432	1480
293	1499
5	1558
502	1360
425	1336
925	1496
181	1473
266	1121
910	1267
639	1319
1025	1257
48	1203
270	1284
867	1552
175	1213
872	1497
815	1560
1035	1195
666	1515
1103	1445
780	1314
762	1417
962	1246
541	1565
634	1133
1085	1222
195	1522
495	1427
132	1270
563	1338
494	1184
533	1188
102	1491
903	1513
665	1175
799	1126
743	1174
311	1493
1093	1535
292	1169
354	1366
21	1559
242	1151
1004	1308
845	1193
794	1543
145	1315
928	1266
72	1407
655	1219
678	1122
189	1261
1025	1527
805	1223
241	1446
23	1132
1052	1235
203	1446
408	1457
695	1247
699	1321
824	1373
555	1399
243	1441
952	1553
248	1159
605	1256
733	1535
202	1556
214	1476
539	1491
680	1186
582	1204
147	1333
667	1201
166	1557
855	1310
192	1459
223	1153
521	1542
284	1468
188	1185
390	1391
139	1155
918	1545
299	1467
164	1173
353	1411
48	1358
716	1463
194	1272
177	1361
886	1475
625	1411
178	1167
1045	1333
947	1215
1010	1120
774	1219
943	1244
558	1493
771	1170
271	1214
722	1488
904	1353
912	1347
791	1305
153	1398
157	1419
842	1303
787	1213
215	1384
756	1372
928	1190
807	1149
1095	1206
994	1238
691	1339
385	1154
316	1273
766	1170
609	1317
226	1125
1079	1223
