mmer1	mmer2
394	1287
79	1333
321	1562
457	1452
296	1512
852	1292
432	1159
577	1527
1112	1347
504	1456
506	1397
266	1379
958	1188
967	1284
402	1187
563	1196
568	1425
1022	1269
53	1180
513	1176
999	1459
62	1229
199	1366
437	1193
239	1446
289	1216
976	1458
1088	1130
504	1284
358	1163
275	1265
134	1412
435	1520
286	1501
713	1203
129	1303
1089	1391
412	1271
446	1143
981	1455
955	1277
302	1211
964	1301
403	1319
188	1546
482	1259
702	1469
5	1508
75	1130
41	1412
818	1445
983	1566
105	1348
138	1488
640	1413
458	1390
659	1362
211	1472
319	1469
127	1344
767	1244
821	1219
756	1302
113	1460
747	1547
995	1174
326	1305
482	1362
963	1364
1022	1273
36	1517
729	1359
1070	1325
768	1152
588	1533
949	1466
160	1469
588	1351
68	1508
556	1391
708	1392
784	1278
1070	1271
824	1491
1059	1140
417	1385
97	1147
867	1549
589	1496
66	1530
711	1567
1117	1509
483	1145
973	1514
336	1402
343	1477
823	1434
830	1426
868	1278
906	1307
887	1467
977	1454
1086	1423
763	1256
734	1441
984	1475
27	1505
874	1490
560	1215
711	1560
722	1240
242	1468
272	1187
115	1391
822	1394
132	1145
516	1219
658	1207
110	1408
76	1413
685	1399
911	1232
725	1535
291	1486
947	1543
1017	1384
428	1186
35	1233
741	1321
37	1424
235	1421
619	1295
1002	1356
1099	1483
956	1504
947	1329
244	1201
262	1157
9	1250
364	1542
322	1311
905	1408
123	1272
594	1290
1020	1433
1026	1492
1095	1526
725	1503
293	1441
755	1480
859	1196
532	1407
758	1290
450	1310
43	1456
338	1434
882	1235
689	1475
717	1299
175	1221
723	1315
822	1367
59	1274
841	1439
526	1192
910	1555
403	1148
729	1511
200	1182
289	1486
798	1345
1063	1444
189	1267
1098	1478
989	1232
768	1385
177	1414
279	1547
60	1465
1108	1193
26	1394
1119	1249
1090	1303
509	1242
985	1179
67	1512
233	1505
401	1138
212	1372
854	1563
70	1551
802	1554
317	1393
960	1435
487	1400
41	1555
223	1531
917	1472
49	1377
100	1388
31	1153
921	1270
560	1357
636	1444
605	1211
908	1407
440	1557
450	1280
411	1215
813	1137
476	1192
732	1213
986	1212
1093	1187
867	1334
706	1381
858	1214
602	1281
546	1135
875	1478
216	1138
296	1297
1076	1319
731	1140
973	1134
378	1314
1074	1445
202	1402
1028	1323
704	1189
634	1209
259	1330
143	1193
412	1246
497	1382
1036	1143
633	1161
407	1358
542	1341
715	1324
645	1289
970	1141
616	1516
276	1262
997	1248
991	1484
2	1250
28	1562
505	1474
835	1276
873	1271
85	1392
783	1278
724	1261
923	1213
520	1354
1102	1162
553	1447
120	1133
595	1146
320	1292
575	1298
526	1254
58	1387
618	1515
628	1338
586	1296
499	1185
1044	1242
295	1277
454	1248
1103	1470
646	1210
7	1136
871	1261
118	1485
251	1320
83	1524
994	1403
686	1140
829	1183
280	1348
995	1521
25	1564
785	1442
335	1372
88	1150
192	1192
746	1297
598	1534
285	1138
999	1223
844	1166
174	1158
65	1150
57	1552
754	1468
957	1341
532	1281
486	1315
476	1177
271	1287
936	1418
238	1467
581	1315
1117	1142
705	1165
255	1232
530	1500
845	1445
223	1386
539	1198
451	1488
78	1527
293	1183
30	1225
74	1517
310	1439
775	1467
131	1149
67	1227
550	1472
549	1217
221	1236
621	1524
1014	1405
307	1497
759	1450
250	1294
649	1461
842	1221
852	1389
1097	1256
182	1551
976	1549
636	1536
387	1362
832	1275
207	1540
254	1164
610	1229
449	1176
441	1422
1018	1536
1037	1451
891	1440
92	1255
668	1565
713	1298
1006	1297
586	1358
239	1304
323	1147
362	1160
182	1512
795	1382
778	1352
169	1279
926	1256
1010	1369
177	1312
277	1193
406	1338
1081	1481
899	1312
492	1302
276	1368
1024	1321
887	1524
1030	1303
801	1247
553	1366
498	1367
656	1317
946	1415
757	1408
917	1185
227	1326
1011	1213
355	1144
258	1219
781	1429
661	1306
577	1497
948	1139
621	1248
808	1222
94	1343
237	1399
573	1174
901	1240
903	1527
310	1132
722	1309
318	1268
154	1222
855	1293
12	1307
1110	1334
398	1135
25	1447
786	1145
79	1509
635	1132
988	1199
457	1244
754	1473
809	1450
697	1239
564	1407
222	1298
817	1526
759	1401
43	1557
266	1218
826	1294
373	1144
216	1401
247	1330
652	1430
814	1361
1029	1382
996	1395
829	1463
6	1400
187	1200
367	1120
724	1336
246	1371
411	1199
77	1270
253	1331
619	1217
0	1499
1077	1150
185	1544
413	1480
186	1480
827	1191
314	1126
257	1510
767	1121
726	1325
757	1499
550	1416
960	1360
28	1364
1082	1367
14	1218
502	1415
475	1275
342	1250
919	1152
632	1392
154	1190
881	1360
241	1264
479	1262
676	1338
347	1124
1056	1368
689	1122
835	1198
347	1277
321	1149
280	1481
617	1494
916	1337
580	1161
1065	1327
291	1243
789	1493
700	1137
361	1527
508	1454
489	1300
604	1351
578	1505
907	1386
607	1264
1015	1180
847	1169
1007	1318
955	1470
799	1259
324	1184
245	1311
1004	1405
533	1245
773	1496
383	1222
639	1165
131	1438
782	1416
349	1185
788	1159
534	1502
1027	1404
151	1273
218	1151
145	1267
248	1411
146	1552
718	1539
593	1285
770	1341
915	1205
11	1223
492	1508
86	1430
330	1394
335	1189
491	1284
679	1552
1071	1378
620	1386
478	1240
219	1317
751	1169
557	1443
821	1171
544	1471
415	1156
872	1378
141	1173
21	1549
641	1359
1041	1440
1013	1243
831	1310
511	1360
499	1197
452	1433
167	1375
653	1516
694	1511
666	1500
576	1197
264	1341
522	1359
853	1261
54	1154
1109	1167
580	1236
1021	1139
661	1319
463	1412
339	1250
665	1260
383	1282
551	1432
167	1466
89	1284
906	1520
990	1358
434	1276
273	1283
439	1531
925	1300
632	1544
782	1279
709	1457
89	1567
778	1162
249	1245
631	1393
704	1445
340	1229
788	1331
942	1323
396	1365
478	1204
838	1322
405	1342
525	1237
436	1551
940	1260
974	1373
941	1432
348	1312
288	1500
501	1390
1104	1488
302	1483
45	1283
817	1493
904	1476
336	1429
890	1505
258	1554
787	1128
1025	1425
87	1393
101	1482
743	1325
922	1376
934	1397
521	1272
566	1247
308	1525
909	1522
1071	1125
365	1384
688	1208
552	1249
45	1313
659	1454
345	1372
420	1146
1080	1399
801	1268
179	1549
741	1464
146	1465
171	1143
696	1316
480	1182
263	1224
680	1238
581	1177
554	1460
965	1327
68	1499
579	1271
376	1380
393	1176
511	1157
901	1372
721	1306
1040	1289
442	1221
1046	1529
101	1413
644	1544
472	1475
434	1563
9	1479
393	1356
905	1208
194	1537
363	1169
57	1490
431	1458
78	1347
380	1504
848	1413
248	1436
207	1282
920	1333
544	1231
106	1342
823	1368
40	1494
585	1295
902	1376
228	1198
1062	1419
1094	1164
701	1367
1054	1379
283	1447
662	1330
665	1434
259	1421
228	1416
122	1255
613	1193
589	1266
416	1518
677	1265
169	1567
65	1567
8	1221
637	1453
1004	1476
753	1357
74	1464
55	1205
250	1167
82	1545
1066	1564
170	1399
270	1168
85	1426
111	1220
136	1438
359	1178
655	1207
611	1364
418	1161
625	1519
807	1208
951	1252
1106	1526
929	1551
1048	1366
543	1159
507	1327
585	1437
965	1371
624	1525
459	1126
7	1240
287	1299
354	1358
844	1354
924	1529
954	1400
166	1220
331	1458
135	1467
322	1199
624	1237
1100	1528
176	1370
137	1342
194	1210
682	1196
627	1530
774	1354
987	1124
356	1278
275	1200
35	1168
707	1485
790	1511
148	1494
602	1463
535	1427
487	1228
82	1326
1042	1477
870	1255
527	1427
119	1459
771	1227
54	1287
386	1208
513	1555
241	1296
941	1513
1091	1198
402	1347
442	1331
91	1164
475	1274
121	1259
646	1250
798	1443
1021	1215
886	1352
562	1330
62	1310
666	1323
967	1123
974	1178
162	1537
644	1357
895	1543
552	1131
706	1239
1107	1403
731	1231
400	1469
425	1489
547	1171
1105	1539
325	1185
937	1426
1118	1545
888	1364
813	1266
424	1453
378	1499
388	1277
76	1562
274	1494
63	1350
418	1425
591	1257
193	1183
841	1335
505	1156
16	1258
1034	1532
1035	1216
156	1553
106	1503
932	1252
596	1318
164	1154
328	1356
468	1540
717	1133
979	1514
214	1401
372	1339
397	1480
1040	1137
22	1387
652	1455
226	1397
29	1331
203	1167
451	1537
1119	1289
664	1284
109	1373
83	1248
631	1127
959	1339
375	1260
10	1563
904	1421
710	1204
449	1523
178	1309
238	1458
1063	1472
1057	1375
19	1384
742	1489
592	1383
309	1420
415	1286
92	1554
1030	1420
830	1336
4	1257
984	1346
118	1441
545	1451
319	1214
72	1423
1024	1479
922	1451
780	1292
953	1290
382	1271
938	1541
308	1350
80	1433
408	1274
379	1415
303	1156
609	1195
316	1375
157	1420
334	1417
405	1181
186	1498
305	1195
481	1326
465	1309
1064	1437
764	1293
32	1249
818	1129
969	1143
15	1437
51	1177
657	1395
651	1153
464	1548
667	1314
614	1461
292	1452
390	1163
39	1388
865	1333
309	1124
978	1212
825	1281
1055	1515
479	1428
122	1370
927	1391
868	1481
733	1304
939	1392
745	1395
366	1378
744	1529
1081	1365
1043	1495
235	1523
75	1210
14	1383
721	1326
897	1473
243	1438
237	1209
269	1536
460	1491
217	1205
488	1354
404	1506
748	1130
886	1140
1058	1265
654	1251
270	1446
120	1322
1012	1228
497	1387
181	1524
637	1511
429	1501
128	1436
447	1532
495	1321
828	1523
447	1532
236	1314
594	1513
196	1562
433	1146
370	1121
490	1487
141	1485
33	1153
494	1173
240	1472
647	1515
863	1158
468	1234
158	1166
304	1138
898	1120
47	1390
629	1237
128	1128
1102	1566
465	1221
1079	1134
422	1179
879	1376
339	1511
140	1425
836	1322
691	1499
743	1560
267	1239
1023	1338
312	1195
930	1182
1048	1340
514	1389
1002	1546
538	1457
348	1303
1018	1463
1043	1253
608	1406
991	1263
672	1309
466	1330
1009	1429
325	1490
512	1147
114	1261
384	1258
1008	1184
369	1440
1065	1159
225	1253
69	1423
224	1134
658	1206
634	1255
452	1455
360	1272
776	1460
979	1136
444	1148
744	1296
130	1141
572	1229
705	1288
168	1397
1083	1329
857	1253
720	1223
684	1558
90	1547
583	1495
425	1144
540	1305
1050	1202
517	1225
674	1409
455	1237
797	1456
612	1427
64	1279
1108	1498
365	1396
438	1241
1069	1496
180	1153
953	1436
1033	1434
61	1565
353	1307
531	1155
208	1353
509	1262
1113	1324
404	1447
982	1491
675	1463
597	1310
593	1349
650	1503
397	1349
870	1558
978	1245
422	1251
715	1160
695	1186
1101	1355
574	1228
656	1480
815	1533
869	1550
614	1213
220	1529
1062	1320
157	1492
547	1373
630	1488
575	1455
121	1508
942	1212
833	1423
690	1462
278	1181
510	1510
1003	1424
811	1172
1020	1179
190	1471
951	1541
562	1337
921	1167
311	1245
1007	1243
387	1417
565	1155
473	1467
793	1214
623	1430
842	1205
925	1313
1001	1299
733	1548
851	1139
1084	1425
204	1158
379	1226
1066	1266
19	1296
119	1362
117	1431
279	1181
961	1263
1060	1157
56	1534
233	1449
730	1264
687	1130
945	1298
263	1305
855	1538
344	1134
548	1448
1013	1398
1097	1463
609	1402
453	1302
163	1354
341	1452
769	1259
935	1450
86	1431
105	1130
299	1369
876	1299
1072	1191
787	1127
313	1532
103	1133
392	1443
536	1553
789	1403
524	1555
1032	1280
435	1227
377	1462
430	1400
33	1444
899	1409
587	1235
897	1191
1045	1543
989	1450
203	1149
558	1513
527	1313
385	1416
21	1560
394	1371
1059	1502
295	1468
368	1410
1057	1165
803	1135
1041	1154
903	1474
629	1501
462	1464
1068	1302
678	1125
851	1188
272	1411
445	1558
727	1481
294	1409
752	1317
900	1128
950	1335
225	1413
839	1216
355	1448
29	1446
503	1479
304	1408
856	1343
625	1395
506	1180
690	1474
230	1290
961	1387
96	1247
761	1477
16	1164
522	1262
375	1494
523	1361
71	1172
267	1184
804	1256
963	1405
810	1366
219	1304
723	1156
850	1401
15	1201
139	1319
198	1538
44	1386
440	1462
924	1162
866	1464
71	1427
862	1127
780	1294
933	1526
510	1536
48	1192
31	1383
294	1293
663	1187
281	1527
396	1397
32	1344
458	1301
910	1234
204	1552
895	1419
595	1563
436	1482
639	1470
1103	1345
1025	1190
728	1157
63	1482
600	1146
793	1520
1038	1440
1093	1308
190	1136
22	1382
6	1225
561	1170
819	1433
750	1129
112	1403
87	1410
93	1145
746	1550
520	1285
882	1256
805	1137
1	1460
559	1227
688	1564
255	1214
779	1332
816	1382
794	1513
1118	1539
761	1174
34	1269
232	1337
247	1417
245	1564
985	1430
13	1489
298	1161
350	1435
987	1288
24	1244
52	1414
508	1374
160	1123
601	1436
564	1310
419	1172
116	1526
1049	1503
206	1285
626	1241
229	1432
944	1426
173	1332
352	1454
1072	1380
314	1329
260	1386
774	1181
84	1474
826	1484
155	1215
620	1267
1044	1497
50	1170
351	1141
849	1230
438	1355
211	1351
460	1335
735	1520
174	1178
802	1260
227	1363
271	1453
669	1170
98	1189
477	1358
603	1253
913	1348
1053	1487
1000	1498
81	1219
346	1502
424	1121
125	1212
804	1306
312	1274
40	1479
150	1203
288	1441
481	1439
431	1372
662	1322
471	1396
164	1213
334	1459
912	1545
561	1442
391	1484
461	1233
77	1422
264	1244
682	1182
642	1454
1035	1209
674	1163
583	1383
358	1523
543	1533
1096	1465
748	1236
935	1175
485	1125
783	1238
461	1288
443	1254
69	1251
612	1241
837	1475
143	1349
44	1265
175	1207
1023	1374
1089	1410
159	1452
1091	1505
616	1225
407	1202
58	1392
677	1167
252	1445
277	1528
1037	1566
598	1544
1115	1331
399	1418
5	1328
429	1124
638	1224
525	1320
931	1504
718	1317
937	1355
538	1166
891	1346
123	1149
655	1406
516	1126
303	1471
48	1565
699	1462
179	1509
1031	1415
896	1206
738	1268
445	1303
811	1510
124	1194
772	1148
98	1504
1069	1132
423	1231
565	1427
799	1429
61	1416
398	1328
541	1155
945	1304
210	1523
500	1545
866	1286
668	1498
907	1176
858	1404
709	1300
809	1150
777	1403
84	1410
389	1504
152	1444
875	1517
932	1482
162	1293
313	1567
766	1550
667	1417
490	1223
696	1131
115	1559
126	1377
372	1252
124	1234
341	1341
501	1344
173	1431
943	1428
1028	1308
454	1206
843	1230
795	1339
944	1409
626	1555
551	1273
812	1210
653	1258
112	1377
256	1561
4	1343
1056	1218
604	1559
1052	1389
221	1332
328	1510
1046	1290
498	1348
740	1218
797	1214
627	1514
1067	1311
147	1377
60	1178
108	1556
1075	1353
885	1349
38	1230
749	1308
433	1261
881	1266
708	1478
859	1158
2	1316
168	1210
977	1553
726	1152
756	1554
265	1559
1068	1373
392	1460
1112	1389
257	1363
1076	1437
739	1516
1104	1559
643	1563
599	1200
253	1506
493	1165
786	1270
680	1419
273	1289
846	1340
608	1353
1082	1306
205	1346
500	1289
909	1309
839	1175
409	1120
463	1550
400	1176
474	1440
236	1446
201	1531
215	1366
231	1406
568	1432
357	1320
878	1242
792	1456
135	1251
1092	1387
693	1135
232	1486
256	1539
290	1168
728	1336
1096	1359
30	1123
467	1356
698	1487
670	1151
600	1321
622	1316
1053	1390
697	1429
366	1308
719	1483
807	1434
1113	1174
480	1246
558	1239
443	1379
214	1136
340	1542
1064	1551
872	1212
638	1532
996	1281
192	1417
794	1466
880	1556
349	1122
423	1151
966	1243
992	1411
555	1207
805	1393
265	1549
877	1322
648	1483
791	1133
694	1178
1050	1544
150	1161
166	1245
988	1276
673	1364
736	1519
453	1548
1085	1218
50	1424
896	1194
545	1522
1047	1538
20	1324
297	1172
53	1281
11	1418
850	1206
134	1545
810	1541
712	1438
360	1124
647	1125
878	1428
832	1565
1098	1488
834	1179
549	1385
73	1558
753	1342
414	1459
491	1334
521	1333
1080	1476
95	1369
359	1235
843	1332
765	1389
354	1238
370	1138
648	1411
222	1506
127	1437
860	1452
66	1329
324	1384
196	1175
240	1340
834	1495
831	1202
395	1414
968	1439
206	1424
242	1424
1011	1147
80	1268
114	1506
671	1516
234	1132
796	1521
518	1516
395	1352
191	1380
34	1156
742	1194
877	1153
546	1449
1084	1282
615	1431
699	1446
523	1129
176	1495
368	1223
198	1419
800	1461
456	1490
765	1260
12	1500
421	1379
410	1320
170	1442
760	1308
10	1456
315	1470
305	1430
591	1204
528	1173
381	1497
390	1385
144	1409
701	1217
426	1522
3	1291
153	1383
719	1241
13	1299
184	1512
210	1183
1086	1235
986	1323
529	1123
883	1525
931	1230
962	1449
994	1489
133	1183
483	1200
993	1191
202	1363
327	1241
99	1537
579	1518
542	1351
703	1295
1003	1336
672	1312
738	1540
193	1122
613	1428
178	1370
827	1269
311	1286
199	1396
290	1199
163	1233
864	1407
36	1172
116	1376
161	1492
914	1196
949	1313
735	1318
420	1421
854	1498
535	1342
1094	1509
1019	1324
635	1248
948	1540
229	1283
982	1538
916	1513
484	1492
654	1123
838	1362
1078	1402
893	1230
596	1160
640	1160
611	1390
673	1462
104	1315
888	1228
911	1491
683	1139
376	1507
1051	1255
966	1328
260	1422
1073	1187
1019	1378
332	1420
820	1189
732	1157
954	1273
477	1199
837	1295
567	1384
326	1145
573	1374
515	1407
1095	1137
1087	1205
739	1368
968	1253
582	1357
796	1164
218	1208
502	1232
413	1396
681	1345
934	1519
1049	1286
853	1300
38	1272
49	1141
494	1216
771	1493
865	1561
983	1203
1006	1165
569	1197
622	1279
283	1520
785	1350
576	1365
301	1285
950	1202
17	1359
323	1186
107	1328
766	1235
301	1490
898	1135
833	1337
775	1251
97	1457
599	1247
930	1535
91	1329
603	1542
1008	1318
548	1353
23	1334
664	1466
292	1203
138	1197
900	1471
773	1418
37	1433
269	1142
871	1142
531	1393
820	1148
268	1304
518	1154
371	1398
514	1234
507	1394
781	1535
484	1173
938	1540
530	1216
1047	1380
100	1339
584	1371
997	1247
670	1155
716	1180
975	1280
1032	1411
181	1518
230	1514
282	1377
919	1373
172	1315
698	1483
416	1493
714	1473
153	1561
908	1242
1083	1298
421	1232
297	1215
151	1282
456	1477
329	1191
515	1381
769	1485
972	1553
488	1170
790	1412
890	1522
464	1122
156	1405
563	1448
1016	1475
990	1224
643	1184
913	1539
361	1294
1061	1461
327	1151
90	1530
357	1391
1111	1543
776	1556
217	1388
381	1297
758	1324
645	1177
555	1237
52	1360
980	1142
1034	1267
605	1497
1078	1272
539	1543
448	1484
195	1493
251	1435
462	1482
703	1177
584	1175
1027	1369
791	1273
519	1422
623	1521
740	1550
1105	1226
489	1283
970	1453
1085	1481
254	1323
367	1268
1	1305
892	1227
315	1186
828	1300
714	1275
495	1459
512	1127
519	1335
998	1136
363	1316
571	1233
720	1292
64	1155
212	1525
876	1188
333	1209
200	1327
1012	1305
1079	1270
578	1224
1101	1388
1009	1396
103	1370
346	1201
369	1406
628	1234
918	1207
1107	1343
517	1491
863	1448
812	1485
430	1374
329	1509
362	1556
534	1530
571	1476
185	1473
642	1270
737	1531
1038	1192
1029	1547
444	1211
159	1487
142	1360
1116	1514
958	1464
893	1519
8	1279
915	1146
109	1410
374	1500
470	1534
566	1186
155	1473
1015	1503
803	1533
180	1528
496	1275
606	1412
73	1287
747	1350
419	1546
730	1408
1010	1476
556	1222
117	1249
894	1125
320	1142
252	1166
188	1246
692	1395
274	1296
209	1345
824	1274
892	1402
1005	1278
883	1243
1016	1121
792	1120
869	1401
0	1385
1092	1365
946	1478
943	1561
630	1277
928	1370
848	1195
472	1556
391	1381
1026	1246
736	1282
770	1553
686	1363
286	1465
371	1332
1036	1487
691	1264
651	1343
306	1371
884	1246
998	1301
149	1560
912	1552
380	1297
208	1502
751	1477
1014	1566
125	1334
992	1311
1111	1313
187	1375
597	1518
129	1263
692	1307
353	1441
615	1510
685	1522
332	1169
956	1340
861	1506
1075	1252
111	1435
409	1536
132	1398
364	1335
42	1496
197	1422
126	1457
455	1436
964	1406
382	1415
446	1254
373	1325
39	1291
142	1521
205	1388
282	1562
849	1421
215	1381
432	1160
683	1347
389	1368
331	1346
20	1535
317	1534
862	1231
981	1453
23	1348
46	1242
972	1127
26	1557
93	1222
569	1548
695	1448
980	1400
27	1236
894	1318
144	1302
933	1200
861	1159
755	1439
1115	1352
889	1162
213	1365
889	1363
300	1512
1045	1414
750	1314
607	1307
56	1195
342	1264
1074	1217
570	1404
678	1367
195	1152
171	1276
417	1149
189	1288
1052	1478
493	1484
474	1131
784	1258
920	1468
88	1394
779	1275
764	1447
466	1240
693	1134
1005	1428
470	1554
752	1236
524	1431
172	1399
145	1537
529	1535
486	1163
439	1168
880	1443
671	1530
856	1344
590	1541
137	1280
874	1450
1061	1496
262	1316
1042	1398
712	1418
471	1533
1017	1432
197	1528
427	1162
873	1455
469	1144
268	1314
1106	1378
567	1154
993	1495
657	1204
618	1132
385	1231
158	1442
246	1129
473	1351
102	1548
1054	1470
148	1226
338	1559
816	1344
1114	1244
716	1306
808	1557
1100	1258
300	1144
352	1143
737	1356
587	1405
971	1239
299	1120
42	1198
840	1252
528	1346
337	1451
959	1435
772	1139
860	1414
95	1508
927	1489
298	1131
825	1171
183	1147
641	1163
806	1174
152	1325
763	1203
923	1444
727	1121
485	1128
406	1238
307	1468
113	1148
926	1190
316	1188
110	1521
570	1337
884	1321
244	1209
1114	1355
55	1451
537	1249
377	1345
399	1546
814	1546
590	1398
1109	1319
243	1257
902	1267
261	1133
617	1171
815	1519
136	1285
879	1524
1060	1449
679	1517
426	1357
700	1301
287	1259
140	1263
384	1458
94	1201
687	1566
939	1542
650	1287
330	1202
957	1352
278	1404
557	1361
554	1528
541	1122
684	1564
762	1180
351	1173
503	1375
191	1292
1099	1525
133	1269
344	1126
24	1294
1039	1201
427	1286
533	1442
707	1355
559	1317
1087	1311
864	1404
261	1501
749	1170
318	1381
107	1131
350	1220
914	1507
1077	1469
306	1254
574	1190
760	1561
885	1226
46	1233
734	1291
231	1254
1088	1426
130	1374
161	1534
224	1141
337	1518
1073	1340
249	1457
149	1515
676	1557
356	1419
819	1376
285	1461
675	1262
72	1507
441	1226
388	1541
845	1179
47	1291
333	1466
1058	1265
234	1220
284	1565
1031	1380
840	1507
51	1189
17	1420
81	1350
147	1479
102	1501
343	1515
408	1379
710	1128
410	1291
777	1224
220	1338
610	1175
108	1129
800	1423
929	1266
806	1257
1051	1184
209	1288
459	1283
96	1276
226	1169
846	1492
836	1327
414	1188
940	1211
582	1166
540	1465
1039	1542
1116	1438
537	1474
1001	1336
386	1301
975	1328
281	1449
139	1225
104	1220
70	1560
401	1190
201	1295
18	1339
633	1196
952	1347
857	1238
1033	1280
969	1269
971	1257
165	1507
669	1194
1055	1443
928	1168
165	1558
448	1471
702	1333
496	1181
847	1326
745	1150
3	1217
428	1182
663	1547
1067	1353
592	1229
962	1369
936	1211
1090	1126
762	1361
467	1349
952	1531
681	1486
59	1538
345	1204
572	1312
606	1206
601	1502
184	1228
469	1361
183	1529
536	1140
213	1185
1000	1158
660	1194
284	1151
660	1152
374	1486
437	1517
918	1197
99	1171
1110	1293
18	1219
649	1263
