mmer1	mmer2
173	344
78	329
194	309
11	380
84	384
216	322
38	366
129	306
26	358
169	310
131	291
217	359
250	337
103	328
186	326
184	300
225	358
268	362
38	370
219	299
116	354
45	376
39	331
150	361
101	342
17	326
201	327
190	349
3	355
273	391
87	300
189	285
60	343
66	316
28	284
165	320
106	328
15	315
147	377
139	285
234	297
223	372
227	339
272	305
242	283
240	355
79	367
128	365
272	338
204	353
215	339
70	289
232	295
94	374
194	306
265	326
30	302
258	377
262	370
246	348
118	329
204	377
14	318
104	386
76	349
130	356
277	347
166	297
212	329
245	319
112	334
213	298
21	314
19	310
232	311
121	389
206	340
234	299
156	311
55	309
237	359
74	346
96	314
64	296
177	317
186	340
42	354
147	323
157	316
190	322
235	387
92	387
119	312
111	378
271	368
238	345
257	284
243	308
140	316
230	295
127	373
277	365
7	383
63	338
0	335
206	355
219	388
260	347
20	360
221	369
274	292
260	368
33	308
120	340
71	368
107	330
152	327
156	328
25	374
231	330
22	286
84	334
261	379
153	313
150	366
167	378
211	288
229	324
270	281
180	356
222	317
9	363
1	305
48	390
179	292
86	383
4	364
151	363
252	381
143	321
107	366
271	290
58	346
244	337
247	298
233	351
199	371
229	311
162	352
33	289
243	291
189	314
118	326
122	282
11	352
55	386
224	340
128	323
95	364
200	379
90	368
153	318
159	301
220	386
265	314
215	382
218	316
279	310
72	391
8	287
263	373
174	382
20	388
27	357
98	304
256	320
87	379
121	391
241	331
249	383
209	360
173	376
242	284
135	333
182	346
269	359
6	375
115	317
78	290
238	362
115	318
39	350
253	333
278	391
258	376
114	323
26	331
92	304
23	293
100	353
171	315
9	365
266	369
253	280
75	333
142	317
16	325
148	315
203	303
19	358
80	280
12	376
88	375
68	338
109	371
146	305
247	313
89	295
42	390
170	291
187	385
192	292
74	322
259	353
256	303
81	284
149	285
56	339
97	282
90	304
144	367
46	341
263	344
161	335
179	389
141	383
41	303
255	351
54	332
165	298
134	282
151	347
66	382
37	354
97	287
34	369
61	362
69	324
240	387
130	294
34	381
40	300
127	379
98	354
93	336
270	323
218	330
193	366
85	349
166	341
198	379
99	377
82	345
68	294
220	347
162	325
138	386
222	389
154	324
50	355
191	389
58	346
47	334
268	317
261	296
148	349
178	283
200	352
134	328
254	338
226	293
155	350
144	304
205	288
208	390
135	306
46	347
126	386
167	327
182	337
111	330
224	289
106	345
35	344
67	372
264	361
43	297
102	377
185	363
93	388
71	295
41	357
160	334
214	378
122	371
57	339
125	359
53	322
7	319
113	335
209	373
248	334
274	300
152	358
145	324
180	287
175	283
214	389
14	296
227	374
172	361
133	351
17	375
89	390
53	351
195	348
36	312
99	345
80	332
70	280
207	384
57	306
28	316
10	357
266	299
110	385
119	369
203	342
52	286
276	360
83	303
117	371
91	357
142	294
176	310
60	307
244	340
275	352
231	378
158	307
95	388
59	289
24	344
73	296
132	318
35	292
216	294
235	346
269	321
249	336
65	290
149	354
196	280
31	337
161	369
210	285
217	344
18	323
210	359
207	298
88	287
105	367
117	353
170	327
105	380
155	341
5	373
65	296
154	382
4	310
183	298
188	373
251	384
178	342
6	365
267	289
132	281
124	290
31	287
69	325
16	299
228	286
44	321
72	364
255	318
267	306
75	283
245	330
113	343
47	342
181	363
91	282
27	338
13	372
116	376
158	308
79	297
276	282
143	311
239	349
138	313
52	350
202	357
145	293
67	372
171	367
172	320
192	343
82	305
94	356
163	315
175	284
159	308
25	360
181	352
239	324
199	331
30	348
21	353
96	378
114	381
139	307
164	390
63	361
85	335
193	313
45	341
163	388
23	302
188	281
168	283
109	307
248	381
54	367
100	348
13	299
278	295
183	387
259	307
77	332
37	364
241	301
2	285
251	362
49	342
81	290
187	328
56	288
108	309
120	333
213	351
225	391
205	293
123	312
273	375
64	314
236	335
177	321
131	363
125	302
208	366
168	300
191	312
275	387
73	383
264	313
226	331
195	312
185	319
86	374
146	281
136	343
202	292
49	280
211	374
15	336
237	350
223	375
141	336
254	385
29	364
77	281
101	345
32	362
108	384
233	368
262	371
174	301
59	329
10	370
18	303
137	350
160	380
140	288
103	321
22	293
112	322
40	348
197	380
36	302
12	311
50	319
164	370
246	304
1	301
3	380
0	297
126	286
228	291
62	358
279	325
8	361
257	360
29	301
5	355
136	309
76	329
169	319
32	372
110	288
236	320
48	382
44	385
157	332
212	337
197	326
176	336
123	309
201	320
104	308
252	370
83	333
61	339
62	302
198	294
51	325
24	356
102	332
133	341
230	385
221	343
43	327
2	356
137	365
51	286
129	315
184	291
124	381
250	305
196	384
