mmer1	mmer2
1049	1462
505	1377
199	1270
638	1445
214	1159
89	1243
369	1433
139	1233
63	1535
542	1559
108	1364
490	1482
254	1215
795	1125
12	1309
405	1404
217	1376
17	1218
684	1253
847	1369
1073	1373
982	1412
1067	1385
1084	1180
152	1172
943	1307
905	1330
499	1477
914	1385
141	1401
234	1539
528	1390
423	1491
397	1470
259	1534
709	1125
109	1167
1015	1407
75	1461
858	1269
1014	1165
47	1185
268	1458
430	1425
972	1222
278	1363
229	1237
1008	1510
217	1407
793	1490
533	1552
788	1174
416	1279
1013	1129
244	1352
99	1310
722	1409
639	1161
915	1320
992	1214
839	1179
848	1155
8	1456
1039	1421
754	1429
675	1344
208	1249
112	1282
698	1478
88	1529
159	1460
225	1439
11	1436
596	1543
526	1140
484	1329
15	1349
50	1430
469	1197
150	1180
637	1484
105	1196
885	1128
394	1214
26	1264
186	1161
570	1305
95	1160
857	1319
692	1374
346	1473
1106	1234
626	1540
16	1553
772	1528
56	1126
424	1241
787	1367
515	1552
994	1438
637	1238
993	1502
938	1547
564	1400
114	1394
510	1515
49	1554
1029	1509
525	1481
425	1507
236	1361
144	1522
380	1369
198	1492
393	1231
668	1139
349	1503
966	1378
242	1346
792	1292
542	1266
296	1211
890	1416
151	1558
166	1382
11	1494
427	1423
602	1498
969	1219
32	1212
845	1505
253	1193
1108	1446
834	1470
331	1331
303	1259
720	1552
513	1226
1107	1312
1005	1559
888	1144
552	1136
66	1176
422	1309
939	1375
342	1317
278	1331
185	1444
550	1229
448	1439
248	1178
505	1494
697	1499
656	1550
1099	1535
403	1513
861	1160
881	1228
276	1201
250	1316
191	1483
937	1193
412	1325
123	1348
624	1126
448	1517
963	1224
136	1383
974	1565
464	1372
478	1452
354	1345
211	1183
880	1422
622	1153
704	1271
415	1344
282	1367
1112	1484
1097	1567
716	1472
512	1249
281	1539
206	1149
937	1226
1047	1269
805	1156
719	1404
631	1560
710	1522
234	1465
964	1314
400	1315
883	1270
761	1460
800	1555
1091	1162
128	1564
205	1335
1009	1257
1061	1384
951	1215
956	1132
697	1547
617	1428
1052	1507
450	1201
841	1316
837	1254
604	1543
985	1325
1063	1375
508	1511
42	1531
721	1284
832	1536
706	1276
674	1359
667	1157
561	1430
322	1436
728	1468
1082	1315
291	1240
664	1258
599	1529
928	1459
1057	1437
364	1366
644	1356
927	1391
699	1348
744	1159
412	1502
273	1524
578	1542
798	1300
350	1235
1050	1417
522	1178
789	1214
676	1308
673	1491
181	1533
467	1519
405	1438
386	1451
842	1213
853	1435
787	1183
892	1221
821	1183
137	1142
1070	1495
835	1254
1098	1392
1046	1401
4	1424
607	1241
134	1523
905	1351
62	1274
497	1222
959	1149
443	1384
61	1216
295	1378
1111	1251
1042	1128
260	1265
209	1315
925	1420
318	1363
726	1561
577	1528
458	1474
704	1312
239	1336
549	1505
958	1376
920	1211
387	1337
30	1398
536	1542
1103	1424
776	1449
198	1523
1106	1327
310	1184
764	1245
557	1258
955	1467
255	1226
284	1210
174	1300
235	1239
660	1484
868	1198
58	1323
1105	1134
823	1338
890	1301
457	1398
964	1212
251	1240
59	1448
1016	1289
384	1441
1026	1188
419	1126
13	1497
457	1187
377	1225
999	1275
183	1258
618	1416
140	1326
492	1130
44	1402
572	1231
68	1325
441	1384
1100	1182
480	1428
889	1418
402	1433
956	1159
1044	1235
126	1299
1048	1250
752	1264
429	1168
946	1179
901	1407
409	1510
533	1466
321	1410
14	1463
451	1504
97	1425
410	1436
559	1416
618	1334
690	1348
584	1534
865	1370
93	1406
949	1463
382	1473
66	1261
407	1485
256	1272
391	1315
1037	1354
613	1321
462	1239
576	1439
266	1295
129	1375
279	1233
979	1469
999	1157
16	1242
71	1356
26	1175
859	1450
111	1241
913	1374
176	1440
1075	1147
338	1207
238	1185
1107	1130
192	1224
1011	1134
863	1273
357	1275
361	1338
749	1409
985	1169
1051	1260
442	1174
554	1225
961	1471
288	1403
1014	1432
357	1151
643	1330
957	1485
796	1470
417	1244
909	1182
923	1417
1020	1561
532	1563
983	1509
363	1386
981	1144
480	1208
526	1497
342	1234
833	1143
971	1192
489	1216
1033	1541
818	1185
316	1386
552	1378
736	1228
370	1523
897	1301
368	1435
1035	1401
172	1558
746	1330
753	1195
816	1427
1006	1149
1080	1226
1017	1494
411	1236
741	1339
265	1151
738	1266
889	1288
1064	1288
220	1252
133	1251
1024	1279
739	1412
808	1508
653	1386
990	1549
527	1170
647	1515
21	1546
1016	1313
538	1135
23	1323
300	1297
568	1384
763	1336
471	1474
851	1239
747	1474
1085	1514
649	1549
167	1143
490	1454
156	1505
228	1344
635	1303
716	1206
1001	1537
102	1385
593	1463
911	1155
21	1211
1102	1344
206	1284
545	1333
151	1125
494	1163
485	1558
691	1186
124	1238
513	1294
86	1405
125	1369
240	1497
127	1405
104	1393
271	1246
426	1501
854	1443
459	1494
567	1409
1038	1438
340	1331
1066	1406
432	1230
724	1270
215	1341
375	1148
614	1471
876	1563
264	1253
686	1412
142	1376
594	1465
571	1258
355	1287
1089	1423
948	1484
673	1556
1114	1382
650	1121
785	1498
1072	1464
396	1566
522	1536
908	1371
213	1270
853	1481
116	1522
109	1458
1113	1495
604	1272
719	1554
84	1262
18	1132
793	1562
918	1365
945	1215
216	1490
757	1441
1084	1426
476	1209
46	1173
203	1528
974	1242
115	1133
64	1360
773	1557
174	1220
1041	1180
82	1378
1116	1432
1002	1153
249	1183
84	1399
539	1267
463	1362
805	1455
6	1496
229	1170
411	1532
988	1508
209	1440
727	1334
813	1299
415	1179
762	1487
122	1184
67	1546
1092	1332
330	1457
169	1303
389	1333
663	1272
180	1418
574	1216
421	1244
1033	1205
399	1414
652	1127
551	1213
315	1345
252	1490
275	1253
581	1476
270	1161
353	1545
718	1497
228	1281
962	1398
421	1558
534	1422
705	1262
715	1489
782	1347
909	1138
592	1358
459	1286
683	1551
40	1277
420	1227
71	1336
752	1300
365	1322
1060	1292
207	1233
886	1426
358	1158
607	1294
80	1137
367	1388
94	1454
165	1521
384	1353
869	1250
258	1320
447	1247
621	1371
316	1183
302	1548
1021	1167
72	1531
838	1198
562	1522
348	1533
582	1541
887	1542
187	1194
814	1531
523	1305
478	1553
602	1489
743	1434
194	1195
393	1302
1087	1332
55	1405
547	1529
539	1236
902	1449
852	1410
1034	1429
1074	1189
460	1489
524	1364
212	1504
142	1163
755	1334
569	1131
35	1522
333	1263
437	1395
587	1419
1029	1331
326	1247
166	1377
0	1517
685	1493
474	1447
1118	1370
959	1207
589	1478
336	1198
172	1263
730	1303
778	1368
245	1532
1066	1444
586	1135
997	1397
132	1334
642	1318
1058	1560
794	1349
595	1343
63	1527
700	1337
453	1144
816	1290
509	1496
517	1459
735	1459
3	1456
702	1526
810	1368
178	1554
906	1142
678	1334
1023	1351
953	1225
289	1141
323	1263
970	1492
53	1313
436	1510
212	1461
654	1546
649	1513
580	1462
422	1440
315	1302
576	1306
981	1309
791	1347
626	1125
888	1157
261	1237
118	1129
518	1141
250	1426
243	1410
591	1549
1101	1445
368	1540
762	1306
569	1437
615	1238
193	1252
444	1273
593	1431
8	1171
525	1245
679	1167
911	1271
510	1532
1046	1161
1097	1534
200	1349
790	1498
424	1210
1002	1337
1077	1361
917	1291
646	1465
51	1294
420	1219
60	1192
458	1131
1030	1358
878	1446
991	1431
236	1360
52	1209
243	1354
892	1302
479	1451
936	1177
812	1406
262	1187
672	1531
173	1478
712	1529
57	1373
13	1359
870	1240
742	1431
291	1545
998	1456
143	1416
372	1564
706	1520
329	1519
468	1512
127	1168
826	1303
177	1161
378	1320
133	1536
1000	1410
325	1539
124	1312
319	1432
612	1382
169	1447
688	1202
946	1486
732	1289
29	1402
965	1298
413	1321
320	1123
202	1215
1003	1390
938	1465
682	1394
563	1482
662	1346
222	1322
723	1254
1041	1483
1069	1154
85	1420
874	1148
288	1466
1105	1480
334	1477
957	1237
841	1537
1078	1311
714	1206
336	1289
1092	1132
366	1150
831	1517
1000	1354
413	1432
321	1426
19	1158
219	1411
1048	1236
397	1540
74	1427
605	1392
984	1210
949	1521
784	1324
789	1338
565	1471
843	1365
465	1190
361	1453
872	1314
932	1420
462	1282
27	1374
97	1216
987	1519
286	1441
804	1536
247	1438
456	1175
119	1450
335	1128
801	1407
53	1345
168	1521
530	1357
828	1537
865	1308
802	1251
100	1129
694	1259
775	1467
1	1509
925	1357
1007	1208
838	1364
113	1256
373	1285
220	1381
918	1383
401	1306
960	1287
767	1533
1117	1401
726	1175
1075	1374
858	1166
1045	1178
857	1219
922	1427
535	1476
656	1268
860	1147
231	1379
274	1131
283	1295
286	1408
308	1456
953	1500
101	1135
81	1477
305	1483
370	1506
287	1341
881	1535
464	1535
491	1381
717	1278
934	1565
935	1516
741	1314
555	1134
658	1286
160	1365
1083	1472
1111	1511
394	1136
152	1463
232	1366
791	1520
668	1346
90	1541
931	1186
131	1220
903	1147
690	1524
952	1372
168	1176
339	1143
608	1278
831	1414
298	1491
670	1290
446	1186
246	1145
521	1248
147	1460
60	1523
1079	1301
780	1137
605	1495
679	1321
506	1142
809	1388
231	1162
105	1564
843	1515
299	1393
884	1148
628	1205
43	1154
921	1136
131	1523
792	1356
897	1229
223	1185
691	1477
518	1359
737	1201
782	1291
456	1187
502	1414
825	1235
669	1556
707	1461
502	1138
894	1351
233	1301
1042	1508
809	1180
980	1287
601	1155
628	1381
976	1427
192	1283
50	1262
677	1259
22	1352
1019	1255
928	1372
695	1156
147	1204
568	1460
849	1500
34	1323
38	1153
586	1557
874	1329
347	1385
936	1378
312	1295
258	1156
437	1262
566	1173
943	1319
176	1410
516	1455
875	1449
436	1470
25	1411
711	1347
766	1246
590	1212
880	1462
304	1486
567	1208
756	1536
77	1394
1021	1141
263	1243
530	1207
893	1496
929	1395
844	1272
74	1288
900	1469
846	1415
1082	1248
501	1353
914	1339
768	1417
193	1509
861	1264
614	1481
924	1234
712	1376
927	1237
775	1260
173	1268
162	1182
538	1521
884	1429
44	1479
635	1290
303	1256
373	1220
450	1457
324	1559
313	1367
693	1280
65	1312
742	1508
1001	1457
54	1517
702	1273
39	1252
1115	1181
556	1476
503	1308
434	1466
294	1230
398	1420
965	1417
777	1313
1022	1333
467	1354
556	1270
765	1304
235	1537
339	1213
49	1436
248	1316
79	1444
579	1272
1051	1486
833	1200
988	1324
304	1411
783	1462
941	1337
1025	1459
873	1474
312	1228
621	1431
1081	1377
22	1188
87	1555
182	1197
835	1241
208	1145
611	1313
886	1120
256	1399
1096	1432
299	1259
106	1464
453	1191
1100	1163
806	1418
856	1440
327	1199
408	1560
91	1379
971	1169
609	1129
839	1323
822	1556
332	1361
252	1492
376	1158
819	1347
979	1466
232	1413
958	1330
947	1392
0	1338
385	1389
472	1192
639	1321
942	1156
1032	1409
444	1468
452	1464
830	1217
1054	1475
20	1543
239	1127
301	1514
242	1229
162	1299
244	1181
919	1200
504	1540
432	1151
1068	1275
986	1179
281	1283
705	1385
98	1146
95	1140
218	1148
661	1133
1013	1154
118	1530
41	1291
306	1553
1065	1372
749	1162
721	1138
390	1304
381	1479
179	1547
867	1552
1115	1257
96	1516
486	1472
630	1352
300	1327
402	1567
523	1193
731	1296
5	1199
541	1555
246	1173
310	1231
39	1527
575	1542
327	1380
844	1364
941	1328
739	1256
163	1544
654	1224
1012	1157
482	1376
759	1204
807	1403
641	1190
935	1485
150	1242
17	1511
32	1459
606	1343
121	1448
663	1296
265	1264
902	1297
1003	1332
601	1267
148	1152
387	1203
1065	1121
951	1265
485	1549
88	1191
811	1151
272	1501
508	1197
961	1517
665	1171
788	1304
1080	1232
840	1277
293	1482
271	1314
144	1423
218	1260
603	1209
751	1124
667	1159
224	1501
305	1520
895	1299
947	1332
48	1199
1074	1460
517	1400
930	1140
416	1226
1069	1406
476	1181
681	1168
213	1396
153	1283
468	1280
813	1133
945	1291
311	1525
579	1243
314	1211
113	1136
473	1561
280	1341
200	1145
616	1426
780	1210
351	1370
297	1191
558	1419
338	1284
967	1199
826	1369
968	1356
954	1400
164	1533
454	1170
36	1516
379	1556
970	1235
230	1146
280	1562
122	1267
143	1281
190	1553
1043	1278
730	1214
683	1339
423	1518
182	1311
990	1200
1090	1419
307	1275
380	1296
141	1443
891	1296
161	1259
1047	1483
612	1364
500	1362
148	1123
873	1232
543	1135
385	1413
103	1546
651	1471
196	1558
802	1434
76	1244
400	1230
115	1503
94	1565
52	1408
867	1405
205	1352
1059	1168
519	1429
386	1255
779	1449
285	1202
609	1469
550	1267
803	1326
1104	1342
460	1234
492	1392
323	1255
678	1506
733	1200
341	1284
571	1239
47	1315
978	1441
758	1222
266	1128
669	1361
120	1196
347	1322
262	1442
565	1171
1089	1343
785	1413
215	1475
623	1257
431	1120
353	1323
496	1225
698	1260
344	1340
1039	1131
451	1482
285	1164
3	1567
917	1209
363	1280
493	1511
818	1413
7	1244
871	1396
1018	1160
349	1399
267	1169
196	1398
1056	1434
1117	1524
383	1248
1103	1446
659	1238
996	1203
824	1541
1053	1557
933	1388
382	1281
1099	1526
194	1248
259	1382
170	1156
677	1191
955	1276
1077	1559
1063	1290
980	1485
842	1336
1093	1358
820	1202
419	1513
73	1422
561	1278
186	1213
378	1538
354	1329
648	1413
146	1241
547	1139
257	1559
1071	1292
585	1324
904	1415
983	1554
701	1550
973	1305
128	1265
341	1297
18	1566
1072	1476
489	1251
636	1175
180	1446
1101	1519
850	1217
137	1333
369	1196
191	1381
345	1202
694	1163
821	1203
600	1244
725	1371
1026	1128
482	1507
76	1379
929	1181
750	1370
514	1174
486	1343
114	1249
179	1450
199	1455
406	1368
514	1453
541	1363
145	1300
597	1212
916	1182
433	1190
920	1425
977	1340
573	1237
309	1293
594	1261
163	1535
631	1499
975	1269
1052	1120
10	1245
269	1443
641	1394
781	1314
924	1488
189	1160
891	1563
237	1181
878	1539
659	1421
149	1303
465	1133
334	1353
267	1242
395	1138
1088	1427
343	1397
392	1261
1086	1268
640	1346
440	1176
627	1223
290	1399
454	1254
189	1283
543	1490
998	1228
483	1227
1062	1209
1067	1168
825	1528
211	1387
7	1129
449	1135
2	1414
391	1164
940	1369
713	1249
410	1367
687	1465
984	1222
275	1325
481	1447
811	1177
783	1219
306	1450
1119	1213
606	1205
849	1271
195	1276
249	1380
864	1475
864	1235
253	1319
520	1419
701	1440
160	1296
575	1152
745	1263
1056	1219
1036	1142
296	1366
1025	1134
962	1514
164	1332
313	1274
1028	1483
770	1317
578	1245
1076	1320
926	1150
346	1125
854	1297
226	1433
624	1151
351	1393
277	1370
1038	1344
497	1341
879	1365
1008	1292
807	1359
866	1418
689	1289
445	1234
126	1525
343	1487
524	1464
836	1512
1027	1380
477	1487
786	1307
1031	1162
815	1489
507	1448
531	1480
435	1476
270	1504
283	1548
731	1137
882	1481
795	1329
158	1189
261	1273
591	1513
512	1507
499	1142
140	1240
570	1388
132	1479
827	1377
560	1445
588	1384
1108	1423
329	1373
301	1451
560	1355
237	1206
447	1377
120	1347
374	1560
503	1150
989	1453
707	1534
994	1421
845	1223
430	1550
1091	1169
627	1537
446	1400
670	1139
827	1267
912	1138
753	1214
625	1294
28	1178
356	1473
666	1322
894	1327
201	1519
1032	1463
54	1538
372	1425
674	1564
112	1306
1070	1121
877	1232
181	1193
1	1383
966	1252
908	1170
613	1360
803	1238
241	1223
56	1502
89	1416
1116	1196
995	1326
204	1342
92	1563
82	1321
812	1123
116	1528
1045	1202
390	1184
634	1191
608	1123
134	1207
110	1167
563	1155
640	1268
666	1258
155	1518
362	1511
711	1247
729	1236
992	1424
658	1198
1010	1302
245	1467
46	1428
440	1194
197	1526
537	1352
1059	1305
401	1503
580	1137
5	1127
703	1358
898	1357
910	1317
188	1402
973	1159
796	1513
806	1493
797	1340
519	1282
55	1150
117	1189
511	1342
676	1131
129	1188
584	1386
717	1501
820	1404
73	1443
583	1375
975	1218
359	1455
216	1256
893	1165
765	1458
308	1555
408	1479
779	1482
736	1208
848	1389
67	1402
799	1178
680	1547
863	1496
855	1171
254	1240
899	1335
847	1247
1037	1439
982	1391
75	1551
617	1505
942	1534
107	1502
429	1488
759	1419
345	1504
904	1452
784	1566
638	1229
37	1204
944	1273
466	1176
599	1136
292	1545
910	1146
828	1442
99	1435
108	1538
222	1279
997	1500
689	1204
595	1445
801	1429
744	1469
548	1389
91	1221
360	1493
829	1317
590	1233
320	1479
777	1367
960	1319
58	1395
337	1495
868	1120
797	1124
1071	1295
558	1518
157	1261
493	1255
662	1262
1058	1342
178	1190
40	1356
852	1298
682	1343
475	1194
93	1205
359	1445
1079	1145
696	1408
798	1421
12	1164
837	1470
352	1365
418	1551
165	1366
19	1362
968	1122
290	1394
906	1342
817	1147
846	1318
78	1146
536	1311
335	1351
610	1549
473	1487
781	1546
1078	1561
603	1530
680	1434
417	1428
4	1337
295	1548
747	1454
428	1121
309	1286
42	1316
1050	1543
840	1350
274	1361
488	1516
121	1266
987	1488
850	1499
10	1257
778	1167
398	1186
1095	1120
25	1505
527	1442
657	1155
1113	1502
318	1448
395	1121
407	1127
90	1391
688	1177
583	1485
9	1434
404	1425
728	1387
1102	1124
832	1205
645	1179
645	1184
715	1292
588	1221
551	1508
123	1162
463	1346
642	1552
185	1227
314	1302
830	1328
520	1566
14	1497
661	1287
919	1399
87	1146
734	1486
596	1132
922	1461
685	1144
38	1165
540	1306
159	1172
969	1308
650	1166
241	1345
135	1538
1024	1512
766	1351
529	1263
862	1392
83	1197
287	1562
535	1562
36	1211
328	1198
383	1366
732	1223
1010	1278
61	1275
615	1514
573	1280
276	1562
664	1430
377	1525
481	1488
620	1281
708	1449
1109	1250
727	1422
24	1122
399	1293
746	1397
671	1124
572	1525
814	1199
139	1134
223	1452
388	1261
790	1550
723	1285
1023	1455
771	1544
540	1173
348	1433
495	1490
1096	1520
771	1130
102	1274
136	1565
786	1428
1104	1453
1027	1564
484	1468
989	1464
64	1336
24	1446
414	1404
978	1221
337	1501
30	1141
1040	1471
740	1454
655	1557
92	1256
333	1322
238	1527
1110	1472
737	1439
769	1298
587	1458
479	1250
940	1393
1095	1415
610	1341
633	1153
692	1447
619	1298
167	1166
1012	1123
1053	1127
1114	1257
277	1467
534	1357
146	1355
1018	1149
555	1393
37	1403
1034	1176
745	1506
511	1122
877	1340
931	1249
939	1339
754	1220
950	1368
952	1553
722	1541
367	1391
862	1245
598	1192
1094	1293
824	1304
899	1126
225	1437
389	1133
158	1421
589	1326
269	1307
967	1494
708	1441
632	1192
991	1417
859	1171
720	1279
1020	1496
86	1493
1109	1412
856	1383
620	1516
340	1487
709	1457
1094	1282
469	1284
491	1193
251	1498
1022	1206
170	1204
31	1461
41	1396
190	1400
733	1566
325	1468
1036	1443
96	1355
1019	1458
562	1252
710	1418
703	1217
317	1469
700	1462
1005	1395
693	1448
57	1355
207	1503
227	1544
996	1188
748	1484
155	1481
546	1563
740	1274
912	1424
651	1190
875	1331
763	1338
358	1489
103	1556
224	1447
774	1195
529	1236
1055	1217
671	1329
933	1242
887	1197
184	1360
138	1294
500	1154
1007	1170
110	1221
264	1279
1086	1473
799	1223
773	1467
461	1518
734	1177
138	1436
564	1387
498	1396
870	1435
532	1311
294	1480
272	1276
774	1396
907	1468
598	1380
1064	1414
51	1158
549	1335
431	1495
388	1402
435	1363
428	1567
772	1312
441	1451
851	1422
23	1316
1060	1350
175	1122
735	1185
776	1539
748	1152
757	1350
1085	1357
197	1253
154	1473
293	1401
374	1276
636	1372
85	1390
1083	1206
27	1454
202	1538
548	1349
466	1132
761	1293
445	1524
279	1530
633	1404
62	1371
488	1353
804	1217
1028	1551
119	1380
1004	1210
98	1310
665	1514
427	1140
714	1174
284	1225
653	1299
1110	1291
544	1290
1057	1499
655	1363
477	1545
644	1139
425	1224
516	1543
808	1297
738	1169
581	1172
1049	1175
214	1182
392	1140
311	1442
307	1383
328	1373
355	1203
531	1187
643	1250
135	1387
1119	1348
240	1411
1043	1269
33	1301
553	1246
1006	1438
592	1310
107	1397
860	1286
70	1239
916	1488
81	1188
360	1277
1040	1150
289	1335
80	1510
629	1288
509	1349
28	1144
449	1313
915	1201
907	1222
866	1515
183	1557
438	1466
819	1196
869	1430
332	1375
77	1532
2	1509
65	1164
972	1260
648	1231
537	1362
515	1480
1055	1230
1112	1530
33	1310
695	1350
45	1283
817	1310
660	1165
470	1433
800	1480
273	1280
439	1148
203	1389
895	1153
1068	1382
356	1408
681	1358
302	1172
69	1298
475	1529
718	1253
106	1551
1081	1166
634	1554
597	1265
331	1527
247	1397
149	1172
794	1430
574	1524
414	1374
379	1265
622	1387
257	1285
652	1137
156	1360
903	1450
297	1141
657	1266
822	1122
675	1540
210	1381
319	1232
684	1232
362	1409
623	1506
993	1478
45	1518
1061	1194
48	1328
350	1269
260	1227
474	1507
201	1453
406	1218
977	1328
1087	1420
483	1307
750	1152
900	1340
426	1542
504	1247
1031	1319
130	1207
871	1545
6	1180
855	1515
282	1379
944	1293
1035	1550
926	1499
950	1274
227	1407
882	1186
117	1160
758	1533
268	1561
438	1547
470	1268
171	1373
986	1412
364	1395
495	1215
455	1203
29	1525
104	1200
630	1521
1073	1475
582	1475
923	1286
221	1415
403	1328
145	1388
396	1526
471	1548
995	1266
521	1327
647	1224
528	1437
487	1325
1011	1435
233	1254
292	1548
69	1304
1098	1442
585	1444
20	1354
352	1493
326	1335
70	1287
921	1158
1030	1164
125	1398
699	1187
204	1281
1054	1194
9	1130
15	1208
344	1408
836	1379
381	1166
322	1406
554	1218
546	1457
1015	1491
375	1288
31	1452
59	1506
672	1345
177	1498
501	1560
263	1503
184	1491
298	1500
566	1526
834	1177
725	1415
1062	1353
210	1163
434	1165
472	1248
1090	1126
932	1154
616	1139
226	1424
619	1311
130	1285
188	1289
545	1189
729	1295
896	1309
100	1512
365	1143
418	1174
764	1305
324	1530
494	1255
767	1512
317	1451
629	1500
443	1348
157	1504
823	1149
1004	1317
559	1243
461	1318
815	1472
153	1285
611	1318
79	1389
577	1452
171	1350
600	1216
409	1520
976	1567
35	1246
498	1152
1017	1403
1088	1233
175	1145
1044	1271
83	1492
487	1371
751	1143
330	1405
187	1157
756	1403
768	1324
879	1218
769	1195
371	1555
948	1147
553	1309
724	1386
713	1411
68	1308
506	1246
625	1300
901	1510
1093	1390
154	1228
78	1486
810	1318
442	1437
72	1423
161	1355
507	1544
101	1390
872	1307
963	1532
366	1277
696	1201
743	1527
760	1230
455	1330
883	1478
829	1326
934	1544
896	1359
646	1456
544	1477
1076	1189
496	1320
930	1130
760	1264
439	1251
770	1173
255	1492
34	1324
755	1333
195	1212
1009	1220
219	1227
876	1243
557	1229
686	1339
111	1565
43	1277
452	1271
687	1431
404	1474
230	1368
954	1444
885	1124
371	1184
913	1231
433	1391
376	1327
221	1362
632	1282
1118	1531
898	1195
