mmer1	mmer2
277	712
41	726
35	572
372	673
243	615
410	711
191	603
398	614
196	719
74	659
116	740
334	728
8	645
124	744
493	775
55	591
547	593
188	681
406	666
238	649
60	654
281	616
10	593
4	745
282	750
418	571
452	657
414	724
505	731
16	620
388	773
450	755
319	654
26	739
292	572
504	587
269	699
149	642
391	753
112	732
256	619
359	698
11	743
314	691
106	700
324	639
427	569
356	777
457	609
320	707
208	585
52	638
69	657
94	633
318	669
150	725
98	724
428	675
476	637
399	593
390	670
472	623
76	774
378	734
258	568
107	677
404	679
558	660
425	598
381	778
43	602
128	662
162	577
97	620
355	571
192	611
325	719
547	690
19	603
518	568
367	573
164	563
59	685
392	683
524	659
119	603
328	663
86	762
66	764
521	621
465	611
29	615
516	762
242	705
421	714
252	671
520	599
279	683
444	709
109	580
203	743
27	753
544	749
90	641
287	645
240	720
128	656
15	633
213	723
73	594
285	620
478	783
365	647
25	628
79	747
311	758
170	651
216	667
556	640
382	635
204	665
338	617
331	646
339	761
156	725
143	682
99	681
240	598
375	684
131	590
336	614
361	675
217	746
349	592
2	678
304	716
497	683
504	594
133	581
432	697
145	601
448	777
446	616
212	686
138	597
282	624
502	685
48	742
463	769
422	765
179	591
74	575
185	641
317	632
354	567
507	709
68	665
491	777
263	654
14	765
273	594
371	671
97	608
62	600
375	595
370	702
221	762
169	606
270	568
352	742
538	764
428	636
513	614
433	605
292	715
324	666
550	644
366	722
527	687
278	564
200	576
132	778
172	708
554	687
495	702
238	712
129	677
315	768
93	634
393	713
384	651
471	749
111	585
427	757
487	661
458	706
239	646
286	773
280	781
526	688
397	768
397	651
323	701
166	675
280	730
72	723
30	652
423	742
528	578
163	682
461	723
351	740
341	630
362	631
500	676
542	659
477	567
468	773
88	693
326	587
480	760
92	722
200	711
420	629
229	758
257	676
84	660
226	728
72	734
425	730
396	625
198	635
111	641
447	636
369	760
196	679
146	667
135	730
415	766
274	658
335	717
384	696
483	700
353	650
87	682
104	711
530	613
350	634
435	666
455	737
24	729
171	703
125	613
271	662
236	720
272	600
290	737
127	714
369	625
108	651
302	569
492	717
481	772
47	691
552	740
102	649
273	588
172	562
365	607
558	713
54	700
173	664
120	706
476	758
51	764
347	733
347	776
300	561
193	616
527	734
249	564
84	782
454	663
393	566
268	674
335	676
37	658
22	677
537	612
374	776
265	718
245	580
299	629
235	667
481	738
174	739
486	614
1	761
190	727
248	605
412	597
296	775
484	627
545	695
122	571
192	692
353	685
530	761
283	767
383	632
337	703
460	699
71	715
170	601
529	627
178	730
298	692
462	705
368	673
213	691
494	584
532	722
191	661
557	672
479	634
260	749
112	770
0	772
331	779
395	753
202	669
105	729
409	670
224	646
167	595
121	684
123	706
28	668
157	623
461	570
429	672
121	571
361	752
405	597
439	704
512	661
207	637
15	597
61	660
123	773
495	721
389	737
144	612
6	695
51	736
379	703
289	591
514	695
357	606
346	783
100	606
441	705
134	603
468	620
509	610
496	643
518	751
453	622
83	712
63	744
396	581
377	763
320	700
515	744
531	727
360	661
151	741
415	761
309	648
28	570
502	685
116	737
11	696
436	754
232	745
82	778
205	721
307	576
411	684
303	777
540	668
67	708
217	560
501	688
135	650
154	629
100	578
54	647
134	627
10	756
76	607
137	769
544	709
241	626
181	569
203	576
219	679
293	605
413	721
194	767
307	689
489	713
88	756
451	620
386	611
456	622
364	589
81	568
514	686
272	774
346	772
374	666
420	583
21	643
475	773
65	632
543	704
149	622
158	725
548	591
109	631
44	696
187	596
38	725
343	768
124	693
24	624
7	735
239	745
53	698
489	754
288	677
32	729
194	751
162	638
77	599
237	715
228	714
340	630
35	573
81	664
189	599
65	688
254	578
392	680
431	657
245	651
34	577
295	665
165	587
255	749
503	580
159	650
160	677
108	718
243	743
168	742
380	604
408	657
367	716
406	639
9	690
357	589
132	585
469	578
314	632
506	726
223	732
500	583
520	726
407	586
52	708
152	619
333	572
53	609
230	576
297	741
250	735
49	673
18	659
416	780
2	688
56	626
137	705
31	616
298	729
1	579
99	670
378	600
70	752
503	782
155	690
93	632
119	564
57	569
198	636
63	728
356	588
26	635
342	561
460	702
498	769
464	692
155	726
186	713
303	756
103	612
225	658
237	703
422	694
336	762
321	589
102	618
352	594
95	590
464	579
456	663
27	584
449	780
197	782
466	675
64	710
267	776
559	585
78	780
507	629
80	658
510	771
219	595
534	731
376	674
539	593
103	604
532	619
266	697
555	664
242	669
184	560
313	574
395	681
546	627
399	566
107	655
206	764
13	565
452	674
122	613
268	609
523	640
165	662
459	764
110	669
9	561
186	748
482	780
371	728
259	739
293	765
506	742
62	696
421	739
334	667
403	709
29	755
340	696
275	745
46	654
60	608
159	719
147	624
437	779
327	726
195	738
535	731
259	628
244	653
126	600
264	585
94	611
118	636
494	680
545	645
83	660
42	675
288	635
310	667
381	768
216	568
211	615
218	757
316	633
322	755
33	751
85	654
205	777
386	671
359	753
75	716
45	747
287	649
342	564
129	770
467	768
312	740
454	571
140	562
79	732
277	723
478	642
534	582
411	686
171	719
114	712
210	757
542	608
430	650
261	769
402	693
8	583
508	647
78	600
465	762
528	704
117	572
330	584
471	639
164	750
167	707
413	720
71	745
438	602
402	752
201	656
224	645
160	711
141	736
424	722
85	598
440	577
3	589
227	659
144	638
91	652
177	710
398	611
310	642
457	754
472	692
467	601
257	680
141	709
385	633
480	561
113	652
419	744
156	733
432	769
363	687
387	601
220	623
177	724
235	733
499	682
47	738
201	690
34	740
105	757
148	587
21	697
4	610
206	612
437	653
188	575
139	590
446	717
96	650
515	774
143	621
50	735
344	566
232	757
449	734
317	665
416	607
114	628
531	698
189	581
385	767
17	765
25	574
513	625
419	563
309	579
42	770
220	698
498	719
106	737
541	655
210	618
252	760
351	625
296	678
332	610
302	728
276	583
6	624
390	569
329	695
391	751
43	617
180	565
536	689
246	708
48	666
262	766
387	633
234	684
193	591
281	602
226	616
522	593
479	763
466	693
264	590
473	736
291	662
262	582
305	704
459	759
5	674
444	683
30	770
443	644
546	746
462	672
179	723
297	724
363	637
403	622
265	727
326	765
244	648
388	664
7	586
443	670
410	575
533	617
115	771
400	729
405	678
549	672
382	626
241	710
554	747
533	613
321	566
348	676
80	781
519	731
255	763
222	743
300	609
394	758
261	741
118	727
126	734
158	783
441	694
176	595
174	710
541	645
256	595
0	572
329	756
181	730
313	560
319	639
271	655
16	727
305	618
184	660
5	724
474	744
383	689
31	644
278	580
130	663
153	753
199	774
453	682
115	676
38	581
348	596
373	609
499	573
140	758
295	577
138	577
139	657
136	778
58	685
548	639
339	626
75	643
249	649
439	694
91	646
148	772
183	736
408	586
426	779
484	760
294	642
133	771
529	607
222	626
46	689
73	618
362	701
233	638
41	661
332	607
125	782
3	562
290	706
231	648
401	653
37	570
82	752
254	588
350	732
306	710
436	649
389	702
370	581
142	643
519	641
98	688
304	601
234	772
482	721
469	759
525	759
344	648
322	759
18	602
438	722
483	646
187	576
269	592
20	746
470	712
182	781
327	587
404	625
308	578
267	686
276	741
182	674
328	766
517	748
490	604
247	603
553	671
412	680
423	732
284	738
294	663
380	664
161	731
236	648
127	708
445	697
251	690
227	698
110	683
289	702
157	658
23	699
228	711
435	717
57	694
516	695
345	631
68	671
343	716
215	725
551	592
491	567
161	652
151	656
22	771
89	746
358	614
512	644
525	655
145	615
168	692
555	763
341	718
316	655
448	562
474	630
488	680
40	579
175	767
229	776
368	586
274	717
169	673
442	624
543	573
101	678
306	755
323	617
92	766
445	716
394	681
434	748
209	747
131	766
556	613
185	560
434	592
522	590
136	699
258	610
308	565
39	684
431	714
550	668
197	596
130	619
345	588
458	679
61	628
90	592
355	672
377	778
58	582
50	673
501	689
430	687
426	776
86	779
209	621
553	575
509	631
14	703
275	750
175	567
270	640
349	771
299	612
13	630
401	775
199	604
247	715
152	598
279	760
477	701
433	610
526	622
253	642
312	636
95	678
117	638
212	733
473	707
67	583
354	644
285	697
87	750
146	635
17	720
36	721
538	602
176	687
77	598
39	566
535	640
150	705
552	561
511	749
233	691
424	623
418	570
56	751
253	565
301	589
440	570
66	605
442	679
231	754
511	608
487	631
505	715
485	653
524	640
20	714
183	596
429	713
215	652
45	647
163	606
89	662
142	775
218	665
32	686
492	565
496	759
69	743
33	588
539	750
208	735
358	637
101	699
338	739
223	629
96	781
337	775
12	718
417	575
510	574
333	653
376	770
409	701
251	668
19	756
325	594
248	564
540	741
173	605
178	596
70	630
318	755
517	748
493	761
451	643
44	579
537	606
557	627
330	774
364	618
225	619
450	586
166	574
549	783
508	574
373	700
154	691
417	563
455	597
521	781
291	563
59	621
40	560
379	669
207	735
360	628
260	718
497	647
414	668
230	608
104	604
64	617
263	582
120	738
315	733
246	637
23	694
470	752
283	767
266	736
559	599
486	573
153	562
55	779
301	563
366	720
36	582
180	704
551	634
49	634
536	693
372	615
113	707
211	783
488	701
214	584
202	707
475	584
463	567
485	748
214	754
400	763
147	706
204	621
12	670
490	599
407	623
311	641
221	580
523	656
284	782
286	780
250	747
190	681
195	746
447	656
