mmer1	mmer2
1000	1465
180	1141
169	1472
229	1212
397	1409
1039	1309
238	1302
446	1413
575	1362
75	1392
272	1178
889	1504
1052	1250
927	1310
1019	1214
514	1396
702	1471
837	1193
785	1182
25	1191
1057	1488
933	1509
1006	1152
553	1466
256	1126
893	1223
957	1560
1079	1147
490	1362
597	1144
242	1369
869	1455
503	1381
600	1307
885	1561
583	1530
461	1148
186	1414
1056	1341
175	1400
467	1352
747	1513
281	1287
538	1408
803	1138
947	1470
968	1509
458	1376
88	1317
16	1566
756	1356
729	1398
614	1505
312	1159
270	1279
1048	1419
422	1487
273	1539
489	1357
648	1528
883	1567
227	1392
433	1472
274	1170
384	1361
222	1208
380	1484
428	1552
7	1423
503	1434
968	1274
787	1207
739	1165
830	1280
394	1449
600	1258
453	1478
641	1535
279	1128
868	1155
146	1193
321	1452
1029	1496
387	1492
395	1244
960	1274
696	1228
6	1563
783	1414
531	1198
460	1361
106	1315
353	1170
185	1367
474	1496
673	1128
149	1124
1114	1407
357	1280
83	1334
756	1424
1063	1495
1027	1265
781	1236
1013	1129
41	1312
113	1418
809	1397
494	1383
132	1267
480	1334
454	1525
820	1188
1060	1143
1070	1446
586	1518
250	1335
53	1432
804	1252
1025	1375
378	1512
1065	1337
1113	1550
495	1462
177	1130
531	1296
174	1263
864	1477
346	1381
799	1217
362	1498
55	1353
884	1223
461	1127
827	1399
278	1258
40	1227
204	1523
894	1484
318	1163
819	1261
368	1316
0	1122
230	1217
1037	1529
1061	1277
1095	1349
945	1503
935	1241
822	1531
3	1190
674	1238
863	1516
854	1402
836	1153
34	1465
616	1461
571	1445
8	1235
387	1560
264	1254
296	1473
262	1463
623	1511
190	1330
367	1561
1054	1225
1021	1351
370	1166
680	1305
112	1515
991	1190
341	1536
33	1368
606	1332
990	1205
1092	1462
298	1267
1058	1151
378	1407
28	1202
511	1271
788	1420
754	1343
247	1271
200	1525
951	1524
662	1129
260	1360
892	1355
982	1218
310	1401
598	1280
909	1199
923	1362
807	1464
774	1529
117	1476
228	1260
417	1232
462	1378
629	1555
608	1521
475	1558
37	1300
1044	1363
831	1509
897	1283
57	1303
684	1320
219	1249
646	1349
909	1325
900	1128
404	1526
848	1446
497	1168
638	1437
410	1153
345	1120
794	1231
540	1510
1083	1163
795	1176
285	1355
71	1155
911	1421
364	1342
315	1285
709	1200
218	1288
686	1433
165	1150
715	1488
867	1486
937	1540
261	1202
245	1386
293	1176
621	1189
344	1515
186	1499
303	1565
419	1444
495	1274
178	1136
570	1186
486	1483
1090	1455
445	1487
78	1519
140	1423
451	1376
1065	1522
620	1201
692	1222
368	1203
472	1460
857	1166
279	1288
220	1413
625	1347
379	1371
522	1537
487	1344
532	1132
745	1363
631	1253
905	1354
854	1418
1066	1157
636	1465
202	1440
862	1450
469	1454
290	1520
103	1128
1060	1167
486	1514
809	1198
833	1365
240	1438
1030	1538
43	1326
804	1162
992	1164
427	1398
411	1418
713	1217
1001	1396
270	1281
724	1405
339	1443
153	1484
255	1428
625	1525
80	1551
714	1533
896	1404
29	1529
349	1435
53	1240
720	1507
778	1150
157	1125
154	1538
458	1441
239	1564
582	1378
434	1498
473	1454
735	1367
354	1279
309	1156
44	1324
611	1462
765	1467
1057	1445
134	1376
150	1485
780	1447
86	1298
49	1504
1094	1539
202	1153
942	1269
508	1379
1008	1364
204	1526
68	1517
297	1302
158	1237
914	1468
728	1518
421	1294
1032	1556
932	1322
593	1368
827	1183
786	1436
1072	1339
329	1328
558	1284
191	1220
211	1410
1008	1289
76	1435
123	1390
70	1305
139	1141
922	1489
345	1302
1097	1170
351	1208
886	1474
187	1554
687	1360
254	1336
859	1427
882	1270
1053	1285
1071	1555
442	1215
731	1374
831	1243
943	1143
873	1371
195	1157
1006	1239
147	1178
512	1213
541	1133
865	1215
953	1538
487	1295
481	1539
987	1168
969	1270
738	1196
1013	1479
659	1173
599	1554
488	1191
159	1181
669	1403
772	1316
1015	1245
619	1342
762	1283
464	1286
278	1216
874	1343
332	1182
650	1307
1031	1370
675	1200
1071	1391
115	1249
423	1394
708	1175
814	1471
201	1481
906	1561
89	1386
530	1157
125	1430
710	1429
690	1335
1085	1547
32	1482
721	1562
5	1429
159	1194
471	1198
302	1425
284	1228
892	1276
452	1405
312	1300
860	1334
161	1306
235	1240
1073	1214
523	1129
867	1220
934	1502
789	1452
120	1456
440	1385
590	1264
227	1323
489	1130
918	1567
974	1410
904	1449
990	1121
942	1327
604	1288
103	1426
214	1535
1	1470
948	1424
826	1177
499	1173
105	1262
496	1366
815	1524
643	1164
771	1536
693	1234
1078	1154
470	1508
677	1161
1007	1501
52	1341
183	1263
1003	1527
574	1194
176	1298
79	1347
1070	1234
871	1331
0	1390
839	1306
109	1523
482	1438
530	1271
1038	1406
251	1242
617	1532
956	1233
268	1256
863	1513
1061	1542
813	1318
361	1281
331	1171
291	1553
60	1487
543	1143
399	1318
931	1327
219	1489
526	1547
449	1199
1075	1406
98	1279
429	1314
698	1205
887	1238
209	1267
706	1183
317	1213
1044	1258
352	1195
116	1463
164	1133
468	1290
1104	1549
246	1445
372	1472
285	1161
478	1261
77	1492
247	1140
829	1134
876	1359
243	1158
117	1132
859	1224
42	1560
280	1221
46	1458
742	1239
806	1335
938	1396
888	1123
366	1239
435	1358
1068	1404
108	1353
906	1397
717	1429
100	1411
155	1160
537	1451
730	1351
294	1207
86	1222
602	1178
493	1564
412	1340
895	1295
294	1287
400	1532
684	1330
512	1271
413	1169
622	1558
472	1436
1033	1554
1087	1435
894	1460
377	1177
307	1413
390	1262
193	1137
549	1146
919	1539
36	1272
194	1275
1053	1268
137	1349
946	1452
262	1524
850	1153
654	1461
1074	1304
389	1364
812	1510
697	1546
1048	1132
679	1264
579	1483
758	1542
1022	1121
30	1336
779	1440
837	1374
14	1295
612	1232
1049	1236
38	1456
87	1422
710	1205
509	1372
882	1543
608	1348
1019	1211
398	1273
643	1179
1047	1514
750	1401
261	1505
733	1482
203	1565
533	1184
687	1346
420	1512
928	1256
879	1499
910	1304
1080	1425
67	1354
805	1164
296	1504
71	1325
1089	1125
877	1390
221	1303
868	1126
323	1380
61	1449
149	1448
358	1362
350	1524
1024	1495
656	1369
644	1338
852	1230
122	1437
36	1339
76	1335
823	1264
950	1203
986	1388
796	1552
398	1199
686	1223
205	1401
538	1393
425	1240
621	1340
438	1179
680	1236
1094	1127
132	1468
22	1536
388	1551
903	1278
507	1189
944	1450
994	1391
701	1512
320	1152
652	1478
1045	1261
128	1370
1055	1493
659	1185
457	1477
421	1391
342	1395
108	1537
548	1493
801	1206
225	1269
415	1556
681	1275
144	1272
260	1175
736	1266
484	1324
610	1171
1106	1478
747	1332
43	1468
1119	1534
589	1464
773	1239
916	1338
182	1155
87	1295
365	1562
986	1144
31	1406
361	1124
414	1387
167	1320
696	1382
930	1386
618	1492
5	1519
388	1424
554	1373
733	1216
860	1142
615	1392
364	1352
403	1448
996	1229
26	1324
958	1209
415	1416
1113	1367
448	1478
44	1366
183	1459
813	1270
557	1513
304	1290
745	1340
360	1403
122	1256
891	1415
2	1145
976	1197
347	1259
291	1249
441	1176
772	1476
179	1163
236	1207
231	1480
97	1548
163	1265
179	1286
934	1209
547	1155
58	1442
577	1498
797	1126
104	1248
647	1424
845	1567
588	1392
936	1448
1075	1296
660	1309
418	1283
212	1377
430	1563
594	1370
283	1354
998	1194
1024	1287
163	1277
787	1442
705	1418
35	1460
1054	1136
101	1319
699	1365
172	1191
954	1247
160	1533
789	1536
900	1475
429	1146
852	1379
916	1139
124	1259
282	1280
166	1389
985	1493
48	1492
265	1270
373	1534
289	1261
263	1369
849	1138
767	1248
304	1319
623	1416
331	1336
407	1334
578	1438
382	1466
748	1564
842	1444
30	1503
244	1473
566	1314
42	1231
233	1443
156	1517
740	1469
228	1229
941	1201
313	1538
793	1427
1066	1323
1116	1230
870	1387
13	1230
603	1308
216	1187
660	1547
838	1459
602	1355
966	1555
1112	1421
101	1355
808	1290
35	1419
546	1362
452	1307
252	1388
584	1565
83	1510
277	1514
193	1299
818	1563
348	1314
791	1390
237	1332
878	1406
400	1486
15	1444
1041	1557
4	1394
160	1368
637	1532
510	1468
699	1385
743	1505
243	1359
820	1177
718	1344
1062	1293
924	1417
225	1208
1020	1135
292	1245
234	1378
824	1348
707	1304
545	1395
749	1331
786	1225
75	1329
4	1541
386	1184
665	1303
95	1475
127	1421
413	1555
248	1501
816	1538
759	1147
559	1174
806	1326
742	1343
480	1158
184	1381
907	1530
231	1494
19	1331
1023	1482
642	1136
170	1377
111	1491
514	1197
862	1531
564	1528
1034	1559
328	1544
555	1246
335	1120
528	1521
418	1505
532	1149
11	1260
992	1255
40	1417
375	1467
48	1477
836	1353
382	1326
92	1353
562	1337
1084	1432
426	1384
504	1378
966	1262
962	1499
335	1127
188	1426
561	1342
29	1358
121	1430
236	1422
99	1410
565	1126
437	1389
576	1224
764	1467
463	1143
464	1144
613	1437
523	1484
363	1514
1090	1382
287	1506
34	1441
2	1263
592	1148
300	1480
1003	1133
790	1189
877	1161
326	1356
1089	1269
131	1304
736	1477
628	1121
130	1450
784	1219
1042	1566
9	1186
682	1260
1027	1566
66	1211
913	1325
359	1205
21	1383
585	1448
381	1336
634	1139
902	1525
392	1285
691	1273
855	1505
205	1508
196	1223
682	1373
841	1377
425	1393
853	1241
195	1235
45	1195
1046	1319
89	1306
350	1177
465	1142
337	1439
858	1446
365	1436
322	1383
266	1428
782	1425
211	1462
244	1249
266	1476
408	1490
828	1347
595	1422
1080	1246
998	1309
17	1487
773	1315
695	1188
1059	1338
1087	1219
301	1279
587	1398
592	1124
142	1522
380	1209
929	1385
668	1266
456	1394
394	1150
716	1407
757	1490
64	1341
615	1271
507	1218
737	1250
997	1548
184	1142
213	1243
401	1254
61	1130
1028	1277
94	1464
685	1463
898	1140
177	1372
167	1226
1042	1357
293	1540
131	1382
650	1294
66	1511
855	1517
93	1324
360	1152
1045	1369
249	1525
330	1382
744	1409
519	1432
846	1161
27	1322
484	1192
73	1149
879	1189
6	1154
286	1408
370	1440
410	1434
404	1284
822	1187
921	1489
703	1154
606	1165
1116	1186
98	1181
758	1286
46	1487
88	1327
371	1340
504	1365
544	1214
477	1444
439	1507
497	1361
816	1205
152	1537
338	1370
32	1360
972	1372
925	1416
559	1480
555	1465
757	1331
1105	1336
700	1224
567	1210
776	1520
51	1401
577	1303
466	1475
728	1411
629	1125
662	1127
749	1567
779	1314
1038	1281
557	1252
385	1312
516	1503
743	1211
393	1291
769	1404
59	1423
707	1513
349	1246
208	1471
402	1343
499	1185
39	1321
835	1254
258	1321
635	1347
857	1423
446	1179
82	1368
981	1491
1109	1215
459	1216
297	1357
411	1317
238	1159
705	1282
542	1286
74	1323
949	1388
259	1411
403	1350
753	1213
85	1284
570	1154
1062	1227
324	1427
791	1377
586	1360
23	1305
695	1541
628	1293
761	1468
543	1131
95	1541
173	1188
375	1475
198	1455
245	1266
232	1533
226	1208
417	1334
369	1546
391	1244
449	1503
1085	1143
210	1515
102	1330
726	1248
522	1149
54	1232
316	1203
591	1445
635	1379
524	1235
169	1459
591	1424
714	1346
381	1422
853	1282
250	1318
240	1446
479	1356
1031	1140
983	1481
1108	1512
564	1210
143	1124
1088	1151
651	1274
430	1518
901	1387
904	1234
641	1534
1049	1204
130	1308
1091	1252
723	1291
517	1131
649	1509
861	1481
341	1264
485	1508
18	1332
67	1451
431	1453
327	1251
899	1151
972	1198
922	1485
535	1522
1115	1373
611	1427
626	1181
295	1212
825	1167
874	1524
401	1295
843	1484
525	1476
664	1358
1059	1434
137	1441
1078	1121
55	1464
542	1504
374	1156
808	1313
534	1225
596	1557
426	1459
363	1197
73	1428
1030	1442
585	1413
1010	1528
445	1229
143	1365
1043	1302
823	1380
719	1291
367	1361
711	1289
651	1201
703	1553
409	1148
354	1359
501	1309
995	1331
217	1120
1111	1497
639	1466
620	1543
396	1243
646	1384
230	1122
491	1509
516	1291
281	1507
424	1404
197	1286
917	1371
807	1266
573	1204
60	1288
299	1228
171	1156
25	1459
1004	1530
930	1311
518	1328
79	1278
162	1499
668	1388
336	1471
1082	1184
1036	1246
741	1412
377	1138
181	1262
954	1522
1043	1298
253	1555
255	1255
469	1138
62	1545
1102	1443
505	1300
767	1281
691	1180
844	1288
515	1519
10	1433
84	1212
483	1477
1014	1339
548	1546
952	1318
239	1180
669	1320
579	1216
864	1562
849	1265
416	1352
688	1417
1035	1149
963	1250
723	1145
1096	1493
355	1346
1096	1233
677	1549
1077	1280
834	1433
21	1168
1108	1123
59	1354
843	1167
914	1137
513	1419
215	1254
134	1132
995	1364
17	1299
802	1444
959	1217
477	1183
754	1408
777	1545
371	1276
257	1479
881	1398
253	1458
501	1310
1097	1292
10	1456
443	1432
935	1506
888	1383
845	1278
588	1258
311	1488
327	1188
189	1393
258	1222
653	1308
142	1548
440	1395
597	1190
883	1543
734	1404
509	1276
343	1233
841	1481
206	1399
450	1226
1107	1460
634	1456
133	1531
438	1164
323	1478
788	1322
352	1417
72	1276
213	1543
384	1223
448	1276
372	1257
830	1545
1099	1122
288	1410
1114	1316
135	1219
104	1230
965	1203
31	1490
977	1374
194	1181
581	1470
977	1544
971	1179
851	1500
324	1180
305	1379
308	1251
99	1236
325	1126
584	1158
545	1440
1010	1396
777	1228
22	1535
674	1345
911	1123
442	1453
996	1131
56	1169
937	1275
895	1319
1081	1299
201	1565
57	1204
607	1381
330	1178
8	1164
1098	1502
881	1169
319	1516
1000	1556
81	1272
583	1199
603	1537
185	1322
359	1380
926	1181
746	1293
526	1179
701	1470
709	1150
409	1317
20	1282
865	1326
222	1269
981	1172
627	1248
1046	1416
9	1256
940	1531
444	1466
1051	1426
1086	1325
898	1170
589	1147
246	1405
82	1225
215	1182
343	1160
190	1156
64	1527
436	1289
69	1367
310	1238
715	1428
1009	1212
572	1190
502	1180
550	1535
210	1490
572	1430
774	1228
1068	1471
654	1245
220	1333
624	1543
599	1144
838	1162
455	1297
91	1530
856	1488
731	1348
1093	1195
722	1243
784	1421
267	1138
848	1358
170	1213
1021	1516
405	1136
168	1563
832	1260
70	1443
529	1418
1037	1184
16	1431
309	1174
871	1168
268	1176
969	1257
825	1294
455	1469
492	1386
795	1376
322	1321
637	1539
45	1557
851	1434
129	1463
604	1385
960	1402
428	1510
630	1180
805	1162
675	1519
575	1544
664	1549
289	1527
821	1363
938	1241
85	1312
666	1192
276	1131
482	1541
416	1311
811	1218
781	1159
518	1245
780	1436
917	1192
652	1447
612	1349
802	1226
1063	1135
234	1480
114	1193
670	1485
356	1200
209	1345
385	1457
119	1135
970	1227
357	1172
630	1267
527	1196
929	1296
800	1373
119	1244
956	1378
533	1145
672	1147
314	1457
970	1287
406	1141
305	1175
540	1200
762	1542
212	1195
171	1437
676	1197
1012	1497
206	1545
181	1537
348	1350
763	1409
1039	1258
1011	1274
561	1429
1100	1168
568	1566
1067	1458
720	1557
840	1546
560	1257
192	1166
197	1166
997	1558
798	1523
921	1204
1040	1395
552	1548
955	1270
241	1384
1067	1217
539	1516
847	1379
973	1333
406	1279
271	1165
814	1371
973	1132
420	1453
173	1461
52	1195
967	1236
1069	1403
1105	1502
111	1197
450	1407
528	1545
671	1511
638	1323
976	1199
521	1278
896	1345
41	1291
295	1302
617	1536
116	1214
20	1183
252	1206
473	1483
77	1191
683	1268
1020	1430
657	1318
502	1514
39	1133
1023	1542
125	1161
974	1333
884	1178
694	1547
640	1156
993	1383
72	1184
551	1163
792	1415
944	1343
712	1155
283	1368
126	1461
273	1363
609	1310
199	1464
891	1518
49	1469
65	1328
1050	1319
744	1235
14	1501
436	1441
1102	1152
58	1255
940	1491
1100	1373
636	1189
924	1553
337	1173
259	1457
985	1204
689	1297
491	1311
241	1466
1064	1146
835	1292
918	1391
168	1320
157	1467
319	1273
901	1528
1002	1330
468	1196
737	1220
1064	1144
581	1196
146	1247
147	1497
889	1298
355	1519
844	1154
488	1431
379	1264
97	1551
598	1308
886	1364
145	1192
739	1297
678	1389
23	1210
908	1240
1050	1458
138	1532
356	1317
962	1234
93	1159
441	1157
725	1185
565	1192
1072	1400
694	1380
688	1457
925	1561
300	1507
593	1231
712	1290
1101	1317
192	1520
685	1558
402	1363
80	1485
605	1312
783	1227
858	1325
12	1370
681	1350
153	1188
340	1244
223	1307
1103	1389
454	1311
953	1472
478	1260
1101	1230
590	1267
1041	1550
751	1272
453	1242
552	1358
596	1447
887	1339
519	1502
1115	1348
207	1387
994	1387
326	1495
351	1431
145	1506
952	1401
656	1360
605	1451
175	1394
957	1159
775	1275
975	1486
115	1409
619	1268
833	1411
890	1414
307	1187
256	1554
939	1550
92	1266
963	1357
671	1530
47	1400
560	1301
828	1528
1077	1171
339	1292
1032	1244
941	1419
704	1369
90	1447
693	1494
1118	1457
476	1131
926	1375
913	1500
698	1187
383	1285
670	1134
936	1185
124	1380
961	1252
280	1135
346	1497
1076	1219
334	1479
165	1206
154	1214
706	1403
1033	1452
24	1367
191	1551
550	1559
459	1241
162	1169
492	1306
3	1148
1117	1526
717	1493
979	1196
479	1218
329	1211
320	1390
432	1172
536	1450
217	1372
760	1374
498	1237
15	1140
152	1461
946	1402
107	1433
395	1329
753	1400
727	1238
576	1163
62	1356
708	1344
817	1439
947	1139
587	1122
764	1333
333	1277
624	1253
13	1282
766	1160
667	1210
1051	1261
642	1346
178	1515
631	1547
271	1534
988	1153
724	1546
1016	1452
397	1391
594	1426
321	1420
1026	1310
1001	1479
711	1385
771	1245
768	1341
462	1420
551	1250
810	1469
905	1498
214	1415
673	1515
988	1259
722	1495
314	1315
880	1559
829	1559
515	1393
915	1254
26	1145
1018	1560
748	1257
819	1544
1058	1148
203	1344
121	1293
692	1140
897	1533
105	1506
237	1333
839	1175
826	1229
633	1137
174	1249
135	1213
223	1215
866	1411
306	1308
667	1416
506	1475
1104	1221
1012	1402
325	1521
716	1294
799	1394
529	1247
419	1177
732	1320
451	1313
470	1171
189	1124
505	1377
1099	1174
683	1542
290	1265
1025	1474
150	1504
601	1263
640	1480
133	1309
1040	1165
923	1290
980	1412
760	1413
817	1187
568	1453
645	1162
513	1496
759	1193
269	1300
573	1470
1036	1435
340	1170
269	1527
912	1434
151	1508
875	1346
196	1296
443	1134
199	1469
1093	1498
28	1430
282	1127
832	1397
224	1226
869	1141
1014	1438
948	1353
344	1146
463	1500
1106	1552
405	1439
51	1142
834	1508
729	1194
993	1239
658	1141
444	1399
520	1435
609	1136
96	1229
140	1257
582	1299
556	1160
414	1157
333	1398
229	1347
19	1425
797	1329
622	1207
567	1564
1017	1356
903	1166
63	1486
661	1233
928	1326
112	1231
534	1479
1110	1399
18	1474
1007	1405
999	1361
752	1400
704	1372
50	1482
726	1567
915	1535
1005	1371
697	1273
987	1526
939	1365
793	1352
276	1186
136	1339
1017	1231
176	1253
490	1120
613	1359
908	1298
254	1234
155	1476
494	1322
272	1247
978	1312
432	1412
128	1558
158	1433
275	1342
750	1306
730	1316
965	1176
498	1463
1016	1242
679	1552
306	1263
187	1376
118	1557
475	1490
392	1531
872	1243
689	1511
90	1313
50	1324
566	1366
876	1483
508	1473
893	1269
11	1375
735	1454
510	1265
1015	1496
632	1494
752	1185
91	1151
471	1297
1092	1293
12	1429
164	1549
539	1449
391	1410
811	1517
544	1350
770	1355
342	1518
127	1408
63	1323
989	1237
778	1227
1011	1342
110	1442
500	1439
316	1281
141	1255
655	1310
644	1182
776	1282
919	1172
249	1262
800	1278
1086	1147
1109	1453
56	1305
1074	1216
626	1351
517	1552
563	1520
991	1211
537	1186
959	1134
302	1460
188	1412
311	1162
511	1129
334	1432
524	1224
790	1329
607	1565
313	1467
558	1454
423	1551
138	1431
647	1301
221	1375
964	1382
396	1206
902	1268
447	1123
1056	1150
632	1198
907	1145
144	1224
556	1158
493	1388
803	1445
785	1521
107	1248
393	1315
1103	1272
251	1517
460	1121
286	1221
353	1366
663	1437
847	1237
308	1191
861	1232
815	1506
172	1402
126	1125
1069	1292
435	1220
725	1171
7	1130
571	1393
676	1465
563	1414
369	1548
437	1426
1047	1409
899	1240
113	1396
1095	1193
870	1516
866	1549
275	1534
818	1454
27	1559
1026	1247
390	1283
151	1529
232	1137
535	1421
912	1420
54	1381
1119	1284
376	1474
288	1250
38	1277
740	1350
761	1183
362	1256
299	1241
180	1341
198	1448
277	1289
856	1190
373	1125
549	1414
796	1419
78	1337
412	1329
880	1128
890	1351
627	1500
69	1364
945	1407
481	1428
242	1182
466	1222
224	1139
931	1321
457	1221
541	1366
500	1423
812	1304
792	1397
233	1512
267	1173
763	1501
734	1226
850	1172
718	1337
1076	1251
257	1301
476	1212
842	1456
483	1218
465	1313
1034	1485
910	1554
1002	1441
109	1521
298	1301
658	1202
284	1540
639	1328
885	1560
702	1345
106	1242
303	1139
927	1486
741	1222
536	1348
1098	1481
265	1446
358	1307
156	1255
932	1499
755	1259
161	1215
655	1375
633	1397
525	1389
315	1497
383	1562
562	1473
601	1316
873	1207
920	1511
878	1510
520	1523
979	1523
943	1303
386	1242
447	1566
1005	1503
794	1175
546	1209
317	1344
114	1152
141	1225
376	1201
1052	1455
967	1289
719	1158
721	1337
110	1194
68	1120
1118	1442
102	1130
657	1415
614	1449
727	1314
1073	1335
496	1292
431	1489
610	1412
1081	1219
338	1541
755	1540
1107	1527
768	1550
506	1235
846	1529
1110	1374
118	1315
248	1327
950	1496
433	1422
287	1283
665	1311
574	1420
120	1305
439	1550
1091	1491
980	1494
336	1251
485	1440
798	1129
580	1137
166	1553
200	1482
766	1462
374	1151
951	1354
301	1507
840	1451
274	1556
33	1209
136	1458
978	1300
1111	1473
713	1436
554	1526
84	1200
1083	1553
1082	1327
618	1134
292	1237
984	1238
207	1474
1004	1439
456	1495
989	1149
37	1135
389	1489
1018	1202
690	1332
801	1160
775	1299
1028	1392
427	1146
958	1123
434	1301
732	1201
422	1491
824	1273
65	1253
139	1294
123	1253
467	1501
474	1522
218	1405
94	1562
961	1408
24	1431
521	1415
264	1488
983	1284
235	1384
971	1451
661	1259
1117	1330
872	1174
810	1142
666	1165
569	1338
47	1395
226	1297
769	1403
148	1520
1035	1384
182	1340
645	1313
1022	1438
1088	1246
595	1349
821	1167
933	1500
569	1252
424	1268
964	1167
920	1287
74	1406
672	1447
1084	1296
999	1351
982	1427
148	1202
332	1233
765	1357
263	1232
1055	1540
738	1483
1079	1450
216	1492
408	1455
318	1425
875	1174
616	1220
328	1564
208	1345
770	1328
1	1221
553	1203
366	1210
96	1321
700	1533
527	1206
678	1173
955	1544
782	1352
129	1133
580	1561
100	1502
407	1563
649	1386
949	1472
1112	1556
399	1513
1009	1359
547	1285
746	1338
663	1417
648	1275
81	1443
347	1208
984	1169
653	1251
751	1494
975	1399
578	1122
1029	1532
