mmer1	mmer2
93	764
422	779
122	748
57	608
247	655
104	696
78	614
41	596
457	619
380	779
273	683
363	750
257	766
211	777
319	708
367	641
116	583
397	689
393	767
158	605
505	631
490	764
178	778
245	769
48	630
36	702
5	615
194	732
216	677
474	755
266	673
426	712
98	712
461	733
444	728
297	736
419	743
326	705
353	703
152	657
502	564
329	697
287	763
449	723
12	579
318	567
477	574
253	605
461	616
513	690
249	642
502	746
33	687
229	563
457	575
498	598
102	714
22	721
381	682
384	665
122	697
237	711
202	777
386	611
58	671
352	655
406	669
316	743
129	764
397	642
335	580
104	560
535	773
349	740
15	747
520	640
69	708
219	686
60	658
92	627
535	650
158	641
220	591
249	641
86	597
4	678
426	724
76	741
174	615
76	567
160	755
334	610
77	596
265	624
30	757
21	780
180	719
185	629
152	751
9	680
227	672
244	684
276	675
180	650
343	614
529	751
241	694
74	720
183	737
44	691
187	680
503	578
489	730
146	744
121	771
511	671
413	757
421	687
301	580
64	602
127	694
492	775
340	718
195	754
221	590
517	634
248	681
489	681
410	587
25	692
339	626
440	720
162	619
432	590
269	748
417	574
334	563
281	598
533	592
140	611
140	714
264	575
386	576
192	609
424	704
312	765
150	666
463	604
29	764
308	665
114	781
401	732
257	640
410	584
228	572
542	572
301	750
550	606
471	613
172	778
198	779
558	709
8	782
470	736
546	693
418	582
366	759
193	759
500	752
106	668
57	711
72	721
162	754
58	695
108	760
186	652
243	622
12	701
38	767
372	560
212	625
369	607
159	620
557	622
248	587
224	579
484	634
45	631
495	709
77	693
177	568
527	714
322	706
263	726
145	591
139	710
255	656
167	666
468	744
46	645
343	589
230	573
333	704
53	769
509	640
342	710
450	682
444	706
67	635
93	564
22	654
373	660
490	752
113	703
543	754
124	705
197	639
395	782
338	777
71	619
178	581
455	750
478	693
469	753
539	754
385	773
438	657
309	631
270	569
544	698
543	652
276	591
26	621
434	713
423	685
286	572
80	668
190	612
495	741
263	618
144	583
353	687
335	661
169	723
283	678
17	738
365	726
305	610
491	595
70	696
112	639
166	661
494	590
357	688
247	601
267	568
552	737
494	763
241	772
100	600
18	748
155	643
481	769
540	638
385	676
231	689
507	710
342	735
50	634
306	737
347	595
545	680
346	758
188	571
218	656
532	626
500	726
311	649
96	578
479	580
25	739
344	772
256	597
191	568
73	609
532	655
88	627
39	751
360	699
37	774
527	615
256	682
367	755
407	780
275	668
551	731
400	684
436	602
409	674
68	585
431	738
35	593
521	741
170	705
70	761
84	616
315	769
325	735
554	579
32	595
302	596
442	657
287	679
28	728
435	699
217	676
501	569
357	561
374	664
277	567
119	608
512	566
414	750
314	603
442	717
443	592
307	588
312	720
51	630
325	741
244	744
523	697
50	563
352	670
232	591
199	669
387	644
557	593
316	571
42	576
339	670
83	753
56	625
20	702
89	749
271	644
369	687
365	691
388	599
518	645
407	731
416	704
279	633
78	597
136	665
225	707
262	716
168	614
517	782
275	706
323	659
59	769
321	596
493	567
425	594
360	777
536	719
278	587
416	624
419	670
464	560
406	631
392	766
278	711
166	611
205	726
175	635
233	598
143	603
313	695
121	692
498	742
429	775
435	767
337	637
383	570
351	735
453	648
252	613
221	771
21	635
331	716
214	717
125	685
525	590
47	669
43	570
399	626
75	654
388	651
35	617
95	745
372	626
179	702
200	575
501	727
306	713
126	762
213	612
303	597
192	707
387	572
128	701
182	660
240	662
520	749
97	762
403	581
452	596
26	568
331	681
377	650
90	627
508	643
356	678
539	667
308	573
259	720
296	720
82	731
456	615
378	773
550	604
38	578
137	760
328	708
15	589
345	673
254	566
446	607
66	680
143	582
450	765
505	725
43	774
144	588
547	667
533	658
149	630
294	621
110	768
496	571
111	570
222	642
87	638
94	637
415	572
376	700
226	742
268	643
230	703
7	724
354	754
497	710
277	745
171	723
348	683
239	698
375	780
538	696
492	603
79	727
460	650
483	756
553	630
92	561
548	571
83	674
186	783
448	764
428	654
64	664
405	565
368	609
555	758
107	731
311	577
507	704
176	657
103	618
537	561
425	607
196	616
133	751
322	662
203	690
267	653
408	607
298	607
206	664
504	626
224	606
250	661
156	724
415	594
522	746
394	780
262	676
1	610
91	692
196	629
537	614
427	696
236	739
238	599
370	721
330	763
32	671
168	774
11	746
321	635
280	567
215	648
383	779
127	730
161	747
370	622
366	581
23	623
430	762
549	566
138	700
169	700
157	684
60	594
201	672
233	593
220	704
164	662
526	729
504	667
153	579
124	585
512	608
118	585
290	708
345	689
34	651
14	681
556	683
302	670
293	692
522	576
542	605
362	761
295	632
29	644
281	606
491	613
85	709
246	759
427	573
184	702
97	586
147	722
236	600
417	588
246	781
222	763
139	586
451	780
528	577
85	663
338	684
403	666
160	694
368	560
90	701
551	623
272	602
340	603
299	746
400	657
336	727
182	621
456	609
157	678
10	569
65	751
377	730
142	570
323	733
243	702
549	734
289	586
96	654
317	739
305	597
327	777
319	732
315	783
540	602
101	661
34	566
382	686
184	778
109	583
72	674
446	699
362	575
559	735
481	697
309	584
251	666
181	576
411	603
381	584
245	656
165	767
430	628
161	762
129	569
513	631
429	690
118	582
526	670
473	776
350	584
159	651
420	713
119	600
528	731
554	617
261	737
68	772
398	588
142	756
459	765
519	686
189	582
54	738
523	685
291	673
195	586
235	715
503	723
475	593
20	681
482	598
506	564
380	565
107	688
232	641
499	619
132	701
300	768
63	645
132	640
87	703
109	637
187	763
356	632
382	638
354	581
115	728
516	633
200	750
242	600
115	730
371	709
445	647
454	695
254	654
434	770
293	667
120	580
74	724
284	676
44	633
294	648
10	687
299	781
432	747
260	783
295	677
324	726
437	675
172	753
441	562
519	564
73	732
49	579
373	649
297	590
341	573
445	646
508	778
524	707
225	621
130	744
375	629
163	608
40	639
497	740
28	623
13	761
227	772
265	628
438	646
46	685
320	734
509	677
55	606
274	768
474	782
396	774
45	742
443	604
448	619
471	703
422	774
91	683
361	675
2	594
116	620
84	686
189	562
530	770
514	688
181	749
86	644
423	756
389	621
359	715
71	638
284	573
449	721
476	693
465	627
27	661
515	582
518	757
477	624
242	627
324	628
458	635
155	614
150	725
6	707
79	732
212	636
75	601
296	717
418	679
235	671
409	637
298	722
329	595
223	659
280	736
414	575
136	633
266	584
392	576
346	783
499	781
114	666
347	760
271	722
469	615
559	711
37	679
454	694
54	645
363	639
439	755
112	585
151	770
223	613
237	599
56	648
558	602
282	659
534	776
358	586
198	692
439	616
355	610
31	653
396	766
428	624
4	653
389	712
483	653
105	665
488	580
270	683
209	736
219	675
413	624
202	724
81	705
337	742
99	721
391	766
30	664
258	604
556	712
51	605
307	725
9	675
207	747
141	698
194	577
538	773
348	688
361	609
208	564
478	707
61	618
123	652
3	589
488	623
105	634
472	623
234	651
62	644
148	734
48	562
128	595
451	612
467	775
475	760
510	560
291	613
111	747
211	712
100	625
285	718
320	563
14	641
175	591
412	577
466	592
552	665
459	719
364	779
120	709
210	639
468	775
173	688
447	701
282	738
506	593
252	647
395	671
260	636
205	574
40	680
288	583
19	737
3	672
493	739
69	612
303	658
55	562
292	772
487	728
399	632
66	743
269	685
476	592
41	578
5	690
548	745
546	636
398	656
304	563
393	648
213	679
147	620
231	617
524	722
188	719
314	699
117	637
130	725
514	733
283	743
404	693
384	713
486	620
358	768
462	673
61	608
529	571
16	660
201	736
193	741
1	729
288	629
402	708
173	757
285	658
374	729
131	587
463	768
351	781
467	758
472	677
156	652
199	569
480	746
163	689
31	606
536	668
460	710
541	592
217	719
164	733
17	748
310	689
326	643
482	771
207	711
185	778
391	659
464	643
496	730
177	645
101	594
239	651
27	647
553	561
36	699
82	677
42	723
52	682
215	713
330	758
214	691
134	759
183	565
272	717
39	775
99	767
261	663
23	581
485	628
279	745
515	647
404	642
148	663
411	605
317	604
210	696
174	565
541	562
453	734
289	782
250	574
24	632
117	690
113	673
402	622
480	676
466	691
292	765
531	636
203	715
208	695
327	757
433	760
154	622
133	663
125	662
547	735
204	776
126	718
455	583
255	765
379	600
328	697
18	715
19	659
408	620
484	718
53	753
134	634
151	725
2	752
440	758
240	776
52	753
371	568
191	664
394	672
137	698
465	729
80	561
379	629
421	742
437	669
171	762
258	759
251	717
204	700
131	745
146	617
259	770
436	638
441	749
47	574
167	628
344	601
216	649
530	587
264	599
153	652
11	668
511	646
16	577
534	633
313	618
226	706
433	598
452	705
378	617
286	660
49	684
154	728
94	585
300	714
355	616
81	727
268	663
332	610
33	716
0	773
238	640
336	662
89	761
0	755
110	740
13	679
431	653
424	655
462	727
401	740
95	770
228	752
544	771
145	647
170	667
333	756
485	669
103	655
135	729
209	649
531	694
176	749
165	698
106	766
510	752
318	674
88	618
6	734
486	656
359	674
290	682
59	612
98	691
67	646
65	743
190	611
310	566
332	650
149	601
141	716
447	686
458	748
123	715
108	700
138	733
470	642
364	658
341	695
420	601
253	589
63	761
304	776
8	714
545	706
349	570
197	588
24	716
405	722
229	646
376	740
62	783
274	672
516	739
179	589
555	599
206	771
135	756
350	565
473	578
479	630
7	744
273	738
390	611
218	625
102	649
487	660
521	678
234	636
525	625
390	632
412	718
