mmer1	mmer2
124	583
359	747
32	606
409	625
543	739
438	704
431	593
512	603
275	746
381	767
149	569
460	604
88	778
424	560
43	603
463	687
266	650
394	627
515	702
306	764
20	783
322	735
144	711
229	777
147	680
292	695
506	662
338	711
468	667
16	638
490	586
99	666
383	693
33	757
32	779
19	722
526	723
478	640
481	593
184	764
214	645
108	722
293	611
457	681
317	654
375	695
520	743
516	672
340	764
49	703
83	633
148	638
511	663
273	665
488	759
523	612
213	621
357	679
297	633
505	688
72	774
295	621
465	778
269	713
103	757
312	664
554	628
529	761
204	748
224	724
396	769
73	604
121	742
215	579
274	652
57	670
17	585
167	668
98	572
84	682
71	639
159	596
427	714
241	692
431	771
142	610
433	566
97	718
301	673
352	720
284	747
183	602
107	749
364	769
131	663
522	576
265	699
20	661
374	612
99	669
531	751
535	629
246	704
31	681
411	564
47	665
110	783
63	583
196	587
106	682
538	771
168	700
145	707
135	721
388	654
186	739
63	571
370	735
537	666
437	631
511	621
78	672
121	624
325	772
408	703
321	711
270	716
259	622
461	746
555	678
120	591
139	684
61	776
394	661
216	574
486	765
11	617
460	770
399	674
367	647
165	632
316	575
154	609
29	609
79	638
62	560
309	581
539	587
282	589
200	668
454	730
69	639
93	565
22	642
359	645
107	775
475	773
379	754
261	566
30	635
549	677
382	710
177	781
424	639
331	705
332	780
446	741
320	628
150	695
415	642
9	726
137	781
118	679
400	589
487	576
526	583
18	779
356	745
354	706
530	609
202	737
38	740
42	617
208	632
181	620
404	683
105	716
306	710
25	740
39	649
88	665
347	734
528	630
9	579
186	688
53	605
14	709
402	597
447	712
465	742
147	766
225	736
413	770
504	592
450	649
254	647
133	614
533	743
467	673
249	575
226	626
171	643
384	696
393	655
548	666
296	629
514	752
415	608
240	583
523	570
70	707
223	574
7	727
519	577
482	599
102	567
347	684
536	658
169	719
190	614
309	747
178	663
559	603
371	745
377	615
412	749
483	740
94	590
300	723
15	692
180	742
500	658
411	725
539	562
244	623
378	707
76	608
515	771
423	732
47	747
399	741
108	686
87	668
387	761
482	585
255	581
430	700
89	562
496	693
376	690
302	704
510	779
336	602
263	620
175	744
187	628
452	671
286	745
320	625
264	620
287	615
252	720
36	590
462	657
111	598
533	767
545	641
373	609
48	727
120	600
220	672
207	663
176	643
390	623
434	575
525	683
231	761
1	696
442	727
372	670
426	720
248	669
371	725
363	667
438	674
105	587
163	611
458	762
45	763
441	591
181	751
89	692
101	735
528	685
386	673
49	612
213	578
75	698
23	648
406	600
373	582
496	746
502	689
221	661
189	715
83	763
471	626
405	561
540	685
259	739
459	645
279	768
388	675
256	592
192	682
230	604
125	753
236	683
184	779
155	653
383	616
218	731
382	745
408	649
310	702
308	676
292	752
50	607
192	738
335	584
138	763
116	585
260	736
360	678
476	662
558	567
242	775
173	750
266	572
187	687
350	669
82	734
439	595
208	669
314	640
294	591
499	741
50	780
495	721
325	767
128	781
283	662
195	646
445	652
443	566
272	759
434	763
340	744
132	627
76	752
127	572
339	741
56	646
38	638
239	601
2	729
220	664
34	565
420	698
278	762
282	656
218	580
524	758
353	697
111	695
262	718
332	643
46	594
357	755
217	592
267	761
54	607
126	677
521	622
509	655
134	644
541	716
447	623
379	696
90	605
501	744
351	619
437	573
131	651
193	765
98	779
303	776
401	593
519	714
485	740
548	755
445	657
529	735
219	743
243	588
558	569
169	590
453	663
557	758
183	563
495	679
136	717
241	712
324	612
456	687
470	673
364	722
2	777
160	721
525	574
497	635
353	570
500	702
339	593
417	602
231	623
449	738
435	634
419	728
126	734
124	609
5	732
464	691
25	566
95	771
317	732
221	584
330	581
119	570
311	722
498	698
452	687
361	753
40	636
535	582
254	781
182	731
420	618
85	614
234	561
251	706
228	758
538	606
276	664
59	726
144	619
28	704
355	596
238	571
436	649
258	607
112	623
428	632
492	656
409	581
90	690
6	778
135	634
10	722
112	622
341	656
342	770
263	568
174	630
211	624
48	728
279	666
557	718
392	658
96	645
64	652
313	730
493	657
474	665
164	760
30	601
133	573
479	783
188	595
234	730
334	563
44	607
81	688
506	733
370	685
457	652
458	651
114	594
419	729
197	747
264	694
375	594
22	769
265	740
113	760
532	691
414	589
436	634
117	699
283	569
305	568
502	732
163	606
285	706
189	661
358	777
299	700
162	750
160	595
546	724
509	596
245	750
428	773
321	670
199	733
329	576
534	688
552	621
327	622
242	613
148	586
117	613
318	588
289	677
319	772
398	778
137	680
410	708
470	694
518	768
466	624
68	709
152	610
326	562
304	769
554	563
101	649
53	731
293	618
338	656
260	639
43	640
17	582
146	622
79	615
190	690
407	591
235	671
531	728
446	709
185	597
303	752
421	629
486	664
178	655
261	718
29	750
288	755
473	742
4	599
488	744
297	697
177	632
161	723
295	782
16	721
251	603
162	708
536	723
205	645
327	577
487	565
547	674
319	625
315	595
466	659
255	610
7	753
226	729
494	739
227	571
403	746
211	646
68	678
335	757
276	589
430	654
37	696
253	672
13	696
498	702
478	597
209	680
417	635
206	760
459	604
381	782
102	605
243	748
400	588
532	782
407	687
207	744
182	574
206	586
285	618
474	774
397	593
348	775
199	671
527	700
143	765
35	756
390	738
109	719
24	685
70	568
469	570
110	605
542	758
230	756
453	676
87	693
164	585
21	641
250	624
3	675
179	669
100	738
77	706
54	670
392	679
42	580
304	715
104	743
71	661
82	619
550	668
246	614
440	776
439	582
331	610
196	569
61	567
35	571
223	596
501	703
143	618
507	701
239	773
422	636
72	626
441	741
348	754
115	761
250	697
346	737
64	773
384	578
257	600
130	577
305	607
464	782
343	642
52	705
473	780
398	615
258	681
311	573
210	733
80	644
480	644
366	755
527	591
156	597
268	585
75	613
503	579
422	760
180	690
334	632
237	664
378	635
469	707
301	598
329	708
412	768
380	703
60	753
324	711
205	712
451	581
354	698
522	681
274	579
11	583
262	736
5	655
154	697
146	631
26	686
65	684
24	708
280	724
97	691
122	579
328	641
202	754
203	636
191	659
58	737
176	613
308	772
355	617
345	692
476	688
78	565
442	682
342	606
290	778
362	780
503	705
216	774
540	756
51	736
214	768
481	641
92	726
222	564
222	777
94	606
391	739
410	601
158	748
175	749
461	698
253	758
92	754
298	762
425	631
62	753
235	604
140	648
191	681
380	564
365	781
166	628
142	677
91	775
471	774
291	633
270	701
116	612
395	782
59	653
494	716
555	637
100	638
8	575
454	639
145	650
341	719
315	719
507	754
210	647
13	580
397	760
432	643
333	561
349	637
232	762
12	684
323	584
86	709
157	763
377	650
8	616
418	738
318	596
508	651
233	578
228	589
225	626
268	659
66	716
153	731
298	686
451	717
385	627
514	647
166	619
127	561
472	689
156	652
28	562
44	736
136	630
197	592
286	691
553	699
294	710
73	706
484	748
489	650
504	701
524	648
385	759
236	729
551	770
477	636
547	588
57	588
238	766
224	577
152	719
484	728
219	662
200	734
556	611
159	723
60	702
12	634
508	765
520	683
217	728
69	578
366	646
361	732
391	602
67	621
104	584
280	756
363	751
212	577
497	572
467	575
21	599
55	627
403	680
248	571
129	771
171	603
247	630
402	642
174	587
281	616
300	564
307	576
550	629
358	666
39	770
350	590
456	584
432	715
444	730
450	766
544	780
343	751
195	561
307	765
84	667
425	674
151	667
271	633
273	726
541	653
545	662
172	597
67	764
316	656
312	773
129	610
499	759
344	671
27	755
123	617
413	631
267	757
344	727
201	676
463	756
369	711
483	766
443	631
530	717
74	772
247	625
4	570
209	582
416	644
167	675
386	701
93	613
252	653
194	616
66	655
201	567
559	578
170	634
401	776
36	683
95	580
122	678
396	640
179	628
313	608
365	727
414	737
387	563
421	689
517	648
115	568
118	767
376	569
18	694
165	713
513	751
345	694
552	690
542	573
45	752
433	705
513	775
362	720
74	587
323	717
477	768
435	689
490	685
0	601
275	725
34	646
56	671
368	686
448	659
23	624
212	608
405	636
271	762
237	572
27	616
372	637
134	627
172	766
272	715
41	611
113	630
330	599
155	703
138	720
109	675
46	600
244	678
55	667
19	658
103	562
185	677
549	619
326	620
455	743
556	643
337	783
281	653
125	713
233	764
356	693
96	733
269	721
3	670
249	586
153	637
277	615
168	675
288	567
6	594
517	665
240	650
81	714
140	625
158	757
257	750
91	672
37	676
444	697
512	708
119	660
349	608
455	710
0	659
51	674
493	668
77	611
489	560
553	749
302	693
393	654
130	718
479	576
351	748
505	767
537	733
516	640
491	626
492	745
256	713
462	682
80	686
427	654
299	680
287	635
203	709
204	725
296	651
1	563
193	560
368	699
52	694
215	647
336	605
406	783
227	617
151	660
173	712
194	564
141	714
521	600
289	644
198	737
26	772
369	725
170	637
15	749
475	692
149	742
161	699
389	714
33	601
31	712
440	689
278	717
106	730
448	595
277	642
188	705
429	568
150	684
389	648
544	695
449	729
10	734
367	673
141	707
510	566
114	641
65	657
543	701
123	713
128	704
472	602
426	726
416	679
310	629
546	777
337	573
468	776
322	633
132	724
229	618
485	592
480	759
291	731
284	660
328	676
232	735
40	580
374	710
404	657
198	660
157	620
314	599
41	614
85	724
518	658
139	560
360	586
86	590
14	700
333	660
290	594
491	691
429	769
58	565
551	574
352	598
423	746
346	651
245	715
395	774
418	598
534	598
