mmer1	mmer2
138	1539
573	1262
702	1217
39	1358
546	1509
664	1360
625	1249
172	1455
846	1380
651	1486
216	1290
949	1365
259	1413
1055	1216
568	1157
110	1364
591	1529
675	1241
97	1305
819	1194
404	1503
145	1276
564	1291
730	1422
871	1297
168	1253
1024	1463
351	1232
374	1562
575	1289
36	1307
431	1323
855	1229
758	1382
327	1178
470	1435
4	1274
846	1467
793	1281
862	1423
1001	1516
389	1301
12	1178
538	1356
383	1374
834	1428
512	1422
72	1177
466	1554
897	1212
735	1557
934	1241
669	1258
497	1152
1084	1257
690	1242
273	1446
960	1312
693	1505
955	1256
869	1139
679	1468
244	1357
1009	1310
823	1445
1071	1158
140	1430
659	1518
402	1418
803	1283
971	1511
368	1206
327	1272
1037	1447
899	1355
691	1246
207	1248
640	1400
956	1289
551	1160
854	1360
247	1474
727	1255
1002	1397
798	1490
616	1512
216	1155
224	1532
744	1407
172	1270
8	1208
448	1148
743	1260
563	1166
193	1483
961	1232
30	1271
1035	1470
277	1289
320	1235
829	1444
49	1272
1056	1494
603	1386
1025	1315
297	1259
977	1142
307	1300
856	1471
92	1330
107	1190
413	1324
939	1213
122	1336
418	1549
541	1269
50	1478
149	1428
57	1253
605	1223
842	1444
69	1241
440	1275
274	1321
667	1478
37	1534
239	1354
192	1306
423	1420
412	1520
1066	1326
337	1232
443	1222
452	1531
569	1266
755	1357
980	1253
499	1168
912	1520
286	1395
297	1564
361	1419
1047	1362
967	1348
173	1560
343	1549
354	1540
318	1238
442	1155
724	1365
8	1254
471	1209
474	1376
111	1200
979	1383
728	1274
963	1203
756	1232
1068	1373
579	1547
442	1451
794	1378
514	1536
1003	1485
258	1507
943	1192
511	1327
438	1176
1039	1166
65	1209
503	1433
358	1527
488	1565
289	1270
940	1191
14	1565
174	1564
688	1342
803	1321
905	1463
514	1336
312	1517
419	1368
1079	1351
722	1514
548	1493
945	1157
313	1163
104	1362
983	1183
741	1138
41	1215
537	1351
373	1150
968	1238
119	1317
650	1196
1068	1512
987	1305
121	1149
646	1158
288	1200
1087	1477
516	1162
481	1216
249	1560
142	1322
334	1190
527	1563
532	1338
57	1475
1010	1211
38	1167
560	1541
487	1508
663	1383
250	1419
63	1344
3	1352
526	1225
178	1418
445	1431
896	1431
25	1526
46	1437
610	1272
364	1315
169	1308
791	1239
1039	1559
991	1156
914	1541
947	1457
587	1130
325	1141
659	1459
366	1228
338	1241
613	1335
566	1153
129	1430
781	1209
679	1206
950	1306
828	1128
607	1530
584	1550
256	1509
861	1434
699	1132
1037	1320
926	1137
688	1564
106	1135
326	1413
1099	1477
517	1330
747	1276
225	1390
811	1141
27	1222
452	1510
115	1154
19	1447
913	1332
797	1452
924	1245
657	1315
714	1173
495	1357
882	1405
225	1305
1049	1505
530	1456
1035	1228
580	1182
1065	1314
797	1395
927	1484
416	1476
479	1431
601	1283
241	1304
554	1414
622	1430
909	1142
525	1378
435	1325
1104	1416
1040	1343
302	1263
467	1461
763	1173
915	1171
975	1493
109	1131
1105	1220
1072	1373
692	1506
491	1405
1005	1278
1101	1181
56	1442
969	1459
1085	1220
431	1431
1063	1319
587	1135
798	1298
698	1265
197	1526
856	1235
184	1517
539	1390
239	1394
357	1242
269	1262
339	1186
415	1314
410	1345
1098	1251
1007	1218
245	1143
295	1165
994	1546
455	1548
1095	1481
561	1244
281	1430
1002	1221
978	1267
249	1151
689	1127
232	1393
894	1171
155	1562
800	1168
113	1170
1028	1175
311	1287
266	1543
152	1139
506	1286
213	1316
287	1159
54	1310
398	1549
1090	1229
429	1278
330	1475
346	1396
450	1347
851	1177
871	1528
151	1548
834	1393
758	1458
518	1179
685	1404
179	1398
701	1208
1082	1475
246	1363
699	1205
298	1392
35	1169
1077	1445
203	1311
66	1406
883	1501
658	1146
1022	1362
739	1182
981	1436
732	1152
63	1514
724	1552
762	1501
285	1455
1027	1123
486	1142
389	1485
1097	1281
1091	1551
858	1150
577	1169
367	1374
629	1288
1098	1227
145	1240
753	1325
559	1411
464	1531
833	1303
260	1171
18	1218
1008	1376
371	1130
954	1441
614	1423
9	1556
71	1519
270	1441
894	1419
3	1532
1004	1405
964	1489
854	1397
103	1454
73	1133
350	1410
307	1304
301	1482
841	1128
434	1294
1038	1555
76	1121
594	1457
400	1235
361	1126
405	1293
287	1341
642	1250
805	1170
662	1135
870	1468
439	1535
209	1490
443	1346
1033	1196
986	1357
498	1199
52	1149
594	1332
1073	1396
985	1229
572	1543
916	1525
147	1559
787	1228
464	1389
176	1446
1029	1496
957	1189
824	1347
853	1329
1119	1440
521	1182
911	1398
980	1371
790	1244
728	1196
428	1323
779	1160
653	1277
675	1127
317	1269
505	1558
844	1497
260	1398
565	1444
747	1321
981	1240
855	1384
139	1324
365	1211
207	1322
974	1197
771	1482
553	1566
813	1398
1065	1422
22	1365
98	1543
631	1324
180	1413
770	1491
429	1144
547	1131
1034	1407
543	1330
583	1498
476	1280
158	1536
738	1189
840	1268
669	1382
792	1385
991	1241
461	1530
890	1337
10	1247
976	1228
181	1341
54	1346
21	1453
982	1179
806	1450
322	1320
904	1479
401	1464
125	1237
96	1559
786	1212
521	1221
1095	1284
955	1567
937	1328
971	1318
676	1388
219	1566
430	1493
203	1255
392	1202
683	1352
268	1147
187	1532
1089	1220
726	1355
883	1412
485	1491
231	1259
997	1312
906	1408
186	1205
87	1261
305	1386
650	1505
472	1167
709	1460
169	1239
20	1337
583	1458
548	1252
1078	1437
988	1424
17	1372
746	1529
252	1243
386	1184
117	1199
628	1252
849	1458
960	1380
1101	1262
271	1345
395	1268
761	1131
149	1560
276	1406
596	1129
313	1265
87	1157
922	1225
998	1524
55	1371
795	1173
489	1253
620	1558
749	1381
586	1484
621	1453
827	1482
7	1191
999	1295
1049	1156
227	1486
655	1122
1074	1537
460	1552
141	1424
520	1392
922	1310
434	1195
138	1282
166	1140
657	1358
1006	1225
451	1399
598	1455
312	1511
162	1233
756	1368
1064	1469
425	1185
205	1535
827	1545
847	1153
28	1433
923	1456
1	1440
504	1333
91	1377
680	1313
37	1190
706	1429
369	1155
238	1144
656	1449
524	1302
884	1528
352	1227
925	1213
767	1451
889	1521
102	1472
929	1400
686	1141
752	1412
909	1427
420	1558
942	1267
101	1301
949	1189
910	1178
918	1228
418	1161
898	1321
424	1180
315	1533
344	1395
1103	1497
784	1384
908	1142
24	1308
323	1448
106	1353
893	1134
59	1230
968	1294
364	1152
482	1198
282	1120
1059	1523
377	1547
990	1270
541	1260
355	1120
585	1460
773	1177
542	1451
959	1474
2	1446
507	1402
944	1420
228	1264
165	1220
505	1567
490	1247
775	1187
708	1239
865	1186
639	1513
691	1189
535	1273
551	1450
489	1257
577	1222
885	1297
210	1320
755	1361
414	1431
47	1184
427	1231
401	1366
516	1342
814	1545
588	1381
1013	1387
1029	1211
345	1454
382	1429
236	1378
683	1371
238	1497
757	1457
92	1359
953	1225
695	1429
77	1447
672	1351
1069	1309
738	1352
924	1140
956	1390
83	1474
754	1423
480	1209
183	1246
799	1384
878	1214
291	1270
561	1128
56	1546
15	1369
636	1425
100	1234
58	1546
1044	1175
68	1451
891	1335
368	1301
467	1232
862	1337
79	1532
206	1298
821	1435
88	1160
879	1538
537	1537
283	1469
825	1339
89	1512
154	1533
109	1449
477	1326
1017	1183
13	1494
910	1488
908	1561
601	1394
644	1487
944	1171
323	1130
1041	1466
678	1415
388	1369
285	1210
821	1389
1106	1373
230	1299
1114	1192
155	1258
609	1365
681	1146
760	1438
540	1294
399	1423
716	1200
966	1349
136	1157
375	1159
995	1467
515	1522
72	1381
339	1127
160	1203
80	1536
132	1305
90	1137
163	1250
928	1186
623	1399
976	1496
948	1211
1100	1371
365	1476
1061	1247
268	1130
143	1531
593	1196
1083	1544
15	1364
455	1567
838	1367
483	1234
840	1349
1027	1407
45	1205
713	1317
1011	1201
34	1221
774	1428
100	1505
385	1329
1053	1533
605	1368
952	1470
836	1315
85	1385
146	1161
316	1507
775	1349
46	1168
170	1535
781	1381
61	1389
770	1489
973	1172
704	1190
783	1162
396	1500
49	1382
523	1400
957	1449
904	1163
859	1151
64	1540
329	1422
1102	1153
391	1417
190	1246
750	1164
425	1252
1108	1550
860	1445
1019	1447
463	1261
209	1150
766	1243
1025	1309
872	1364
620	1469
162	1310
617	1503
734	1133
444	1177
589	1563
23	1387
264	1288
381	1279
456	1539
73	1392
828	1456
171	1565
709	1490
999	1527
1012	1192
202	1506
700	1133
270	1486
826	1505
454	1283
571	1420
144	1280
346	1411
357	1472
445	1554
545	1359
602	1138
485	1242
1032	1338
501	1123
426	1529
95	1547
460	1456
380	1322
168	1452
843	1219
534	1555
777	1485
686	1290
1034	1565
837	1164
99	1319
466	1357
398	1544
550	1202
796	1126
1057	1446
637	1510
228	1265
603	1272
1042	1186
556	1500
208	1340
547	1255
191	1563
785	1487
352	1410
789	1132
177	1343
848	1529
920	1546
984	1237
498	1531
818	1185
195	1432
114	1372
1115	1260
664	1553
170	1563
558	1330
267	1236
415	1165
117	1329
507	1380
10	1544
463	1500
1038	1495
523	1402
294	1460
959	1541
848	1138
705	1286
331	1180
663	1520
929	1252
1000	1184
1045	1452
305	1360
1040	1421
156	1266
759	1528
611	1521
853	1176
1081	1502
925	1406
888	1506
332	1126
447	1324
306	1353
939	1131
723	1424
509	1167
158	1162
432	1521
611	1180
1116	1170
303	1290
75	1404
582	1293
850	1184
580	1336
13	1504
372	1329
4	1463
1018	1282
719	1180
253	1161
606	1526
914	1353
630	1372
33	1534
417	1434
1053	1515
370	1506
227	1496
296	1358
400	1418
791	1355
556	1515
993	1240
223	1387
26	1460
612	1210
2	1509
951	1535
131	1260
218	1398
865	1278
309	1409
610	1297
674	1503
219	1186
602	1434
555	1336
1021	1369
41	1155
387	1440
175	1494
355	1223
617	1205
933	1530
342	1326
538	1528
308	1308
90	1291
670	1198
769	1366
255	1258
116	1148
244	1204
342	1156
1119	1383
966	1455
221	1201
643	1506
1058	1491
997	1191
693	1319
1090	1551
978	1164
712	1456
160	1404
779	1287
671	1158
388	1143
992	1552
417	1538
715	1541
321	1495
457	1179
927	1512
1108	1248
1088	1432
62	1325
1036	1509
1086	1123
984	1226
484	1359
986	1400
200	1475
110	1309
837	1139
1066	1481
127	1461
627	1229
774	1409
807	1254
279	1346
288	1470
336	1495
649	1221
1067	1479
977	1382
660	1454
958	1309
1046	1163
201	1437
857	1358
569	1393
1086	1344
967	1279
70	1418
118	1145
930	1417
1042	1129
784	1224
153	1403
619	1206
892	1267
1091	1454
403	1496
616	1540
639	1444
255	1567
1019	1370
446	1245
788	1485
409	1379
953	1426
264	1218
500	1377
422	1386
902	1306
292	1317
378	1467
399	1264
137	1470
850	1380
247	1195
1115	1233
703	1224
1097	1265
1085	1436
377	1438
95	1273
769	1169
131	1510
120	1548
283	1519
752	1417
805	1235
229	1203
32	1216
725	1179
627	1126
47	1327
668	1126
102	1317
7	1183
173	1233
31	1477
105	1486
130	1474
1020	1513
912	1513
619	1550
42	1507
356	1187
19	1385
243	1207
767	1458
903	1515
94	1499
754	1327
866	1436
470	1399
280	1284
508	1348
275	1217
730	1293
891	1502
941	1333
215	1187
571	1534
347	1217
263	1540
439	1483
441	1401
874	1163
873	1238
1110	1136
530	1558
278	1489
148	1401
284	1497
51	1397
240	1345
919	1371
78	1439
122	1516
378	1404
262	1188
1048	1236
77	1335
234	1452
461	1136
700	1268
876	1308
330	1416
765	1204
185	1318
575	1454
793	1227
636	1136
251	1483
552	1498
913	1551
1043	1328
374	1473
517	1146
93	1370
969	1463
241	1285
462	1263
1023	1388
29	1231
536	1525
947	1517
422	1510
447	1375
757	1287
154	1199
340	1442
129	1198
237	1461
946	1246
768	1164
26	1197
84	1561
493	1436
1060	1537
931	1483
590	1305
356	1266
335	1525
497	1180
655	1226
653	1396
91	1223
1117	1476
494	1267
220	1224
729	1127
638	1315
81	1526
885	1202
887	1414
473	1128
404	1148
457	1176
233	1477
373	1484
641	1425
972	1557
397	1528
1031	1124
188	1282
666	1361
386	1233
370	1485
413	1257
531	1292
60	1189
645	1174
1012	1561
5	1141
808	1202
585	1249
1022	1481
882	1331
31	1427
128	1162
1067	1140
726	1235
335	1312
438	1256
717	1156
553	1289
1116	1537
408	1471
343	1298
668	1230
766	1364
802	1519
1100	1165
367	1375
337	1263
74	1192
171	1301
112	1293
223	1307
36	1412
11	1257
719	1333
824	1276
889	1539
70	1314
795	1334
16	1493
465	1296
28	1562
1	1540
435	1264
182	1554
746	1307
75	1421
235	1318
1070	1401
680	1372
527	1408
495	1561
1109	1273
682	1437
390	1407
919	1322
990	1332
535	1193
695	1549
644	1194
687	1295
411	1558
123	1394
764	1476
718	1172
175	1142
790	1256
164	1234
1076	1345
852	1511
459	1405
1059	1428
253	1127
632	1482
839	1344
65	1198
873	1503
493	1462
217	1296
53	1226
214	1277
740	1434
48	1266
950	1340
1080	1319
1110	1343
453	1478
157	1254
763	1138
397	1450
595	1284
126	1137
1061	1229
142	1387
708	1310
598	1288
1081	1125
1051	1370
628	1221
229	1536
1008	1217
218	1271
362	1491
880	1123
308	1301
703	1312
765	1288
579	1297
739	1124
136	1292
1064	1483
633	1252
38	1173
300	1377
780	1427
194	1244
800	1269
272	1282
1033	1239
998	1462
295	1422
187	1246
660	1219
319	1363
354	1440
832	1453
53	1191
549	1256
1026	1306
970	1411
1075	1128
911	1125
612	1149
1000	1534
562	1492
125	1449
694	1504
881	1303
964	1288
34	1281
348	1194
409	1479
642	1354
135	1538
315	1530
529	1356
648	1124
167	1147
6	1379
618	1230
804	1309
741	1473
692	1304
751	1468
152	1234
360	1224
1088	1554
771	1452
490	1413
938	1375
863	1369
814	1139
1106	1403
188	1383
934	1340
290	1249
338	1238
707	1442
932	1480
242	1314
105	1208
772	1227
811	1438
304	1161
511	1121
1073	1461
777	1522
721	1518
907	1320
248	1495
1074	1567
1030	1455
471	1401
392	1490
43	1382
347	1426
98	1451
96	1226
1011	1285
665	1226
875	1524
324	1167
250	1177
985	1203
608	1508
900	1359
879	1350
491	1151
428	1417
681	1512
640	1181
654	1527
206	1290
634	1210
430	1326
341	1337
782	1302
937	1437
845	1444
230	1463
151	1354
254	1244
704	1352
630	1314
407	1174
880	1534
720	1468
662	1201
1050	1160
936	1143
881	1207
153	1347
262	1292
989	1501
935	1368
178	1275
371	1262
526	1197
748	1350
1111	1295
736	1466
311	1536
1104	1331
926	1336
180	1432
608	1356
979	1238
282	1429
133	1426
134	1522
1016	1347
869	1143
39	1219
157	1342
518	1555
562	1239
205	1178
182	1200
629	1152
578	1432
353	1120
733	1394
930	1284
778	1250
658	1334
863	1299
737	1429
778	1280
402	1519
59	1408
45	1445
1075	1245
58	1508
226	1524
320	1307
574	1328
684	1275
412	1174
604	1441
623	1242
299	1521
66	1133
387	1351
504	1159
22	1548
673	1207
823	1120
614	1144
478	1206
60	1188
137	1375
284	1193
915	1251
44	1316
67	1334
33	1377
1021	1154
328	1124
533	1289
595	1457
258	1261
836	1291
646	1479
267	1132
1112	1287
1083	1215
864	1383
277	1553
496	1318
857	1517
1051	1450
574	1566
582	1373
697	1557
965	1134
528	1562
390	1294
1076	1539
359	1190
465	1274
427	1557
651	1271
528	1367
962	1251
558	1133
436	1550
1050	1355
735	1328
737	1152
759	1135
896	1273
542	1320
211	1414
44	1465
544	1374
379	1393
710	1421
316	1487
996	1349
393	1415
830	1393
450	1303
1099	1406
454	1154
886	1478
868	1209
164	1520
773	1214
677	1166
1017	1501
221	1480
144	1380
359	1335
309	1340
613	1410
391	1222
141	1210
943	1480
332	1195
833	1464
506	1168
406	1154
783	1296
673	1479
563	1264
394	1439
269	1466
217	1255
539	1462
488	1498
993	1286
181	1346
1093	1481
115	1542
698	1415
492	1311
502	1165
884	1243
111	1332
841	1285
573	1362
433	1267
565	1504
1005	1443
127	1281
897	1259
1062	1370
328	1263
1078	1543
234	1243
88	1523
961	1388
938	1378
740	1313
353	1275
55	1132
733	1470
68	1566
590	1302
1102	1135
951	1392
1105	1313
14	1402
866	1410
1007	1360
139	1326
163	1465
825	1134
721	1156
496	1173
635	1515
120	1519
251	1268
987	1291
306	1448
0	1433
440	1538
349	1354
637	1263
877	1316
992	1418
933	1240
615	1148
414	1134
240	1499
847	1159
236	1350
789	1342
864	1195
780	1214
462	1373
931	1270
544	1502
974	1254
903	1182
702	1197
513	1376
807	1356
257	1151
278	1495
24	1465
820	1200
212	1205
446	1121
940	1184
568	1236
191	1249
895	1259
468	1358
1092	1374
1004	1522
799	1367
1044	1504
118	1354
350	1401
550	1385
815	1300
760	1539
325	1369
482	1338
618	1425
140	1486
300	1151
314	1492
472	1285
522	1283
588	1280
1118	1388
314	1170
257	1125
545	1384
185	1391
570	1527
810	1339
916	1553
395	1274
474	1279
515	1293
794	1129
958	1503
266	1276
280	1245
1041	1414
318	1465
345	1499
867	1208
436	1212
211	1355
591	1348
89	1193
1054	1391
363	1122
802	1224
177	1274
635	1441
888	1339
731	1502
995	1439
476	1402
1036	1278
494	1206
954	1230
762	1361
123	1347
918	1182
265	1198
625	1178
687	1231
161	1448
615	1341
513	1161
787	1459
946	1391
453	1217
1026	1212
42	1323
1084	1275
161	1122
84	1363
159	1395
510	1172
256	1313
584	1508
508	1297
237	1518
529	1496
1006	1515
197	1303
729	1248
632	1281
1077	1231
1001	1193
243	1366
982	1523
996	1527
586	1175
652	1334
546	1296
1062	1144
265	1443
121	1329
276	1480
292	1247
732	1518
852	1181
449	1237
689	1411
566	1408
344	1366
165	1129
222	1168
753	1386
744	1208
552	1323
1089	1548
1080	1192
1087	1150
477	1561
83	1256
1046	1459
233	1533
94	1146
842	1272
723	1138
393	1236
1014	1449
731	1129
1043	1453
921	1541
935	1545
1024	1419
116	1517
1018	1397
859	1145
208	1188
816	1394
432	1317
166	1337
890	1197
581	1376
716	1523
11	1350
190	1478
843	1516
870	1304
727	1553
199	1464
52	1266
524	1397
941	1532
844	1216
210	1158
543	1148
817	1385
304	1279
820	1368
321	1566
416	1435
204	1299
1016	1522
874	1511
174	1204
674	1261
965	1404
861	1255
202	1477
384	1443
749	1492
1071	1144
272	1249
707	1484
252	1276
557	1248
193	1412
487	1201
945	1215
126	1247
194	1537
336	1417
816	1240
492	1471
1052	1194
242	1341
1047	1481
600	1526
555	1145
643	1335
576	1214
484	1328
983	1533
1082	1565
589	1362
567	1311
818	1251
621	1331
1015	1499
936	1294
184	1248
701	1172
649	1286
366	1412
1030	1325
424	1472
626	1462
62	1339
200	1500
710	1175
299	1174
1032	1204
845	1427
626	1501
358	1420
362	1403
222	1299
593	1420
475	1448
772	1430
1063	1322
1048	1509
376	1555
536	1438
810	1425
150	1164
108	1295
849	1465
921	1559
1015	1341
469	1403
917	1426
554	1343
809	1311
826	1331
290	1378
806	1492
263	1399
420	1262
572	1207
1112	1332
103	1122
822	1360
196	1300
74	1321
235	1446
201	1489
16	1308
333	1520
786	1490
259	1145
444	1191
1109	1199
0	1257
147	1494
51	1237
341	1367
684	1564
333	1169
317	1439
838	1258
678	1121
1060	1542
895	1514
104	1514
1107	1306
475	1280
20	1553
302	1445
559	1392
480	1410
532	1146
469	1216
677	1121
220	1400
1055	1443
1010	1388
281	1555
581	1210
1070	1316
384	1434
1069	1353
578	1244
50	1327
360	1211
48	1213
1013	1282
289	1122
204	1225
1028	1319
99	1448
952	1427
403	1421
725	1331
900	1469
17	1502
183	1447
245	1370
271	1325
942	1542
750	1543
549	1507
633	1428
1094	1193
133	1433
468	1516
369	1327
1056	1304
796	1176
860	1160
199	1149
421	1389
742	1125
1093	1213
437	1552
426	1333
273	1364
293	1204
86	1269
631	1521
1107	1535
609	1219
592	1169
540	1334
224	1559
994	1426
743	1386
441	1406
645	1287
564	1219
9	1346
1057	1313
622	1231
875	1361
696	1374
107	1150
134	1302
705	1149
501	1344
291	1353
745	1425
876	1564
275	1554
12	1516
232	1499
363	1260
254	1167
351	1416
647	1302
64	1292
839	1234
667	1290
822	1391
408	1147
78	1435
192	1283
892	1183
101	1165
666	1162
198	1419
685	1183
128	1504
40	1311
972	1237
734	1140
1096	1439
82	1480
130	1366
5	1513
512	1344
198	1523
670	1552
509	1379
682	1424
27	1384
1117	1140
1014	1525
419	1291
483	1560
500	1413
606	1402
1079	1544
410	1145
975	1136
112	1259
1020	1414
21	1468
785	1338
742	1550
214	1551
1103	1340
745	1467
604	1403
25	1254
348	1363
186	1136
196	1443
29	1123
761	1277
782	1312
776	1396
411	1474
819	1220
718	1172
326	1407
459	1489
473	1339
124	1482
394	1163
973	1442
520	1187
376	1166
592	1524
567	1556
61	1379
887	1153
80	1488
1058	1230
331	1157
656	1250
449	1299
437	1409
18	1171
433	1372
932	1218
809	1560
503	1518
1118	1139
150	1563
647	1421
902	1415
379	1292
396	1359
448	1531
383	1131
905	1423
596	1390
135	1464
97	1492
71	1298
898	1125
599	1405
801	1442
334	1473
167	1376
714	1187
597	1440
835	1348
108	1547
40	1265
456	1549
720	1194
867	1223
901	1195
830	1261
510	1361
768	1223
1114	1158
817	1557
319	1513
286	1460
294	1472
868	1258
322	1203
624	1432
82	1271
570	1409
296	1546
638	1213
808	1396
901	1154
381	1147
764	1333
788	1215
928	1298
962	1538
1113	1476
189	1179
1111	1132
148	1488
858	1243
599	1379
380	1365
310	1498
522	1457
886	1303
279	1493
676	1487
963	1196
385	1510
35	1435
832	1218
1045	1389
648	1491
1052	1471
405	1143
531	1300
711	1188
715	1395
114	1181
451	1547
349	1356
303	1338
893	1424
458	1269
696	1511
421	1236
79	1343
406	1166
988	1462
478	1330
970	1277
831	1467
176	1251
30	1155
156	1286
340	1381
1113	1390
804	1487
748	1408
812	1453
533	1134
560	1242
324	1278
76	1296
93	1212
124	1411
878	1279
159	1348
907	1525
43	1273
375	1387
813	1222
146	1342
851	1233
86	1176
261	1201
1054	1472
652	1175
736	1137
1096	1170
906	1253
189	1185
248	1544
751	1377
661	1147
81	1174
671	1475
293	1530
372	1227
246	1471
661	1271
557	1159
226	1416
143	1409
231	1188
899	1556
1003	1181
711	1524
792	1466
576	1542
1094	1500
301	1464
654	1324
989	1391
1023	1461
706	1469
1009	1141
712	1459
722	1214
132	1137
179	1307
6	1466
525	1285
920	1441
23	1323
113	1199
697	1264
829	1350
213	1349
872	1316
624	1545
801	1300
119	1399
458	1215
502	1508
215	1438
195	1202
310	1494
479	1484
835	1245
948	1529
519	1514
641	1416
1031	1352
776	1433
519	1130
597	1436
1072	1556
67	1250
923	1185
877	1268
665	1363
298	1351
917	1375
694	1473
382	1207
261	1507
212	1488
423	1551
329	1545
499	1415
534	1556
831	1185
815	1488
481	1542
607	1562
717	1473
634	1120
85	1345
274	1153
486	1498
32	1124
407	1497
1092	1318
690	1284
672	1367
812	1458
600	1277
69	1450
713	1295
