mmer1	mmer2
483	752
468	744
224	700
60	661
457	624
93	690
481	578
396	744
92	741
83	615
50	612
257	593
15	644
36	692
278	689
139	614
392	663
172	665
286	630
171	573
341	715
440	608
501	577
239	751
87	711
96	570
403	627
368	777
32	597
176	733
244	783
433	639
374	769
529	668
247	721
99	580
25	681
197	754
293	635
104	603
529	774
539	683
117	653
181	687
39	740
301	563
507	565
141	625
179	680
243	583
428	570
147	657
496	618
259	768
482	782
520	598
345	684
460	783
267	666
135	693
292	765
193	696
477	719
456	758
291	592
55	576
79	577
549	663
259	594
394	580
249	635
152	563
49	640
486	752
283	766
413	728
105	720
413	745
94	674
266	641
213	781
339	591
502	755
112	686
200	760
256	642
556	604
423	662
27	738
370	571
276	651
237	726
356	750
69	724
174	743
554	775
38	616
134	708
199	599
473	717
231	671
290	610
159	712
397	598
250	595
493	649
103	645
248	649
240	560
317	761
98	590
419	735
543	674
542	668
147	669
43	725
0	667
384	747
35	609
248	756
497	757
138	672
226	747
255	761
438	704
531	745
420	606
406	725
167	606
53	774
427	620
85	712
223	681
325	672
52	582
220	612
489	678
41	760
340	691
103	675
377	712
119	711
328	764
467	580
527	724
191	620
310	714
299	658
519	588
120	590
11	629
381	564
511	608
283	638
358	704
21	641
465	780
211	745
404	714
13	682
556	648
375	661
285	707
462	647
258	617
411	676
143	701
128	753
431	584
510	721
17	698
254	726
110	673
202	650
242	774
234	644
217	695
152	767
385	583
444	614
177	657
316	625
254	560
109	612
58	749
279	775
533	646
369	648
372	698
430	659
12	694
47	656
346	697
131	747
272	660
196	590
200	746
206	671
303	737
393	748
467	716
69	719
9	586
34	703
505	632
10	561
403	683
307	767
68	779
31	602
408	747
354	758
296	575
315	740
492	596
309	763
503	713
133	578
113	564
268	766
80	598
114	647
353	646
221	691
396	689
310	569
180	735
41	719
13	729
158	734
375	718
263	613
265	644
95	673
380	607
100	568
133	583
191	596
314	636
532	717
0	770
424	573
401	597
376	635
414	652
233	783
327	778
130	617
130	695
108	645
533	570
535	739
180	619
393	774
526	562
101	752
420	637
390	597
126	653
24	561
389	676
478	643
120	624
28	706
173	565
227	658
508	588
78	626
305	718
355	669
209	668
23	585
229	705
351	612
45	616
379	730
271	715
239	589
379	578
181	709
156	643
322	669
67	599
170	756
245	634
440	741
2	709
140	690
8	619
406	755
534	778
116	763
514	675
434	689
91	645
550	748
322	661
281	641
408	568
390	568
138	587
407	589
524	697
464	576
108	624
178	685
145	674
42	678
51	716
473	628
165	699
131	586
62	770
207	622
206	755
488	667
32	627
405	665
337	654
365	582
5	706
376	675
87	652
21	777
220	677
34	673
230	582
325	679
241	634
143	759
536	755
386	665
423	585
128	667
237	640
175	685
528	643
207	650
284	602
71	742
162	638
258	569
545	662
77	649
544	562
184	623
245	756
425	702
405	564
97	670
250	617
446	661
154	668
86	581
432	610
516	575
551	600
546	724
426	730
499	628
480	742
39	666
294	663
532	564
341	761
59	780
102	762
82	655
487	608
470	607
367	744
209	769
129	614
251	755
446	651
483	566
236	587
78	574
366	660
142	710
416	763
414	723
399	742
335	619
388	634
160	692
323	726
40	584
460	671
539	605
490	596
274	727
501	687
549	641
292	594
281	637
434	620
347	753
398	633
381	757
85	605
453	686
46	568
1	707
319	579
289	640
274	625
287	607
238	710
203	631
72	754
498	673
72	702
336	645
400	630
439	688
371	613
386	702
294	600
360	630
253	603
56	575
68	639
466	729
33	566
256	709
452	677
66	588
194	631
531	764
154	617
512	653
289	736
257	581
29	655
374	691
284	604
84	607
528	618
435	573
142	679
349	696
132	659
311	708
353	686
98	601
137	722
265	611
161	713
77	737
302	776
487	718
343	596
148	666
426	665
8	647
361	711
415	615
327	730
112	576
430	741
493	709
287	764
449	705
196	606
19	652
301	701
141	638
65	675
183	575
391	778
179	763
107	561
522	680
538	698
402	742
35	611
267	641
445	680
359	601
428	662
252	731
425	614
530	625
137	613
121	587
332	732
246	586
330	724
216	705
510	691
485	761
64	704
199	597
392	700
416	587
81	639
491	714
213	633
76	572
410	762
559	733
64	652
346	656
447	719
546	642
126	779
557	659
187	625
272	654
411	715
513	719
166	758
164	775
309	570
155	744
1	585
347	667
368	766
94	642
67	682
157	776
455	726
216	596
90	579
455	781
517	572
383	751
73	744
266	697
211	670
367	560
50	654
450	696
551	665
489	736
320	684
56	584
100	740
15	626
530	650
458	593
261	656
503	700
306	655
559	723
550	703
436	702
127	666
222	599
519	752
231	739
410	743
538	768
461	716
498	568
96	670
364	715
401	640
76	731
186	619
277	774
270	769
297	773
445	760
188	626
500	696
459	638
122	783
253	591
12	710
124	704
521	602
7	621
177	669
299	578
336	677
263	698
313	727
113	571
44	771
38	705
212	724
422	778
306	620
222	773
338	656
197	572
465	581
160	763
107	650
170	693
437	775
282	658
276	750
523	577
219	634
378	769
27	780
241	710
475	589
175	736
391	670
214	732
300	712
74	694
451	586
118	779
190	675
37	712
189	661
111	772
192	782
555	677
228	746
552	580
268	674
17	623
184	678
340	782
83	759
350	690
240	574
415	653
123	562
185	760
109	779
95	718
502	750
53	628
515	590
380	742
169	631
148	619
554	627
500	602
521	660
49	651
298	598
93	605
329	626
331	727
273	737
167	777
506	739
19	781
198	668
262	572
2	764
517	769
344	759
20	706
242	780
163	602
485	587
61	747
431	626
277	754
203	773
335	601
297	654
210	652
366	728
484	591
168	722
318	605
110	614
40	683
329	694
18	566
332	735
10	622
232	651
548	673
319	743
234	597
547	757
388	564
448	689
395	737
296	656
469	634
400	617
291	586
321	728
31	690
198	781
484	706
29	697
516	584
298	702
25	567
476	765
3	593
422	624
151	562
324	676
192	669
361	735
509	736
235	589
328	738
104	762
338	704
468	720
118	646
471	574
457	615
188	700
557	681
116	721
23	622
185	745
515	672
537	644
545	667
480	714
512	740
82	690
520	749
547	756
477	578
261	595
58	604
44	616
525	776
526	697
282	604
75	654
495	601
6	731
202	709
448	749
355	735
481	606
333	595
304	569
356	579
278	645
540	674
215	609
20	721
4	583
225	720
51	775
208	580
201	722
494	770
385	655
441	616
74	777
339	566
524	696
462	593
382	575
270	754
394	648
552	588
558	647
269	703
295	676
318	566
135	671
70	590
84	718
62	672
417	613
543	723
70	623
193	666
303	653
153	624
495	748
433	694
536	563
541	650
497	729
249	782
225	693
136	758
302	611
348	768
115	732
436	595
271	717
150	715
144	631
333	699
36	733
507	672
472	678
469	560
22	588
79	560
115	748
447	771
26	671
158	629
461	771
370	699
173	738
343	616
288	707
373	700
553	612
371	643
227	622
232	594
443	778
123	664
226	743
522	561
280	749
157	563
383	705
279	773
466	639
219	660
161	726
52	694
144	630
444	716
312	754
540	708
496	655
48	636
45	621
229	676
204	749
54	633
349	609
313	662
535	684
295	708
452	670
463	768
204	756
164	561
48	631
65	687
504	658
373	658
162	721
218	678
106	683
499	768
101	633
427	632
511	595
409	639
358	630
377	627
42	569
165	703
387	688
382	593
55	599
412	679
81	600
182	621
334	757
360	782
106	627
344	571
518	643
251	648
186	583
244	659
3	581
505	623
476	663
183	765
527	779
214	685
362	592
404	686
243	657
230	770
111	681
534	707
127	599
37	679
326	773
33	607
364	762
217	640
456	757
312	574
132	686
233	720
99	751
363	635
304	713
542	692
117	695
418	688
518	691
63	572
264	660
121	649
125	743
454	577
421	695
421	766
508	584
139	565
71	610
54	589
324	633
166	600
417	714
357	635
223	701
439	745
490	621
437	739
171	734
555	632
57	642
18	737
73	573
66	620
337	699
194	730
458	729
305	781
26	706
22	739
348	651
252	682
176	716
224	767
314	629
189	591
482	750
506	732
474	618
136	609
182	687
316	683
102	772
464	728
246	720
470	725
124	733
384	734
260	680
438	711
91	657
14	659
119	618
247	606
492	688
475	684
145	723
218	692
317	603
525	731
4	632
442	729
441	636
201	642
14	733
450	605
544	562
122	758
235	565
16	570
264	776
323	738
9	761
334	736
205	681
275	766
474	770
24	680
30	629
509	727
47	600
169	637
105	657
88	759
151	730
372	629
454	699
418	576
453	727
125	748
342	621
354	698
378	585
342	722
269	693
357	662
478	693
409	601
362	644
407	708
208	623
280	762
541	618
159	628
429	579
352	713
449	585
369	776
345	684
320	638
307	581
472	677
293	688
514	707
359	771
163	679
435	685
59	685
92	576
190	752
205	592
172	610
210	725
88	604
6	710
395	615
548	740
238	664
315	771
486	636
75	692
389	582
174	713
350	734
187	592
523	610
429	746
7	734
57	615
288	701
30	728
89	577
321	609
221	569
398	622
331	717
397	608
28	637
491	649
399	765
537	646
363	563
140	746
326	603
451	608
134	603
11	723
89	689
308	574
149	571
412	687
255	767
479	767
504	731
365	664
153	783
300	637
156	579
129	632
275	722
479	746
228	750
262	592
155	573
236	711
285	753
286	703
149	582
80	591
558	741
387	764
351	663
330	732
146	759
46	571
260	567
61	780
16	598
63	701
86	664
150	751
513	647
168	725
442	636
311	695
419	594
90	565
432	648
212	753
215	753
60	751
273	717
97	760
114	765
463	613
459	664
402	741
195	646
352	594
471	567
178	611
290	567
5	628
308	772
443	772
553	738
424	611
43	777
146	682
494	772
195	682
488	567
