mmer1	mmer2
183	352
140	290
128	306
188	319
38	305
34	295
182	319
44	323
102	292
213	381
191	377
272	386
127	280
95	366
151	388
65	387
56	324
251	359
200	351
16	318
135	298
97	375
141	299
81	344
42	307
80	336
194	284
24	321
86	297
76	374
223	335
60	338
132	386
161	309
218	286
199	311
120	328
211	367
270	328
105	337
156	332
206	343
167	297
108	306
172	382
271	349
196	365
57	391
13	339
267	314
41	330
130	351
18	318
217	326
30	328
24	291
44	385
52	313
88	364
195	354
226	301
265	315
40	352
33	347
129	359
106	356
46	345
182	300
146	367
82	342
263	286
223	370
166	312
226	368
274	358
98	343
228	350
116	378
121	377
163	345
197	355
162	315
70	314
137	363
163	391
152	320
232	344
113	348
240	373
73	382
184	388
176	325
187	376
245	353
237	280
181	383
3	354
266	333
273	363
125	281
244	288
222	349
278	367
89	363
70	339
15	368
28	374
191	333
68	341
58	364
249	346
213	319
255	331
138	366
263	353
7	357
270	325
102	311
177	316
258	302
185	289
150	379
145	369
224	293
88	376
267	368
268	362
106	321
129	299
192	389
51	284
241	343
76	330
96	355
22	313
149	388
136	296
55	294
80	327
147	311
240	320
222	326
7	334
47	365
207	296
62	322
187	301
137	366
175	372
39	358
115	316
124	338
198	359
256	366
141	386
74	326
33	310
92	361
99	300
26	298
227	281
128	295
205	332
155	324
27	382
92	295
101	292
158	290
17	289
230	390
1	292
147	380
257	353
46	286
11	380
120	299
100	323
233	329
234	299
77	373
50	329
146	292
6	384
269	281
50	283
229	369
4	372
276	344
118	350
257	375
262	309
158	379
132	305
171	325
188	338
89	310
23	318
43	293
180	379
1	373
139	339
162	345
253	297
238	283
275	308
0	298
184	323
43	303
109	288
31	368
49	370
142	352
173	329
16	288
232	340
214	335
230	326
189	318
136	286
135	356
107	381
173	317
166	317
91	391
8	306
37	323
225	287
31	369
72	306
119	336
271	334
94	387
63	294
235	315
97	309
148	349
75	379
75	331
250	289
142	302
209	358
51	329
6	340
274	298
117	375
108	343
113	345
84	346
130	310
20	324
45	321
36	283
131	374
179	283
22	287
245	381
248	338
35	380
140	391
212	303
19	337
149	307
260	308
185	285
100	366
220	315
14	368
252	344
220	328
248	376
91	333
215	313
30	365
183	324
65	362
178	304
104	327
239	387
203	317
159	302
66	379
27	332
0	381
260	367
66	390
208	349
153	291
111	348
207	334
48	381
275	299
242	378
105	293
28	331
32	314
29	364
107	294
199	327
269	387
56	370
254	298
244	322
254	343
176	291
9	320
53	377
150	280
272	385
71	290
59	350
77	333
198	282
156	388
62	377
82	358
206	312
179	389
19	387
196	313
174	386
161	312
54	321
40	303
3	322
29	288
208	380
87	357
217	322
236	345
90	291
86	356
32	390
238	285
168	361
202	370
164	376
155	377
252	291
167	337
178	374
192	320
264	342
234	290
57	292
2	308
114	287
138	383
69	309
160	341
12	319
25	316
64	361
170	357
73	310
174	335
221	378
34	312
21	289
36	352
186	341
247	340
8	353
278	314
229	302
177	331
243	296
154	350
49	311
236	373
246	369
224	354
268	389
124	328
153	316
20	287
165	302
144	364
170	385
53	326
67	359
85	384
14	294
259	295
258	327
165	333
246	378
160	331
94	338
112	313
221	339
35	334
79	362
273	297
60	320
276	305
98	329
123	310
242	306
134	319
133	281
74	384
90	362
231	376
21	297
169	304
103	389
190	350
38	353
193	335
239	371
71	332
122	282
119	296
39	337
249	321
37	305
154	360
145	295
253	303
10	360
211	289
225	352
168	363
18	385
256	290
48	380
231	294
26	357
122	367
171	360
139	382
261	342
216	348
261	370
259	365
262	355
99	389
169	339
23	336
123	344
110	351
266	330
227	361
203	323
61	351
96	355
241	336
63	357
5	281
228	363
204	391
64	369
114	325
144	374
193	324
152	307
247	342
5	359
13	282
109	327
118	287
134	362
10	346
190	349
237	371
175	384
255	372
214	293
131	351
11	375
186	365
116	356
181	322
210	346
251	358
264	348
204	312
17	315
115	311
197	385
205	360
209	280
83	332
126	284
95	283
172	303
59	285
194	356
61	348
164	296
200	340
103	304
125	354
55	354
180	378
151	325
47	335
78	286
277	386
143	284
243	388
81	355
202	341
219	314
2	382
93	330
195	384
215	364
41	383
235	337
69	280
212	383
133	285
157	285
265	317
58	284
104	347
157	371
110	300
85	340
112	360
159	282
126	300
218	347
45	371
25	316
233	307
219	373
72	372
12	371
68	383
279	342
201	317
78	336
117	282
9	341
87	334
42	346
216	375
279	304
101	307
250	372
201	347
277	300
143	308
79	304
111	318
84	308
210	288
83	390
127	301
93	347
52	301
67	330
121	309
189	293
54	361
148	301
4	305
15	390
