mmer1	mmer2
480	583
2	665
432	700
434	739
386	656
102	731
495	722
541	672
559	719
172	643
320	756
201	780
32	690
58	626
124	661
190	654
114	691
62	704
383	583
484	774
485	581
161	665
88	649
285	592
249	673
520	622
530	640
396	610
439	770
536	744
378	688
479	641
464	690
133	653
263	759
282	662
105	743
339	706
74	729
214	692
415	605
496	735
443	681
420	617
387	701
471	621
414	599
523	758
49	661
96	659
34	607
277	705
123	727
322	716
182	736
312	655
344	691
196	608
441	728
355	644
427	660
533	636
534	763
351	757
424	741
548	747
314	739
370	675
330	677
427	631
146	606
213	764
440	652
341	565
95	630
14	616
439	761
164	765
20	740
164	584
61	766
36	772
473	633
228	684
219	748
382	665
53	595
237	718
393	563
188	644
480	647
264	597
482	617
29	745
424	731
95	629
366	609
305	657
404	672
369	638
229	709
378	745
134	593
275	732
545	685
44	600
37	618
350	782
92	600
239	569
495	730
87	620
255	628
423	652
11	697
89	599
235	613
492	716
8	605
435	716
241	601
93	733
9	781
110	658
221	734
557	649
317	719
281	668
200	681
430	582
87	569
446	721
381	639
508	671
147	578
197	707
507	672
544	720
177	590
327	675
120	683
139	587
445	560
18	723
477	576
70	663
127	654
67	562
298	662
214	638
290	599
522	601
329	767
26	699
446	749
1	637
245	595
554	752
170	609
461	642
354	611
25	753
363	729
396	772
390	737
428	751
37	689
143	734
453	781
233	670
455	633
217	696
69	712
544	615
237	682
53	667
98	626
471	602
209	638
288	594
243	770
75	683
257	579
94	783
340	584
406	630
481	711
66	681
215	591
273	677
503	647
93	642
11	732
272	607
215	608
317	757
99	625
451	608
300	704
343	714
158	726
496	739
410	733
497	614
268	709
457	722
224	607
264	769
211	752
436	605
158	653
469	678
401	650
82	760
391	777
299	601
258	652
490	776
458	777
59	736
283	745
551	627
240	720
28	683
224	560
515	695
12	702
229	607
325	680
514	731
275	697
419	729
525	564
486	566
82	703
368	690
100	671
423	741
315	778
149	691
426	669
494	666
360	695
410	643
101	756
501	754
216	586
449	664
270	598
185	626
321	610
242	599
470	651
44	589
306	771
244	708
434	657
142	574
39	715
176	693
380	596
513	620
155	713
339	755
7	595
221	747
260	584
8	734
382	582
294	640
210	679
222	702
138	655
415	622
86	588
216	701
511	574
519	684
73	743
558	709
546	694
497	711
247	571
397	726
80	740
226	571
429	596
459	616
535	615
346	625
305	732
218	771
101	740
319	745
267	679
548	713
277	704
135	755
524	750
524	629
39	610
10	627
437	621
516	572
17	715
253	688
327	642
91	757
259	706
552	575
514	727
443	663
318	762
539	645
453	768
204	672
505	678
157	774
441	741
345	567
430	624
403	625
518	710
34	581
537	720
271	762
530	772
419	604
38	636
50	769
226	677
22	639
5	771
107	741
183	763
301	641
400	568
270	585
137	678
526	707
249	710
384	743
242	773
41	641
42	629
429	587
334	651
298	687
149	592
58	580
528	754
408	636
288	582
326	685
328	621
436	779
258	575
46	695
167	704
130	761
169	746
234	781
532	756
335	757
184	642
230	660
431	657
487	694
370	755
529	589
220	619
154	654
373	575
389	738
77	602
4	570
52	744
501	696
452	780
293	753
533	782
165	723
111	601
400	687
489	676
448	646
157	674
397	576
155	680
108	676
31	670
557	615
416	612
228	760
498	576
332	764
407	657
159	650
276	641
320	681
432	580
384	706
442	677
483	574
391	764
194	698
537	709
150	638
504	736
120	565
348	759
468	780
14	596
189	635
54	659
199	619
180	686
104	688
205	745
447	772
5	778
243	756
170	623
355	586
6	726
46	694
316	578
23	610
546	718
245	577
42	581
172	679
527	721
392	606
43	568
85	720
359	632
507	727
466	603
85	636
132	703
251	564
538	626
109	648
358	604
68	764
316	771
405	573
417	724
13	646
160	735
255	762
394	592
420	564
78	601
349	725
64	635
521	663
167	677
373	685
297	572
319	682
413	623
246	572
112	643
297	656
273	632
300	760
33	678
454	757
433	619
209	564
251	577
460	668
135	611
343	710
182	687
110	582
16	724
107	778
543	590
477	597
118	755
106	723
15	616
550	730
7	684
79	769
272	716
307	625
66	779
24	762
119	606
78	748
256	668
488	728
148	567
491	640
45	652
192	749
83	775
392	647
232	700
122	726
147	768
47	706
554	692
416	705
19	779
331	639
45	675
22	597
17	645
505	641
33	708
198	766
450	774
472	720
171	567
114	775
163	767
534	653
552	775
329	626
133	730
177	591
100	580
30	572
92	636
117	782
421	685
65	783
40	715
152	666
307	765
385	770
129	669
324	700
302	767
260	588
268	579
178	632
372	719
282	643
40	685
550	573
89	738
386	767
549	568
337	608
94	598
313	612
154	651
208	648
309	749
306	585
338	628
289	612
428	622
217	663
542	699
292	590
35	668
196	697
173	667
463	568
284	746
265	655
204	565
347	614
117	586
211	758
558	778
500	628
407	660
425	775
208	765
308	631
102	561
47	592
541	717
257	696
175	622
325	734
166	565
26	747
367	632
183	752
321	610
515	614
21	717
205	695
63	780
28	734
140	674
365	686
369	565
413	600
41	574
195	746
186	664
310	667
517	765
527	776
16	769
32	598
248	709
286	570
20	594
152	582
231	698
188	665
99	758
230	666
115	663
418	726
238	644
212	733
460	669
473	576
187	662
193	675
279	597
292	779
556	566
311	753
134	754
466	728
525	679
390	622
278	656
233	678
206	573
108	590
540	768
372	751
227	660
412	698
156	700
227	611
502	681
195	693
353	751
10	571
174	692
126	588
461	580
388	623
160	691
398	679
340	577
389	768
334	585
27	732
202	729
356	775
553	577
540	721
452	620
280	604
192	725
296	639
240	651
475	646
223	705
91	748
333	766
121	776
253	713
131	705
402	606
234	578
394	632
55	571
454	765
51	580
304	669
88	564
499	570
299	578
512	573
444	609
385	738
98	574
375	595
206	773
12	587
9	755
190	713
478	703
136	608
194	607
203	708
323	686
67	777
281	710
181	640
150	609
276	694
379	717
80	759
458	649
510	561
128	781
405	649
449	629
203	778
103	581
30	615
143	633
467	703
248	770
236	719
532	655
269	733
295	758
97	613
220	783
318	748
113	736
90	611
379	670
105	724
18	569
447	563
493	673
450	660
166	698
186	631
359	773
431	633
520	708
345	631
31	704
328	592
356	690
381	743
531	750
523	702
422	780
51	686
24	673
335	603
364	653
15	605
187	721
179	776
301	680
465	569
127	647
368	777
456	584
161	708
333	742
241	777
148	612
437	575
115	639
65	750
433	595
526	647
486	736
266	705
377	697
197	635
465	718
371	613
290	613
168	747
286	668
462	746
63	646
459	683
176	759
529	746
159	673
263	602
262	584
313	691
342	635
2	658
303	738
86	600
64	770
139	717
210	561
380	744
361	735
490	761
178	614
279	738
302	566
168	698
506	604
156	562
57	615
481	701
291	566
239	621
56	766
191	781
144	618
403	562
48	760
399	609
438	630
137	630
199	634
491	569
500	682
484	728
191	605
468	599
521	702
180	702
247	617
96	696
70	682
435	614
451	771
27	635
395	750
181	563
213	766
145	680
265	659
235	562
72	773
119	743
153	613
376	664
76	651
83	767
145	655
412	749
225	616
59	575
72	754
502	667
494	716
104	682
393	707
38	683
162	737
518	697
0	667
171	653
478	700
455	744
207	722
363	572
60	692
202	618
499	597
153	570
409	747
77	754
479	706
222	638
411	590
411	748
311	606
21	763
246	645
74	648
151	568
169	576
269	756
336	629
212	707
79	763
97	648
223	648
57	637
225	561
336	749
236	578
457	693
244	631
364	657
259	661
116	633
374	715
84	627
55	713
250	567
250	662
35	637
539	680
309	783
414	715
448	649
54	718
474	611
445	652
165	669
289	567
519	740
50	774
538	618
404	714
456	761
358	671
517	676
492	730
362	562
274	730
535	658
342	779
506	694
109	689
371	727
267	735
324	594
261	721
352	566
81	577
71	603
463	671
36	764
543	782
130	671
162	625
354	619
406	687
469	674
193	643
330	774
81	662
322	624
295	750
284	719
128	664
200	714
179	751
476	752
29	579
113	741
296	624
84	676
338	560
464	731
367	619
353	723
512	761
126	661
261	640
551	645
75	603
470	684
545	737
254	758
417	650
140	623
121	628
388	686
136	731
536	676
508	710
287	696
401	724
503	656
111	620
509	695
310	623
308	753
219	732
125	692
144	616
474	666
351	586
254	642
274	650
511	768
421	772
350	723
19	585
366	672
314	703
467	645
6	742
472	665
482	688
189	634
349	688
387	604
315	674
357	570
252	588
232	673
287	583
43	563
3	701
425	650
352	620
163	753
138	571
184	740
118	593
207	596
132	666
238	776
375	733
402	712
553	581
555	727
337	670
422	689
547	596
516	586
489	624
440	714
531	689
56	583
360	624
278	711
331	722
141	751
198	670
125	593
142	588
52	674
559	752
218	659
62	634
23	735
13	598
146	603
395	693
549	783
377	560
444	699
476	760
122	782
60	722
294	560
513	585
475	579
231	773
3	628
399	711
185	714
312	739
201	724
103	717
283	593
123	659
129	728
323	617
398	739
347	579
374	583
90	718
304	637
365	763
25	637
69	612
426	617
409	654
376	591
487	687
106	725
362	591
61	587
285	621
280	675
141	598
4	689
418	618
348	600
509	573
357	725
361	729
332	602
528	644
262	762
48	744
173	658
1	587
346	563
483	737
252	594
542	707
116	589
124	634
555	684
547	627
498	690
131	591
73	627
504	589
344	594
341	654
291	593
174	742
76	737
71	630
408	701
0	742
488	634
438	646
112	769
442	711
510	656
175	664
326	759
556	742
271	644
151	725
522	589
485	693
68	699
383	699
293	661
462	602
266	712
493	658
256	561
303	712
49	712
