mmer1	mmer2
463	696
262	644
341	738
114	757
183	563
176	721
76	591
236	675
331	683
21	650
140	618
388	766
26	691
368	651
27	747
497	638
209	582
169	779
246	661
39	782
113	651
77	735
115	720
448	751
287	694
257	625
186	769
500	680
326	582
237	569
300	660
285	641
512	601
519	623
51	666
423	562
331	659
292	744
174	597
254	681
298	691
149	658
478	626
492	616
319	700
541	749
547	602
329	580
175	643
157	781
518	711
253	618
316	592
253	670
52	762
242	604
411	708
95	605
44	580
379	597
313	753
213	561
94	709
49	688
386	610
453	610
457	658
354	669
305	592
75	698
329	648
233	747
53	604
141	571
498	630
249	649
393	606
7	738
45	567
42	615
365	726
58	584
155	653
426	644
497	596
36	761
404	757
66	640
34	729
246	636
270	668
148	729
292	739
143	700
459	764
251	582
493	727
526	595
69	677
116	583
158	716
240	586
500	586
64	645
291	591
197	573
19	571
161	645
415	609
128	761
424	755
330	656
96	674
91	648
44	749
550	678
197	655
409	564
216	767
353	759
317	593
5	742
545	744
43	710
395	733
482	762
410	752
515	583
136	688
479	783
248	750
97	640
483	770
103	778
462	575
360	764
513	642
146	577
516	585
276	709
168	782
198	606
374	649
549	570
506	603
202	560
241	660
359	718
508	751
321	583
298	569
421	667
308	587
250	776
108	633
227	584
491	650
282	669
358	653
444	667
370	637
483	718
119	724
10	751
465	678
530	676
281	733
127	742
163	628
67	572
423	673
446	591
361	745
49	585
17	600
234	578
278	597
1	771
388	627
248	607
263	602
494	608
137	626
215	745
211	723
243	650
216	736
558	657
511	609
372	648
214	605
495	765
545	750
203	758
462	721
0	731
38	714
190	716
122	783
441	706
211	712
534	591
490	631
84	652
389	634
14	577
453	782
147	760
73	690
35	672
179	609
396	772
479	582
325	763
218	599
24	595
250	763
154	620
86	616
366	768
284	765
70	719
501	709
59	717
95	637
555	689
188	654
15	701
99	685
185	771
196	617
56	747
297	652
533	688
459	717
548	579
294	623
159	639
124	567
409	586
21	775
88	779
516	565
452	705
271	630
473	673
502	620
192	725
514	659
558	592
456	680
104	614
345	722
443	563
88	742
478	598
68	663
528	760
144	724
313	705
59	780
227	663
188	686
144	629
288	710
83	768
132	703
30	589
231	605
314	664
326	695
340	684
435	728
263	627
510	576
400	666
454	781
551	573
309	659
487	624
451	629
150	683
415	618
323	613
403	624
399	782
474	613
460	731
192	734
13	561
283	713
425	585
455	607
559	661
228	696
486	568
357	721
279	701
195	703
93	640
486	677
82	746
112	705
438	620
148	594
507	683
11	611
195	656
364	590
64	774
371	574
521	679
446	714
58	671
405	618
278	578
9	758
11	643
447	689
269	568
124	760
14	657
146	743
377	584
369	565
493	758
175	599
509	645
522	665
354	772
160	655
158	572
509	769
160	592
383	637
139	732
548	700
149	659
230	587
362	719
73	598
504	566
517	739
100	783
375	764
177	581
181	643
375	607
6	625
255	704
559	622
123	632
126	698
382	781
395	697
54	598
470	696
348	699
460	583
178	617
443	723
155	654
241	761
352	561
207	781
2	640
61	692
402	733
0	762
552	636
275	640
532	674
280	685
367	765
556	589
106	734
125	705
499	701
133	694
338	633
173	593
154	668
217	708
531	759
50	717
376	734
85	697
9	619
475	560
127	711
327	682
13	594
80	756
281	737
205	735
131	574
373	619
468	676
474	601
129	748
29	573
303	770
473	645
4	729
430	672
102	775
193	769
96	636
89	702
401	730
45	690
519	667
32	728
384	741
10	681
503	767
84	773
48	702
523	777
383	674
210	623
90	675
401	760
247	670
489	568
93	574
135	783
425	776
328	732
551	654
467	638
285	611
24	750
199	665
74	670
17	682
301	709
390	653
165	735
306	656
114	671
295	617
349	692
37	780
238	600
387	766
532	593
72	647
221	771
240	732
373	682
117	596
330	628
351	646
520	716
111	771
350	721
521	616
194	693
166	646
169	613
3	750
204	584
257	686
393	597
208	595
421	762
132	642
529	774
480	661
442	634
190	603
110	657
303	587
495	573
476	720
501	581
440	591
408	695
111	597
258	740
448	587
398	580
65	588
63	609
51	663
256	624
176	646
471	662
237	743
260	741
91	603
332	574
184	580
20	763
490	755
539	758
191	577
553	670
262	581
113	619
467	691
63	602
157	622
438	690
411	655
361	696
413	639
115	729
242	569
320	726
89	717
86	765
293	616
336	703
280	568
372	564
345	624
264	647
172	651
40	602
537	646
234	768
550	642
261	774
56	777
218	728
18	653
505	681
109	722
336	755
380	704
267	744
465	711
32	651
556	651
104	778
82	702
76	560
130	679
430	677
381	726
16	600
220	738
194	639
133	587
498	724
481	713
153	779
436	575
20	604
358	715
274	699
402	572
435	574
207	679
339	765
179	685
131	721
422	735
116	733
517	740
314	581
41	755
229	738
343	652
180	722
546	629
469	736
208	767
112	578
23	562
99	613
239	742
78	631
306	622
419	775
225	761
153	680
72	772
135	762
187	568
39	639
41	641
71	619
434	689
107	719
6	658
308	734
271	560
254	767
514	772
531	576
164	680
403	570
533	697
170	737
65	603
439	780
57	676
171	727
200	635
536	630
185	663
3	654
233	736
417	625
159	690
102	562
29	675
279	680
312	652
120	642
53	669
535	745
359	705
255	585
333	666
477	600
322	610
400	576
62	694
537	685
364	650
394	703
215	614
447	704
87	730
119	718
97	566
496	641
320	684
378	748
201	576
266	613
31	733
512	592
70	724
466	635
546	648
12	619
346	594
55	734
269	703
1	572
138	608
530	585
98	668
542	690
23	604
289	589
511	706
8	622
238	634
328	753
416	665
16	646
277	656
226	626
48	635
210	643
543	755
341	692
223	700
408	728
317	706
444	615
418	740
277	711
136	566
323	571
441	605
251	698
470	694
265	618
457	600
335	671
529	586
290	673
456	775
276	769
147	694
346	748
407	700
524	725
311	752
259	658
369	695
357	584
310	731
549	664
213	637
267	753
502	669
295	746
477	588
475	678
239	626
118	776
283	650
406	691
134	706
339	611
374	719
4	641
79	588
340	569
406	677
137	717
518	688
193	564
419	604
77	562
431	590
449	672
445	713
19	667
394	743
290	672
387	720
472	704
261	617
286	605
523	691
141	662
299	575
482	659
405	626
47	606
324	612
202	590
219	599
480	714
468	744
524	748
327	707
291	677
217	563
557	743
392	579
557	643
318	601
366	656
355	565
499	620
396	661
352	644
294	647
101	595
156	647
429	638
166	642
43	679
25	741
344	730
90	770
101	768
368	738
252	564
458	777
256	631
505	652
316	752
552	718
350	612
235	745
437	589
553	577
284	707
289	671
264	730
259	624
286	569
103	599
428	635
363	766
108	678
171	621
412	664
22	732
554	599
206	750
398	578
40	627
230	686
337	582
61	614
224	778
236	753
452	768
412	697
377	688
12	572
464	637
471	742
8	693
450	735
54	662
206	647
342	593
386	616
22	707
187	724
380	729
356	612
392	606
268	702
451	760
162	595
223	684
506	718
304	774
7	693
282	578
183	668
47	630
57	665
55	580
28	683
370	719
367	723
432	566
232	753
139	698
109	756
37	644
428	576
209	564
125	759
260	722
161	686
538	687
110	747
332	702
454	598
543	565
376	648
181	628
458	570
348	660
232	773
68	763
520	632
214	628
38	636
80	674
265	633
539	741
150	675
165	731
228	756
347	699
219	769
178	758
66	701
62	698
494	707
224	614
204	561
356	629
344	602
167	561
508	676
28	770
554	627
302	736
245	741
461	693
360	761
275	614
247	632
420	715
50	612
46	598
189	612
391	725
347	737
338	756
152	706
431	759
311	627
145	634
243	730
249	630
492	638
351	767
472	649
528	573
450	748
87	673
245	726
92	621
174	684
436	726
540	567
504	759
489	704
106	658
503	771
2	560
312	586
83	617
416	588
27	660
542	625
525	606
184	732
322	607
129	697
535	779
212	740
300	686
138	685
134	743
355	661
466	749
491	679
168	607
35	590
307	716
33	603
173	649
177	583
162	621
130	696
272	746
389	611
74	577
296	581
287	752
142	567
481	601
365	764
488	746
515	754
536	593
414	672
343	689
422	631
342	739
538	722
79	676
293	757
541	783
302	689
319	660
140	669
186	739
60	608
145	609
225	715
164	731
274	710
385	635
85	692
391	657
212	621
167	668
429	667
299	757
427	715
5	653
464	740
120	674
266	615
143	699
318	773
390	780
527	714
229	720
488	634
81	782
334	687
198	611
98	723
353	707
437	752
381	774
449	645
81	663
485	570
151	655
75	756
46	712
92	665
424	775
170	588
335	657
220	728
67	563
100	641
118	754
325	777
397	751
525	589
469	708
363	695
128	727
404	779
180	770
496	716
397	566
42	654
205	710
414	699
309	723
203	739
307	747
182	776
540	708
349	772
427	610
434	601
305	567
123	780
25	632
30	666
199	655
191	590
476	623
273	711
26	744
461	623
440	763
189	710
121	754
362	579
69	575
399	673
156	682
122	695
507	594
315	632
34	664
301	594
94	712
18	751
417	662
385	773
182	746
426	608
163	778
484	778
384	712
31	681
534	636
315	687
433	571
555	670
222	575
484	633
196	701
52	629
288	777
463	622
371	625
71	671
513	644
304	684
526	754
445	562
201	563
107	693
15	749
33	682
105	687
235	615
272	681
455	570
522	764
420	737
231	766
378	727
200	708
105	631
226	664
244	754
334	736
273	579
117	749
382	579
413	714
487	737
36	776
410	713
142	683
321	766
296	715
121	712
333	692
407	678
510	720
337	649
442	633
172	608
152	571
439	639
379	620
252	745
221	781
544	675
258	628
244	757
270	725
485	666
544	638
151	615
78	596
268	687
310	773
433	709
297	610
60	565
324	596
126	727
222	596
547	725
432	662
418	621
527	713
