mmer1	mmer2
84	776
95	564
16	634
53	688
393	675
400	693
527	585
177	600
342	582
444	675
150	739
446	620
89	668
368	629
514	743
15	635
75	645
399	660
377	573
146	608
490	692
112	604
180	716
154	570
11	737
286	719
215	692
330	702
130	618
492	765
223	717
114	772
132	734
261	781
146	780
112	644
91	590
511	663
391	750
206	648
255	593
307	715
227	610
58	624
41	637
347	742
529	579
378	677
308	636
89	585
553	700
113	729
465	640
257	703
455	618
199	772
467	579
535	750
142	580
504	726
191	567
59	671
241	717
472	755
514	696
101	619
52	745
91	583
269	616
56	655
5	762
552	574
491	706
111	585
361	673
431	576
356	741
176	680
248	739
473	631
286	602
315	651
13	677
428	687
81	653
138	658
80	595
287	578
413	765
392	624
239	625
402	647
312	740
69	602
551	754
162	755
324	612
271	777
437	672
314	591
339	688
283	690
494	764
375	674
407	606
431	702
524	581
319	782
25	695
503	715
61	664
29	654
371	610
216	724
259	712
128	720
28	600
478	722
24	667
77	722
337	690
317	566
310	650
185	760
357	654
243	607
476	728
232	680
7	651
60	575
90	593
12	767
362	693
440	671
476	663
17	769
21	574
311	637
228	565
284	605
426	779
86	593
359	681
410	627
502	641
172	605
426	575
264	684
341	662
370	740
559	694
470	744
262	687
244	706
556	735
65	659
434	561
120	598
213	781
187	633
1	643
128	676
163	609
404	592
456	718
364	572
318	678
411	645
466	622
54	705
541	746
428	662
250	707
182	579
166	713
408	718
221	610
325	644
105	777
310	569
172	732
203	576
466	719
479	770
558	588
278	646
36	699
247	584
459	766
192	771
176	780
279	634
439	759
8	768
441	741
543	773
403	652
329	753
458	605
396	626
43	630
319	654
135	714
435	691
61	562
404	697
42	702
49	777
110	698
159	648
200	759
99	597
361	740
353	745
111	607
455	693
324	763
534	683
165	615
295	751
420	594
367	685
167	730
121	642
549	621
301	565
174	755
307	571
389	650
300	754
77	762
215	650
234	601
157	694
388	682
419	633
443	743
129	703
392	656
78	568
225	701
24	658
515	721
222	650
449	748
117	765
550	774
302	633
186	639
308	595
153	666
420	660
34	686
462	771
374	715
539	564
28	560
216	577
168	745
88	626
436	710
394	779
182	664
226	761
460	726
278	618
522	675
147	769
63	692
357	714
287	586
168	658
290	566
551	577
101	615
245	747
221	568
151	676
419	778
15	685
343	666
230	609
265	616
292	714
81	572
183	658
479	725
316	746
461	774
87	606
206	608
501	733
201	775
317	684
233	766
226	655
71	758
441	577
531	574
289	710
417	673
346	670
21	587
96	759
40	674
209	745
3	604
513	694
462	721
410	726
500	701
277	631
169	761
250	781
136	596
336	732
253	669
544	563
518	628
108	685
48	780
147	677
199	612
234	691
442	782
149	689
148	620
181	747
240	646
251	685
398	772
337	592
75	632
4	585
200	765
527	758
303	605
66	743
382	637
271	564
197	627
292	586
351	648
468	616
296	688
58	670
327	672
380	723
293	716
164	752
18	751
261	742
131	597
175	708
309	588
320	608
360	638
139	587
402	781
38	749
256	676
51	601
345	706
530	713
498	638
451	709
134	645
332	603
145	708
482	703
468	583
429	613
416	767
405	598
44	561
160	710
2	640
291	756
124	701
372	708
524	602
196	566
37	623
254	744
224	586
63	600
68	580
31	730
233	655
414	764
12	672
408	748
433	571
86	581
496	582
440	661
387	646
502	634
218	762
14	621
281	671
507	584
331	611
303	591
284	751
33	699
218	763
320	598
178	629
69	596
240	727
103	705
26	705
156	640
97	617
558	688
217	770
267	778
144	726
93	608
259	766
252	776
488	683
294	658
171	592
499	771
427	594
549	729
30	576
152	709
35	757
138	680
418	637
190	562
103	713
358	621
342	623
463	745
401	752
57	764
421	577
385	683
538	698
459	677
385	705
512	563
43	721
545	728
531	588
297	771
255	738
345	704
27	560
454	687
166	701
87	656
22	606
322	697
230	708
140	737
66	564
471	653
439	734
97	751
332	738
453	669
124	649
406	570
409	716
544	652
266	617
494	630
559	774
11	641
299	653
39	670
143	780
495	561
343	604
521	692
84	701
94	657
534	642
30	572
198	565
350	725
409	735
288	750
273	662
6	568
423	736
177	610
503	761
51	756
488	639
119	717
521	650
139	636
525	696
467	726
537	580
210	604
196	727
547	757
20	749
72	672
82	603
435	778
365	674
191	718
538	733
367	760
184	783
254	719
328	680
483	755
211	620
122	639
326	629
350	716
67	576
347	630
149	599
264	706
197	667
540	707
83	756
27	768
422	742
17	664
339	664
57	732
354	704
62	758
193	771
202	781
329	779
274	679
359	684
190	718
275	580
485	607
219	609
516	594
528	694
465	631
530	685
386	711
321	573
265	696
335	602
323	621
188	610
518	780
490	668
366	721
114	578
407	730
242	575
351	772
123	619
515	751
381	697
83	573
188	718
376	644
273	625
167	599
438	752
113	697
288	582
258	683
394	735
236	612
483	700
37	757
187	692
366	749
164	597
373	728
46	596
297	678
64	579
227	706
110	564
282	747
14	571
438	647
159	752
134	775
120	760
119	693
35	766
280	653
121	719
194	614
272	728
400	689
389	756
223	612
244	677
241	589
295	649
203	760
315	600
523	683
135	729
546	614
314	619
312	642
397	652
322	691
10	608
220	738
555	679
192	762
290	582
235	755
156	719
352	660
429	661
90	641
195	695
258	684
108	768
427	686
175	739
23	712
445	690
453	645
211	709
213	689
109	614
204	777
55	581
158	613
71	570
368	737
70	580
70	704
275	681
155	614
412	573
162	775
540	686
480	783
243	666
145	697
398	625
543	778
298	669
26	711
391	599
272	636
131	662
98	723
432	648
214	704
415	733
379	779
34	640
304	660
526	731
436	736
487	663
5	581
79	562
390	783
349	733
399	620
263	702
425	589
513	591
338	773
269	767
102	592
285	578
433	657
353	635
454	766
363	599
517	730
302	670
338	635
471	599
480	665
217	758
137	693
548	740
525	578
20	560
45	624
541	639
397	783
355	617
500	722
283	671
536	649
369	749
50	711
390	594
107	579
526	634
266	567
47	648
463	641
450	730
336	696
208	560
148	572
137	589
115	777
19	581
356	659
161	577
553	684
25	561
305	627
180	568
481	660
144	657
64	598
268	735
209	709
126	737
556	724
207	620
183	689
301	591
116	686
421	628
47	691
305	614
116	569
132	782
554	583
100	668
52	747
46	657
231	748
484	637
62	710
160	672
492	566
552	586
195	770
268	707
88	627
231	651
464	606
151	743
304	587
379	695
348	575
536	635
32	638
473	612
334	574
170	643
294	609
478	682
60	703
380	642
229	708
248	729
506	687
406	770
155	568
143	604
73	700
92	634
95	598
54	716
212	626
100	563
32	591
140	624
245	639
482	682
133	668
384	717
477	595
461	778
79	636
423	572
430	679
210	625
425	770
263	767
3	602
13	739
56	717
415	671
205	668
74	562
85	721
393	774
306	714
505	690
493	627
205	714
220	575
36	743
170	772
214	605
194	665
141	686
323	763
487	609
246	744
414	723
522	669
49	759
373	587
507	731
354	566
235	731
96	744
557	673
517	759
554	589
55	563
133	736
222	597
106	659
457	691
126	732
274	643
316	669
102	740
59	713
327	571
291	632
512	700
2	734
165	760
238	698
495	583
346	621
289	636
262	711
511	678
277	649
189	613
313	664
73	698
509	657
109	653
386	594
452	582
365	775
547	715
125	699
237	595
276	690
117	663
267	665
253	756
76	715
497	765
0	628
508	625
505	569
270	652
207	606
122	700
383	776
309	622
150	738
469	695
548	725
249	731
417	725
152	651
198	699
497	623
520	616
173	769
9	728
381	630
341	711
489	675
443	642
29	679
106	571
130	562
67	734
239	727
105	563
163	567
19	688
247	600
202	754
321	758
104	707
65	783
4	587
333	710
127	655
477	638
123	583
528	567
413	699
474	646
447	586
193	724
523	656
41	665
50	722
447	617
44	654
311	603
532	560
376	641
179	603
355	590
306	665
362	704
430	681
510	632
395	707
457	561
184	739
489	611
520	676
260	735
557	569
333	631
383	752
546	613
142	675
92	742
22	723
181	673
260	607
475	720
516	629
129	768
539	578
280	720
371	663
352	681
506	652
10	741
370	709
270	757
279	661
39	647
178	573
249	744
375	595
157	761
396	681
388	722
68	596
424	738
127	574
186	775
242	741
533	746
82	596
161	647
364	731
9	567
372	741
437	746
115	737
118	640
281	748
535	633
237	667
504	742
532	628
72	763
340	662
412	678
328	753
378	643
475	569
153	674
76	694
529	651
456	750
432	689
395	616
204	588
252	629
251	695
8	590
330	623
236	674
377	607
154	635
508	749
6	661
136	680
45	733
448	720
98	712
510	761
499	630
533	703
173	611
550	682
85	601
348	588
387	767
519	712
474	696
448	724
496	632
537	753
293	643
225	601
405	698
486	654
382	773
7	633
363	676
334	774
374	565
0	705
422	773
460	622
424	622
99	617
246	589
42	597
481	613
469	619
201	776
325	725
107	720
18	747
33	748
257	750
256	628
444	646
313	673
358	773
486	723
442	626
80	644
451	645
501	603
224	565
340	736
1	647
493	764
285	601
185	632
452	618
545	782
171	768
555	611
445	626
464	585
74	656
229	593
449	631
403	736
94	656
485	590
326	622
349	666
118	687
104	682
542	746
53	732
174	769
38	623
125	729
519	679
318	753
48	670
331	655
212	659
298	724
31	678
141	776
384	666
16	712
299	727
189	779
40	763
78	727
208	638
411	615
344	702
169	618
470	570
484	615
296	782
232	592
472	624
228	713
418	619
93	649
219	734
360	754
458	584
179	753
344	667
498	644
450	764
509	611
282	661
369	769
416	757
542	584
434	754
300	615
401	584
276	667
238	570
23	593
491	576
335	762
446	590
158	659
