mmer1	mmer2
149	669
262	720
30	665
204	658
320	685
129	743
93	572
303	596
104	675
151	715
508	610
281	671
476	744
422	567
403	615
537	763
122	759
372	653
107	567
74	635
197	659
202	670
248	593
77	586
218	724
301	573
386	582
129	570
320	757
254	692
526	726
44	650
478	660
217	569
206	589
533	616
221	638
507	667
38	601
66	638
11	577
82	566
425	580
496	613
125	588
471	587
345	673
373	765
96	768
81	717
559	773
184	599
192	591
333	602
361	620
259	684
279	752
491	624
147	756
189	721
132	714
55	734
109	718
516	639
103	720
531	673
255	570
215	692
368	641
68	664
388	775
455	608
173	729
38	696
395	656
219	675
103	681
208	609
180	640
505	775
217	712
65	705
76	764
198	587
475	710
4	577
228	628
490	732
111	735
42	662
215	758
397	748
557	666
503	694
123	637
342	572
318	656
523	722
51	691
159	564
474	678
52	648
426	731
209	566
325	590
114	679
405	574
232	574
376	601
233	694
57	681
170	706
442	672
358	661
473	644
467	668
1	711
272	667
237	627
18	663
384	579
455	585
265	571
259	688
112	636
195	738
310	603
491	597
42	621
288	652
187	583
111	658
73	757
243	771
6	607
397	667
428	626
559	736
290	702
162	596
7	590
81	690
20	697
303	752
420	768
308	663
275	723
106	607
191	627
297	710
347	701
222	642
549	589
95	699
47	576
89	614
37	774
9	747
260	760
444	781
319	769
306	678
188	723
179	614
160	751
84	693
552	657
487	765
226	628
46	583
545	632
370	681
62	680
100	654
33	733
187	724
437	676
117	708
127	578
226	648
539	717
553	619
118	699
168	639
178	762
344	588
19	618
234	736
175	718
375	619
335	606
133	649
17	674
400	770
332	651
146	686
498	700
152	563
239	611
41	691
204	663
95	604
509	687
104	614
150	727
171	733
93	641
453	728
445	688
94	682
88	643
474	651
476	625
515	783
382	770
11	664
469	729
538	565
365	671
201	630
535	583
440	782
542	742
494	677
120	676
321	643
46	629
72	764
418	755
483	671
148	676
218	709
154	782
501	748
182	677
82	622
300	682
161	744
353	693
448	764
540	714
424	561
27	570
531	590
246	759
25	727
435	739
242	569
21	754
330	711
333	699
355	610
90	749
465	560
9	685
373	738
105	713
293	757
341	776
36	706
414	732
227	653
454	736
556	779
79	751
108	620
460	645
145	743
194	617
515	705
481	780
378	750
314	748
456	587
529	605
177	707
484	767
51	638
386	630
246	641
22	683
383	595
341	616
429	631
534	660
163	568
140	588
377	585
431	711
100	611
6	707
517	573
408	765
346	742
493	697
175	636
50	592
189	646
437	593
452	760
381	666
258	758
116	565
343	598
348	725
88	666
148	655
89	704
29	579
214	682
154	637
126	672
27	650
324	563
504	673
530	634
229	692
503	633
137	771
449	698
220	581
153	594
271	607
547	750
72	774
520	661
135	630
356	580
339	714
350	599
326	705
488	713
174	598
126	595
511	700
502	726
22	616
418	689
406	624
61	575
71	703
84	590
216	777
364	722
489	603
287	611
340	582
8	644
413	652
136	746
355	705
473	695
284	604
343	750
446	752
32	701
323	617
412	603
508	755
264	640
462	700
377	775
292	622
238	587
431	685
299	609
134	620
466	615
486	690
248	713
307	643
453	612
366	741
135	688
241	681
227	683
172	572
282	651
101	578
374	623
550	683
379	675
389	668
69	584
296	569
362	580
114	594
171	575
317	670
306	745
205	761
249	761
350	767
75	672
270	730
367	674
398	740
235	600
356	591
49	645
551	608
73	678
10	634
8	686
514	657
13	654
408	746
203	564
354	641
428	632
499	684
113	734
110	573
28	563
308	643
274	782
165	703
15	606
451	630
58	708
132	644
307	609
59	584
516	669
374	774
351	618
403	616
67	688
236	738
433	681
383	591
452	702
468	748
252	565
253	599
412	633
475	754
336	579
335	561
322	588
494	573
133	586
435	740
12	658
141	741
167	614
153	719
108	683
404	690
155	606
106	580
423	702
304	780
63	718
459	698
177	783
128	626
19	598
492	759
392	595
57	708
357	657
45	660
481	704
529	577
65	687
118	712
240	741
465	567
346	583
151	753
59	655
23	653
166	669
506	735
169	782
223	712
152	642
524	778
368	585
483	588
128	712
536	637
169	659
276	780
490	752
419	751
179	724
61	691
181	770
123	715
39	748
477	747
208	581
365	693
251	708
139	768
547	767
203	689
250	767
235	599
157	649
324	666
338	769
388	592
291	572
371	778
423	615
379	758
233	745
399	777
2	670
441	640
86	727
87	723
331	777
120	624
211	679
210	630
280	755
122	663
141	736
331	589
309	649
143	635
497	582
311	703
360	743
113	778
223	684
345	647
58	720
283	761
551	628
232	749
162	643
53	752
417	599
486	581
351	567
0	568
164	740
414	781
31	719
242	739
325	750
524	572
119	566
469	725
362	677
236	718
144	691
472	709
91	706
537	634
98	757
96	723
33	623
540	632
512	756
285	686
266	682
228	729
511	710
367	735
166	616
518	728
357	743
400	665
158	766
510	612
376	634
446	640
102	670
296	607
136	717
439	686
238	731
426	571
480	659
543	673
266	629
443	707
74	575
541	712
191	688
329	700
288	755
174	660
434	737
407	598
264	754
117	654
234	649
205	564
41	626
282	721
278	608
216	763
5	730
279	631
119	655
447	727
363	592
70	652
444	694
165	725
389	668
52	656
256	719
48	702
433	600
3	618
378	602
219	686
417	773
361	617
506	619
260	577
222	595
387	571
268	662
337	620
224	560
480	636
297	699
139	565
385	579
332	569
273	777
155	753
550	769
200	774
384	583
34	605
173	744
402	698
347	623
461	569
212	632
555	744
327	730
470	637
396	696
213	624
13	580
534	575
545	750
80	755
40	693
295	781
467	697
301	742
464	648
127	597
270	625
24	760
60	715
500	720
391	632
380	575
271	749
302	620
527	635
157	695
85	694
40	562
339	596
257	773
184	761
305	675
406	612
463	736
56	730
231	634
458	584
43	700
97	697
322	597
401	735
200	633
176	661
448	680
439	665
372	651
558	659
263	734
370	560
14	592
442	586
265	691
116	710
244	664
17	753
49	739
501	647
300	672
199	777
54	656
457	590
459	560
451	771
241	622
313	774
2	737
201	754
83	697
188	702
555	687
311	601
182	645
360	593
489	722
24	682
28	739
450	655
94	734
258	595
415	695
514	687
207	571
456	709
554	740
445	562
532	684
429	622
5	767
64	589
513	566
519	624
416	567
309	762
479	685
147	647
29	658
138	722
44	701
63	669
263	592
295	574
518	565
436	780
334	644
298	579
161	669
64	651
183	604
269	562
68	589
482	687
546	617
438	782
328	644
505	716
410	758
176	591
440	776
427	627
0	574
292	769
160	619
102	771
15	704
541	570
509	719
334	717
273	738
338	665
37	692
294	770
4	662
221	573
253	608
464	560
554	701
477	656
99	606
478	593
207	775
156	704
170	594
115	707
149	745
454	775
249	568
305	721
99	699
485	770
336	672
413	619
20	707
430	760
542	689
168	623
18	723
14	772
317	654
499	689
528	581
53	633
12	671
525	716
385	584
471	576
206	649
523	611
507	735
231	720
493	577
517	601
278	689
427	611
286	597
302	754
276	696
25	646
359	724
298	623
462	653
369	609
125	759
76	771
35	766
552	609
121	731
326	631
186	603
526	751
495	693
422	725
390	660
544	663
316	636
496	564
180	563
26	690
254	678
457	708
538	715
86	655
348	762
85	626
450	625
199	585
447	711
522	627
212	680
281	601
421	721
98	773
492	636
167	726
252	631
142	610
131	648
342	594
399	640
293	696
75	647
277	737
393	783
185	604
107	762
230	662
267	745
186	765
327	725
78	578
286	638
415	742
504	765
323	678
90	642
536	776
495	783
239	763
553	778
546	743
69	661
202	627
460	600
137	633
539	641
283	676
143	617
549	613
484	642
530	593
247	594
364	631
48	713
299	704
230	666
159	635
411	610
1	654
441	718
91	781
43	667
80	684
398	701
557	664
225	603
23	698
527	695
45	773
380	695
142	584
257	639
197	769
268	749
466	657
375	578
391	670
56	618
78	714
83	753
310	614
269	763
544	638
294	668
485	625
251	713
438	637
337	582
16	568
192	772
87	664
62	574
513	783
198	733
92	706
145	768
525	563
304	778
512	661
30	568
158	719
54	566
420	578
60	598
520	652
225	665
387	615
124	676
261	724
424	710
461	591
535	657
318	741
272	764
194	562
262	612
472	762
35	744
105	740
34	776
209	667
134	562
363	729
349	646
31	717
369	727
416	728
115	675
314	653
419	680
315	596
319	677
280	597
47	759
130	758
71	730
543	731
371	694
353	685
247	737
558	705
500	564
274	561
458	731
101	604
220	652
434	716
229	745
196	628
425	729
110	746
402	618
468	733
121	698
352	683
275	779
316	570
449	760
185	561
349	605
519	628
36	746
432	581
130	739
26	753
70	659
510	668
340	716
138	692
421	613
366	709
190	779
394	576
401	761
39	756
255	615
245	732
289	658
393	726
528	776
181	635
109	732
32	737
488	690
66	622
196	751
359	746
479	647
144	679
178	582
463	642
487	756
92	600
55	721
156	571
396	613
328	714
77	728
392	768
522	587
190	763
313	726
211	621
436	645
409	749
502	757
267	639
497	696
395	747
164	602
330	626
183	780
150	742
533	561
172	613
556	585
112	586
237	677
532	605
243	586
16	671
50	741
224	706
3	679
131	733
404	606
163	608
498	662
193	600
240	576
407	605
213	772
321	648
312	596
411	732
410	625
277	715
352	772
291	674
358	612
409	674
405	772
548	607
21	650
140	629
210	602
7	673
548	646
285	576
354	781
430	766
394	766
470	766
193	747
245	779
97	728
214	734
521	680
146	645
381	650
382	602
390	703
432	764
289	610
67	679
256	621
10	738
443	722
244	639
312	716
315	650
124	621
329	709
284	646
79	747
290	629
250	779
261	621
287	703
521	629
482	756
344	674
195	711
