mmer1	mmer2
673	1346
651	1330
386	1159
264	1125
632	1243
858	1380
1046	1172
456	1329
725	1384
449	1383
136	1536
965	1418
499	1134
488	1167
500	1414
1108	1255
999	1202
471	1238
75	1334
752	1482
750	1306
897	1269
788	1466
904	1458
17	1409
718	1188
943	1126
859	1325
846	1526
119	1343
1023	1464
767	1319
812	1213
407	1514
558	1532
963	1295
550	1363
1097	1497
621	1203
563	1461
945	1218
453	1168
814	1548
413	1369
491	1157
750	1402
637	1463
801	1247
689	1189
68	1331
8	1135
933	1349
593	1481
1114	1451
808	1466
1107	1447
731	1364
592	1130
239	1277
54	1496
579	1536
1106	1480
103	1461
710	1409
856	1410
925	1141
184	1500
577	1443
228	1314
566	1195
284	1379
808	1331
333	1188
1004	1229
732	1289
789	1368
561	1332
7	1151
983	1160
294	1434
175	1542
953	1504
70	1473
614	1238
768	1345
1023	1171
681	1491
399	1305
1112	1245
992	1493
57	1284
525	1125
848	1489
356	1258
980	1419
633	1138
54	1213
189	1560
953	1192
476	1527
360	1177
437	1201
1090	1227
1028	1431
283	1384
266	1124
122	1554
592	1136
916	1476
1048	1352
896	1158
856	1190
676	1450
503	1515
318	1567
156	1323
704	1429
604	1465
903	1176
496	1471
796	1354
880	1211
328	1552
881	1403
163	1441
533	1551
373	1339
1036	1361
505	1540
914	1507
685	1132
554	1458
652	1421
82	1202
738	1415
576	1426
397	1200
134	1367
219	1190
670	1142
864	1167
870	1539
71	1125
659	1564
669	1551
1087	1508
448	1507
98	1565
190	1352
989	1330
708	1167
700	1334
982	1385
392	1141
948	1508
927	1239
38	1427
1060	1299
351	1534
3	1526
673	1470
1015	1267
933	1318
1104	1162
384	1496
38	1358
1063	1219
60	1500
1032	1518
343	1430
993	1263
1100	1191
1109	1228
780	1327
937	1375
146	1301
596	1295
866	1155
409	1350
1077	1321
357	1236
458	1290
959	1286
215	1346
255	1539
317	1515
256	1404
209	1330
112	1492
107	1551
293	1198
208	1173
56	1314
899	1346
333	1436
566	1451
619	1198
381	1324
503	1519
760	1286
196	1339
439	1567
1052	1483
313	1190
254	1436
406	1316
556	1285
1028	1453
686	1471
1055	1398
178	1439
664	1428
888	1343
493	1291
8	1366
978	1540
568	1158
360	1219
195	1274
951	1372
366	1320
893	1201
588	1469
781	1454
452	1205
348	1360
900	1269
296	1248
1040	1197
462	1309
220	1265
75	1519
929	1273
184	1173
268	1409
154	1560
939	1512
735	1487
384	1488
762	1366
711	1341
158	1484
1030	1197
28	1566
736	1359
578	1246
86	1430
713	1260
1080	1291
973	1301
690	1338
557	1207
43	1232
531	1151
995	1172
279	1290
881	1471
481	1292
242	1310
606	1512
842	1250
742	1218
705	1161
298	1521
350	1327
797	1561
165	1475
260	1381
341	1269
729	1186
720	1447
374	1320
955	1467
3	1340
825	1420
223	1376
1067	1309
577	1452
1099	1130
27	1188
268	1158
917	1541
14	1566
684	1400
391	1217
1064	1225
578	1450
1013	1326
620	1192
549	1517
728	1411
1055	1473
879	1311
499	1337
1065	1250
1096	1235
650	1559
389	1353
495	1356
873	1270
256	1460
530	1566
938	1131
644	1507
726	1424
265	1364
163	1153
739	1122
149	1530
233	1518
666	1258
677	1152
1089	1157
1074	1271
147	1400
241	1460
380	1232
746	1355
171	1415
85	1280
0	1222
136	1371
42	1176
783	1204
907	1468
997	1502
221	1234
662	1184
199	1336
913	1446
352	1205
925	1326
1047	1487
688	1294
25	1462
31	1432
698	1167
946	1334
636	1261
715	1315
992	1181
744	1493
140	1525
111	1233
91	1391
789	1561
310	1481
1095	1291
839	1243
551	1212
402	1317
344	1553
660	1479
86	1393
518	1395
771	1137
49	1517
434	1360
829	1183
691	1170
80	1422
809	1524
336	1196
404	1181
490	1155
297	1273
836	1274
362	1437
646	1145
785	1208
274	1178
83	1239
680	1499
164	1225
172	1426
131	1300
804	1213
67	1420
473	1318
153	1288
374	1472
535	1516
902	1366
218	1337
792	1241
517	1242
280	1244
85	1478
757	1412
408	1442
383	1154
967	1151
913	1161
180	1282
1112	1506
626	1317
191	1245
153	1340
743	1463
13	1244
201	1236
764	1154
254	1194
90	1546
232	1150
74	1510
586	1363
412	1495
271	1203
411	1299
489	1457
884	1547
972	1375
58	1333
861	1162
1004	1358
53	1286
701	1293
6	1271
322	1542
344	1485
362	1502
672	1416
190	1147
365	1166
442	1452
319	1486
995	1289
1093	1145
950	1185
76	1472
100	1545
479	1553
61	1323
1067	1312
106	1535
446	1530
1003	1314
606	1268
339	1531
121	1472
524	1516
1002	1506
757	1205
642	1436
984	1344
876	1529
526	1420
624	1153
802	1220
704	1227
415	1199
320	1274
192	1123
885	1143
193	1125
87	1464
94	1163
758	1228
527	1461
862	1289
1005	1382
878	1401
263	1230
736	1484
155	1325
1025	1154
624	1300
775	1319
1018	1538
423	1470
770	1299
930	1516
406	1255
352	1395
587	1387
273	1229
1005	1396
826	1135
471	1400
625	1251
660	1144
806	1342
709	1408
354	1122
611	1122
640	1322
506	1231
231	1207
244	1214
622	1544
668	1328
180	1456
376	1488
941	1174
897	1160
407	1498
652	1373
126	1430
247	1557
844	1321
220	1378
171	1127
366	1415
666	1532
966	1449
143	1381
452	1260
303	1363
1014	1416
733	1539
167	1260
1024	1151
779	1130
509	1177
627	1503
382	1227
552	1278
891	1156
283	1163
865	1182
889	1215
1083	1383
1093	1149
696	1485
648	1134
243	1263
1056	1235
887	1421
410	1223
50	1501
583	1476
447	1159
473	1178
340	1259
394	1427
739	1166
1062	1308
799	1345
363	1502
185	1209
483	1180
896	1524
1052	1283
210	1156
55	1291
647	1192
842	1266
371	1452
835	1433
1011	1385
337	1467
805	1464
892	1280
580	1543
358	1470
749	1226
987	1386
837	1501
183	1277
172	1207
791	1506
979	1456
278	1350
774	1206
115	1435
608	1480
546	1285
593	1294
657	1148
727	1521
289	1136
33	1234
891	1404
242	1152
670	1281
1021	1459
361	1293
337	1303
785	1567
37	1565
737	1526
560	1218
80	1545
419	1509
688	1526
976	1393
522	1165
9	1328
507	1362
637	1261
878	1254
850	1336
784	1179
966	1139
776	1483
351	1221
658	1187
181	1240
613	1396
1043	1231
403	1175
722	1439
410	1365
511	1370
1017	1247
864	1411
298	1232
802	1237
238	1366
993	1348
999	1491
438	1470
584	1308
810	1512
440	1134
470	1357
608	1234
323	1193
446	1213
211	1223
245	1479
825	1313
229	1555
296	1456
467	1543
544	1397
860	1175
794	1312
257	1172
398	1428
137	1486
838	1310
1105	1439
1029	1453
1090	1365
401	1175
811	1275
703	1504
977	1131
551	1219
674	1139
53	1438
851	1429
572	1283
680	1120
26	1540
752	1327
569	1134
546	1394
580	1509
505	1144
123	1120
215	1493
1038	1360
396	1505
206	1234
571	1523
778	1163
1107	1276
265	1411
314	1481
133	1552
572	1327
462	1138
205	1225
706	1347
662	1521
737	1146
228	1435
536	1263
803	1435
269	1195
393	1257
786	1249
769	1374
288	1384
1061	1230
798	1536
498	1224
326	1253
791	1530
751	1231
158	1391
1010	1127
408	1562
173	1357
926	1527
389	1436
200	1347
751	1306
259	1416
96	1236
261	1177
282	1528
830	1286
809	1314
202	1549
847	1217
198	1148
575	1424
151	1376
321	1139
335	1316
338	1217
674	1359
58	1331
88	1426
135	1293
1072	1484
912	1391
418	1491
1111	1517
905	1169
29	1541
234	1210
1031	1489
385	1446
832	1354
908	1272
369	1264
224	1362
174	1349
69	1226
695	1292
541	1247
232	1503
661	1546
903	1149
264	1461
113	1425
1061	1272
345	1224
978	1556
1025	1462
261	1329
787	1545
120	1214
300	1306
280	1240
255	1418
201	1504
335	1378
901	1407
693	1368
973	1317
251	1495
855	1210
88	1477
258	1156
1108	1537
41	1160
95	1168
292	1440
1075	1164
485	1490
60	1393
761	1433
627	1269
155	1459
294	1293
1099	1250
984	1319
1044	1140
706	1179
877	1397
976	1435
932	1522
672	1438
307	1174
1057	1376
422	1211
64	1186
537	1148
276	1467
79	1561
631	1302
475	1561
581	1272
569	1149
562	1206
1086	1423
1041	1482
429	1281
1060	1469
1054	1531
433	1143
558	1292
325	1539
428	1250
266	1297
508	1129
32	1450
767	1181
1088	1524
1034	1440
787	1405
373	1552
317	1440
692	1330
550	1198
72	1217
755	1196
839	1532
416	1457
332	1267
63	1468
836	1204
776	1130
47	1141
962	1446
340	1442
240	1448
657	1200
279	1368
277	1311
1071	1448
715	1138
727	1253
663	1529
921	1312
84	1276
564	1304
645	1223
399	1505
188	1254
799	1171
996	1310
954	1126
107	1496
118	1322
147	1158
622	1555
326	1477
549	1208
92	1490
678	1313
663	1265
435	1513
52	1298
1068	1318
868	1347
455	1300
511	1353
1000	1398
955	1252
334	1259
591	1225
557	1307
414	1160
820	1168
418	1272
811	1487
482	1393
1074	1210
591	1267
34	1406
1053	1165
710	1296
1115	1238
109	1136
419	1386
630	1379
504	1258
92	1289
109	1384
1073	1135
199	1388
883	1372
1119	1352
661	1406
383	1459
328	1330
125	1193
882	1401
506	1328
95	1317
24	1125
528	1188
229	1408
370	1563
129	1270
618	1207
1092	1351
1032	1535
930	1149
310	1305
18	1542
507	1313
421	1344
1078	1262
1019	1399
845	1469
957	1442
102	1552
89	1513
1070	1453
330	1505
988	1382
720	1416
910	1529
1039	1409
917	1128
331	1488
899	1195
629	1329
589	1215
948	1522
833	1155
238	1515
116	1554
800	1390
472	1378
430	1520
434	1194
216	1266
156	1535
526	1160
143	1121
405	1511
113	1487
525	1503
186	1275
477	1443
1016	1196
47	1494
583	1316
428	1399
990	1324
974	1268
286	1389
733	1246
512	1548
850	1474
342	1527
26	1489
906	1483
144	1258
108	1421
4	1123
788	1380
445	1476
818	1251
20	1506
66	1500
491	1313
988	1369
500	1291
124	1288
157	1417
1007	1482
795	1498
693	1389
863	1402
402	1479
516	1562
81	1342
260	1200
877	1233
520	1189
464	1524
244	1264
456	1388
886	1332
226	1225
431	1210
590	1155
534	1304
612	1172
1021	1321
129	1283
488	1224
400	1238
198	1363
747	1212
765	1285
487	1310
20	1393
359	1123
867	1338
48	1135
924	1554
807	1146
386	1415
1026	1163
887	1282
724	1265
127	1430
1042	1410
649	1275
610	1196
1046	1512
343	1124
728	1495
778	1343
841	1164
225	1310
510	1360
844	1385
722	1523
267	1201
214	1383
533	1399
610	1555
1054	1373
618	1209
1019	1465
749	1146
287	1358
725	1377
459	1418
641	1152
560	1209
1085	1288
1075	1412
971	1335
524	1219
427	1502
359	1477
1104	1537
914	1389
170	1266
448	1515
253	1533
985	1286
675	1566
909	1550
142	1203
431	1150
1116	1133
77	1480
496	1498
464	1473
194	1176
923	1229
291	1559
334	1466
202	1180
847	1281
971	1153
432	1528
479	1366
472	1401
667	1279
1045	1345
1105	1458
547	1509
234	1383
797	1542
492	1357
1008	1388
40	1386
432	1180
731	1551
522	1437
412	1359
782	1340
766	1169
694	1565
44	1431
304	1216
515	1363
262	1252
754	1164
857	1546
49	1392
539	1305
1037	1504
168	1263
1083	1327
466	1440
1003	1351
855	1185
1016	1391
437	1297
376	1406
121	1302
398	1290
1059	1437
56	1559
810	1186
166	1152
250	1218
1049	1224
484	1348
1101	1455
219	1396
2	1256
223	1548
169	1414
543	1481
773	1332
726	1221
454	1121
1058	1307
812	1384
619	1309
536	1140
959	1338
430	1514
746	1166
375	1550
1049	1290
25	1138
711	1398
947	1237
851	1268
415	1564
714	1135
135	1377
320	1238
169	1422
1072	1158
425	1144
1018	1245
336	1566
541	1482
7	1411
552	1184
441	1517
297	1322
457	1558
969	1175
493	1380
192	1513
1079	1252
1007	1396
1012	1372
880	1530
814	1402
480	1379
517	1508
756	1252
807	1212
697	1456
66	1453
12	1559
39	1155
78	1396
970	1300
424	1150
114	1174
665	1178
51	1545
37	1542
599	1560
262	1236
852	1341
699	1165
84	1322
1100	1276
834	1292
875	1489
1022	1418
983	1376
822	1427
313	1339
170	1558
590	1340
15	1145
453	1412
979	1253
390	1288
375	1175
73	1329
854	1485
1024	1356
110	1365
1022	1354
1043	1365
909	1189
59	1307
307	1233
461	1185
508	1240
1058	1170
416	1395
102	1341
46	1463
599	1479
435	1211
252	1342
314	1284
643	1256
574	1242
504	1232
547	1436
286	1466
267	1339
1044	1556
703	1361
628	1262
87	1532
681	1451
457	1199
963	1565
822	1430
186	1540
82	1137
1116	1533
195	1371
1096	1556
243	1520
338	1460
1020	1332
827	1206
39	1280
1010	1139
655	1127
994	1255
1076	1426
405	1145
227	1478
168	1367
368	1188
354	1341
396	1287
833	1448
970	1475
347	1187
222	1249
742	1401
111	1529
759	1373
451	1157
498	1296
105	1468
93	1513
543	1285
474	1328
447	1415
258	1514
554	1334
98	1249
106	1271
468	1289
178	1207
748	1335
964	1227
64	1165
1006	1257
885	1257
96	1557
694	1494
309	1465
607	1247
975	1392
450	1533
615	1162
177	1557
1029	1328
596	1161
954	1467
820	1239
817	1394
291	1240
597	1157
938	1561
687	1182
857	1445
51	1455
1119	1367
305	1309
968	1248
230	1333
561	1370
730	1533
1015	1232
509	1218
745	1533
487	1499
311	1433
239	1398
146	1432
1031	1159
1097	1483
19	1270
45	1516
35	1311
915	1263
841	1536
924	1359
595	1526
956	1223
124	1497
977	1186
605	1374
270	1222
889	1450
1	1229
747	1429
617	1142
17	1381
803	1235
934	1364
440	1315
299	1535
99	1267
721	1438
601	1560
1062	1522
368	1407
101	1333
332	1541
929	1401
161	1227
160	1431
217	1266
253	1259
753	1392
721	1544
555	1562
30	1149
141	1537
1035	1420
288	1434
370	1532
211	1525
853	1450
762	1375
395	1293
24	1347
5	1383
729	1457
127	1146
548	1461
21	1335
162	1372
388	1387
501	1354
463	1380
697	1213
387	1256
985	1462
166	1547
130	1487
937	1408
719	1417
241	1429
573	1470
6	1273
197	1187
161	1143
945	1174
702	1221
72	1194
761	1236
1011	1187
873	1338
942	1279
705	1142
918	1512
212	1541
741	1350
312	1497
451	1531
1109	1362
994	1476
29	1165
52	1245
605	1517
423	1426
623	1364
975	1308
775	1121
149	1262
684	1435
342	1312
514	1139
48	1416
43	1334
89	1498
1080	1427
630	1404
385	1243
883	1136
915	1203
204	1373
404	1274
918	1265
469	1413
699	1500
112	1326
538	1511
1110	1488
821	1194
327	1317
754	1170
1082	1201
901	1483
874	1369
784	1489
884	1129
832	1172
204	1230
532	1444
1027	1159
436	1488
587	1204
443	1391
931	1506
356	1189
311	1528
1059	1472
951	1272
1084	1518
1034	1373
656	1176
895	1254
1092	1474
30	1403
32	1444
1087	1520
796	1388
469	1370
465	1323
61	1185
304	1244
62	1357
273	1494
1064	1374
123	1359
843	1469
1098	1184
249	1509
1103	1389
1078	1377
1103	1205
1088	1303
222	1270
282	1344
991	1485
1071	1191
603	1151
327	1287
364	1120
501	1379
523	1143
339	1449
1012	1296
1101	1235
908	1510
309	1184
353	1347
233	1258
237	1377
960	1505
417	1539
594	1284
840	1187
520	1303
117	1564
73	1403
483	1523
818	1331
521	1371
358	1346
594	1499
907	1525
579	1150
626	1145
910	1255
494	1226
527	1311
921	1211
312	1277
36	1544
476	1518
322	1193
379	1148
467	1446
940	1510
676	1253
893	1127
964	1192
723	1148
519	1491
849	1337
1002	1156
1037	1306
601	1535
838	1519
974	1555
191	1447
837	1224
421	1414
42	1130
130	1180
823	1479
65	1389
189	1478
829	1429
872	1208
675	1453
911	1257
900	1502
330	1246
176	1169
679	1121
395	1381
540	1464
1069	1132
497	1136
986	1311
426	1173
81	1177
1077	1466
329	1460
991	1407
772	1362
882	1398
724	1397
459	1190
667	1422
132	1428
852	1303
117	1559
941	1531
936	1367
1089	1431
609	1332
1111	1212
132	1271
668	1402
919	1296
11	1474
912	1331
40	1190
867	1279
895	1191
69	1508
634	1567
1045	1276
482	1548
713	1179
131	1562
11	1465
78	1337
401	1278
716	1463
892	1428
1020	1214
1114	1128
821	1269
1000	1270
958	1543
63	1177
477	1345
604	1268
824	1343
105	1275
707	1473
203	1197
1117	1222
433	1365
790	1443
768	1198
535	1544
388	1448
685	1499
231	1153
981	1371
542	1198
529	1143
794	1510
22	1323
623	1498
495	1351
465	1137
651	1307
585	1295
920	1421
196	1369
795	1221
15	1377
647	1152
250	1305
835	1441
108	1253
301	1122
620	1395
444	1146
422	1153
302	1400
348	1343
640	1524
687	1394
411	1460
23	1206
773	1529
391	1264
160	1338
571	1312
801	1364
961	1255
679	1490
638	1259
444	1445
489	1137
531	1442
461	1234
904	1372
187	1476
849	1528
542	1438
756	1538
305	1447
935	1210
758	1493
214	1209
290	1534
584	1406
441	1462
567	1438
221	1444
766	1134
133	1314
969	1292
1081	1375
581	1265
205	1298
658	1169
568	1182
1070	1199
1036	1298
603	1486
442	1120
1066	1528
582	1189
79	1459
1056	1182
781	1507
475	1511
247	1409
1035	1408
1063	1531
1079	1301
665	1278
197	1237
698	1354
1117	1563
1091	1421
708	1345
206	1167
321	1256
148	1447
236	1283
813	1452
438	1230
574	1341
653	1387
1017	1318
230	1137
145	1538
208	1456
263	1183
1033	1273
346	1486
329	1168
355	1464
634	1337
403	1321
478	1390
364	1230
765	1240
888	1128
631	1547
981	1404
523	1481
817	1277
755	1156
1039	1282
946	1405
772	1212
1084	1455
137	1408
923	1412
152	1141
598	1516
968	1397
920	1248
518	1407
1008	1318
570	1444
919	1320
655	1340
732	1339
763	1126
860	1411
269	1419
151	1280
302	1179
1001	1548
1102	1301
138	1511
290	1477
734	1282
738	1486
831	1294
182	1280
142	1229
782	1443
27	1123
906	1555
369	1214
1050	1379
638	1434
372	1475
1118	1467
519	1166
586	1513
952	1443
381	1284
805	1169
212	1521
139	1420
823	1386
115	1162
390	1335
989	1381
740	1150
683	1267
648	1128
1068	1302
187	1455
1113	1418
16	1290
94	1419
1118	1251
1033	1395
227	1262
1081	1402
46	1192
490	1140
636	1410
345	1441
213	1545
771	1449
934	1494
760	1375
318	1522
958	1412
553	1159
145	1546
950	1303
819	1185
284	1505
804	1284
355	1215
898	1565
871	1550
928	1504
120	1491
237	1459
595	1518
159	1427
890	1208
177	1201
753	1500
1102	1484
886	1547
859	1351
77	1465
783	1237
957	1262
869	1288
1051	1449
249	1352
144	1268
827	1144
5	1133
0	1417
363	1423
350	1515
740	1202
436	1121
786	1321
429	1278
1053	1519
272	1361
460	1534
138	1273
530	1129
152	1226
633	1374
1073	1214
349	1306
717	1556
870	1211
372	1259
911	1266
1	1344
649	1534
12	1563
377	1493
565	1394
101	1509
926	1241
792	1319
159	1371
165	1199
866	1241
1042	1144
730	1163
683	1510
1069	1554
2	1478
555	1353
949	1261
125	1441
224	1205
148	1244
512	1392
777	1454
285	1348
1094	1484
515	1538
278	1556
154	1164
50	1129
629	1478
707	1520
700	1252
998	1349
494	1374
614	1462
414	1250
104	1299
486	1335
1030	1275
616	1300
76	1131
259	1437
641	1544
277	1386
1085	1441
692	1196
876	1432
902	1186
537	1474
813	1178
1047	1385
463	1127
315	1474
458	1368
382	1454
141	1403
420	1295
119	1183
709	1369
843	1507
62	1471
236	1208
534	1399
671	1496
173	1549
575	1433
270	1178
834	1336
275	1525
455	1194
150	1304
741	1425
126	1564
209	1537
57	1543
654	1248
485	1147
585	1390
200	1508
90	1203
532	1326
628	1120
642	1349
392	1132
470	1394
987	1142
686	1380
150	1490
940	1397
497	1305
393	1197
677	1413
59	1184
292	1297
1027	1422
71	1285
361	1195
646	1247
695	1434
960	1399
14	1281
276	1323
600	1222
965	1326
33	1417
573	1452
1110	1161
394	1445
331	1414
203	1276
602	1287
905	1448
894	1241
248	1552
271	1294
23	1257
502	1126
806	1308
854	1147
45	1336
295	1469
997	1256
207	1336
800	1361
898	1449
179	1191
576	1249
316	1540
980	1472
216	1520
397	1352
83	1537
492	1350
962	1304
300	1254
103	1404
777	1475
513	1468
922	1174
289	1298
315	1297
174	1388
956	1233
565	1387
303	1308
240	1433
563	1530
246	1180
478	1344
19	1477
480	1400
100	1132
790	1254
868	1295
894	1304
998	1463
31	1482
1051	1385
285	1315
769	1554
682	1560
449	1162
723	1206
274	1356
367	1296
845	1315
1001	1445
460	1228
865	1133
528	1439
10	1361
484	1129
400	1536
669	1501
612	1387
97	1499
582	1497
272	1235
9	1403
879	1251
67	1216
567	1141
780	1538
1098	1382
316	1382
28	1370
140	1204
281	1297
114	1176
559	1480
481	1237
869	1320
717	1241
74	1164
872	1445
701	1222
1026	1455
1095	1423
986	1495
93	1277
617	1309
181	1546
104	1390
97	1132
682	1217
1014	1523
961	1357
1009	1122
179	1501
545	1138
982	1451
875	1439
10	1195
996	1454
621	1316
853	1410
110	1550
1065	1216
306	1413
514	1133
417	1353
972	1425
1106	1226
18	1316
213	1261
602	1274
426	1543
861	1215
122	1367
521	1390
193	1123
967	1423
324	1183
559	1324
545	1442
164	1553
858	1432
1066	1287
424	1353
816	1360
378	1182
653	1233
664	1282
409	1251
185	1475
65	1356
194	1261
824	1126
990	1378
41	1287
613	1553
846	1392
932	1358
245	1351
764	1521
935	1246
218	1519
1013	1302
793	1181
346	1220
553	1492
763	1434
826	1279
828	1260
1050	1244
819	1437
928	1239
690	1495
916	1368
944	1315
323	1157
745	1490
420	1413
840	1468
70	1348
287	1283
1091	1503
1094	1279
235	1549
939	1324
759	1376
450	1264
927	1413
139	1564
931	1319
21	1124
650	1299
1115	1260
949	1302
378	1557
831	1562
597	1458
639	1370
367	1350
118	1133
377	1497
556	1471
632	1202
357	1534
734	1200
35	1170
615	1202
702	1440
445	1243
716	1173
770	1382
128	1480
486	1503
226	1325
644	1362
539	1219
225	1541
281	1209
635	1422
380	1197
468	1431
816	1549
616	1170
696	1424
251	1168
128	1301
588	1457
293	1549
774	1355
654	1432
671	1522
656	1322
319	1485
600	1346
474	1428
510	1220
235	1551
1041	1216
443	1264
735	1527
1048	1457
659	1278
217	1249
275	1199
349	1154
308	1550
379	1527
678	1511
22	1131
439	1547
210	1378
828	1140
413	1355
798	1407
176	1220
246	1320
744	1239
922	1223
890	1410
188	1142
815	1313
16	1558
944	1558
718	1501
529	1417
99	1228
387	1307
712	1161
635	1405
175	1558
257	1124
365	1424
645	1329
712	1423
301	1567
589	1124
353	1406
162	1242
513	1221
1040	1147
1009	1557
68	1325
1038	1525
36	1514
157	1154
639	1245
871	1191
714	1348
609	1405
830	1424
308	1358
874	1298
611	1215
1113	1166
719	1419
748	1220
947	1494
167	1563
848	1193
1006	1147
295	1128
943	1342
570	1281
502	1242
306	1446
252	1563
55	1355
625	1355
134	1523
207	1514
607	1200
13	1140
44	1349
516	1131
562	1333
952	1553
91	1246
427	1228
544	1333
371	1325
691	1271
862	1496
779	1492
598	1173
793	1204
466	1216
4	1425
248	1171
538	1451
324	1444
325	1342
116	1231
548	1179
341	1356
863	1193
942	1425
936	1242
1086	1171
815	1231
689	1181
425	1294
1057	1183
743	1324
564	1458
1082	1454
299	1419
454	1414
183	1248
643	1243
540	1171
347	1492
34	1473
182	1492
1076	1405
