mmer1	mmer2
87	645
278	604
452	766
290	748
87	659
287	646
75	772
440	675
189	664
543	685
396	665
415	745
120	635
77	584
308	722
123	766
164	560
13	595
102	632
86	583
197	758
401	594
358	586
246	616
226	650
211	628
165	755
446	648
185	708
337	700
123	622
471	578
130	568
481	575
4	772
207	718
116	598
264	714
549	627
220	570
233	606
58	638
155	671
352	603
248	685
499	693
162	561
124	709
195	632
417	588
205	755
293	711
350	592
187	684
58	763
168	609
476	752
240	764
384	643
434	645
351	694
443	678
287	586
461	565
376	633
361	677
381	750
366	634
230	691
240	729
548	636
166	663
344	596
526	669
0	582
212	605
478	606
212	575
538	650
298	768
136	782
328	774
468	757
283	583
145	635
398	749
225	632
262	746
504	623
242	756
199	692
186	671
399	773
295	772
546	754
349	654
184	743
467	611
286	576
166	692
81	647
451	621
205	689
157	677
280	688
45	727
435	780
336	774
456	719
312	657
262	640
276	744
477	639
296	735
39	713
372	655
418	754
144	747
368	597
347	762
306	582
8	624
261	609
505	562
539	712
45	686
44	564
213	707
17	702
467	560
319	627
537	726
117	717
199	682
64	591
373	599
307	588
278	633
80	749
34	596
37	746
215	601
159	573
165	750
438	650
217	658
326	607
317	652
97	671
444	723
208	771
122	775
180	678
509	745
275	634
429	653
195	709
224	683
316	572
111	688
160	720
529	687
6	616
494	568
128	697
252	613
56	711
60	642
73	698
41	721
36	590
459	742
410	636
248	680
172	704
475	675
26	649
450	768
338	760
460	680
424	667
474	655
289	611
357	570
217	609
59	594
331	717
291	620
389	744
356	697
40	712
39	776
558	634
187	627
193	676
53	587
553	737
507	777
468	679
542	626
86	689
177	591
91	641
364	621
255	623
478	714
302	738
25	725
228	730
391	761
545	560
430	690
526	751
127	744
244	741
70	567
72	736
270	581
552	628
527	605
487	665
473	681
314	615
67	563
38	646
23	600
360	562
532	733
130	698
362	780
171	735
286	681
71	706
156	760
231	779
169	615
254	562
223	704
54	685
292	564
508	782
183	767
295	679
10	578
330	696
304	675
417	608
213	640
224	734
206	705
486	572
265	776
99	774
521	560
129	638
241	779
193	656
515	633
535	692
259	777
1	743
542	693
386	769
191	590
137	734
250	733
469	764
442	672
14	769
9	666
348	679
274	576
237	577
336	725
117	656
497	603
289	576
153	619
496	767
34	660
143	764
59	728
471	657
424	731
380	592
208	563
520	765
403	599
132	622
299	593
122	740
133	597
472	729
109	567
241	775
483	611
266	612
541	759
229	603
329	600
92	733
341	618
149	577
261	736
198	688
449	577
548	561
5	732
373	687
534	714
369	630
303	699
332	753
97	747
489	683
556	765
153	604
479	567
6	679
445	711
435	610
22	663
110	579
420	744
480	750
421	772
15	698
82	715
143	683
158	643
219	601
484	772
412	767
443	561
260	738
182	657
405	619
202	701
447	565
221	607
472	649
343	711
274	597
382	718
532	639
154	739
460	656
463	635
11	661
152	759
382	762
254	755
0	631
232	656
413	625
46	589
530	674
452	722
387	585
179	713
490	671
427	598
558	763
52	712
281	734
280	708
500	751
16	771
16	581
508	706
466	724
138	666
506	664
51	728
132	727
115	643
504	710
351	756
398	581
65	718
476	773
394	672
535	703
479	705
345	745
190	644
268	668
179	668
116	615
268	670
37	585
305	658
174	567
257	589
323	600
215	746
61	562
30	696
402	664
464	725
172	566
392	563
375	728
149	751
146	695
431	614
300	682
544	617
266	757
109	571
253	770
272	673
151	707
209	590
342	704
318	628
135	725
509	685
50	624
520	602
547	561
352	569
378	658
2	626
33	620
162	702
488	620
101	719
340	571
23	706
413	672
267	596
252	695
285	580
344	716
202	661
12	682
27	621
484	653
156	586
177	770
447	564
536	563
406	579
184	689
146	630
517	717
211	624
175	652
191	720
423	749
48	755
62	602
527	579
298	573
64	715
475	625
534	619
370	630
525	766
328	596
559	714
271	770
503	628
285	778
384	665
96	630
477	762
40	563
173	677
231	622
402	774
178	566
554	690
409	637
394	649
201	644
459	603
154	729
316	652
516	647
293	652
375	708
100	736
355	634
150	736
253	779
138	753
559	637
515	639
273	698
487	748
363	709
434	691
430	613
78	651
453	588
519	594
370	669
24	647
501	747
225	673
75	726
383	603
301	713
448	598
147	760
76	661
325	744
91	681
410	613
453	654
173	608
214	617
221	755
544	771
155	713
437	581
409	701
26	591
95	593
397	581
277	766
10	629
22	753
238	614
365	566
359	640
523	775
142	640
181	703
77	670
486	702
541	622
360	593
237	696
79	738
103	658
519	763
74	587
104	618
170	647
282	752
68	671
514	643
480	587
42	597
283	633
347	575
292	580
388	780
112	699
411	611
498	740
419	606
11	703
346	722
148	589
354	631
48	782
104	718
76	659
279	684
378	757
300	767
318	747
313	690
522	714
528	600
330	641
118	778
70	571
310	763
549	754
218	715
333	594
214	675
196	641
546	726
32	741
522	724
66	649
502	720
412	779
222	573
299	625
89	631
324	681
209	574
281	586
539	738
311	695
267	776
426	757
470	654
277	590
71	582
29	703
482	560
51	614
327	768
192	776
483	651
455	600
239	617
235	656
28	642
540	691
387	565
79	636
334	751
499	682
56	765
290	775
2	655
74	580
46	768
249	764
135	716
502	761
341	657
255	663
174	758
314	636
310	705
203	634
99	577
461	651
557	771
226	571
327	730
503	769
288	611
334	628
105	702
530	633
163	569
244	771
85	608
498	626
269	616
433	680
33	710
55	678
518	649
20	752
538	741
1	667
379	760
85	660
474	727
543	605
223	697
557	774
169	647
111	782
339	653
18	614
210	631
312	768
60	606
73	709
17	759
222	604
342	648
513	677
386	743
144	606
420	738
176	783
21	598
108	679
518	704
49	713
180	696
125	585
510	757
80	667
303	640
96	612
350	584
139	585
414	756
367	754
160	734
5	668
335	695
158	730
112	582
19	677
496	737
388	608
349	732
357	675
531	621
276	587
194	568
57	769
390	584
425	737
297	763
462	654
234	688
429	780
500	762
119	639
139	694
145	733
485	618
121	783
320	638
32	760
88	697
65	733
230	662
121	574
55	593
134	782
21	769
371	739
426	635
62	783
556	696
377	729
94	582
320	573
176	585
242	703
263	727
256	607
31	736
440	589
537	742
383	651
234	723
448	568
24	646
12	684
192	574
95	764
44	715
427	641
315	658
150	660
392	724
294	672
456	686
126	592
69	743
216	646
272	572
311	664
414	642
49	729
326	589
245	740
236	663
216	646
7	695
260	741
190	652
338	723
399	593
450	641
470	698
128	580
167	607
218	648
451	734
164	668
493	762
107	648
437	617
67	664
385	562
380	644
238	609
431	674
141	739
495	747
436	676
4	722
113	588
28	571
507	726
528	657
416	693
492	642
120	613
343	608
355	574
66	681
118	564
233	717
395	724
18	612
269	632
505	711
551	570
188	737
83	601
309	644
545	765
371	602
365	630
200	721
540	648
442	566
50	694
239	749
168	586
81	573
106	693
441	618
550	610
115	595
35	576
53	583
219	580
324	781
465	746
152	602
207	618
444	740
374	610
322	753
445	567
369	751
495	778
265	726
325	604
345	588
291	716
72	728
228	728
94	617
251	599
141	668
30	692
493	605
531	619
433	721
36	621
555	645
259	720
131	686
78	700
106	609
511	780
306	707
494	783
194	662
114	709
356	754
510	741
446	708
159	650
114	742
454	637
405	723
432	650
196	676
321	613
439	645
348	779
232	564
258	639
416	592
167	623
108	602
227	624
175	584
466	701
19	636
512	690
418	735
390	758
250	643
245	761
465	672
249	591
395	654
335	627
407	596
396	604
296	627
439	610
47	693
441	619
90	601
337	705
305	566
381	748
404	644
313	765
423	687
93	572
397	723
457	770
400	684
438	735
506	598
297	623
391	697
436	669
140	707
258	742
247	683
220	610
284	749
428	701
204	712
514	759
161	752
243	750
171	758
264	601
463	642
42	739
393	721
488	615
88	665
127	686
82	669
366	680
148	576
307	635
354	653
9	691
379	739
491	701
393	708
137	700
124	676
363	781
533	717
553	569
323	663
271	670
63	719
188	584
197	781
367	781
329	583
385	727
319	667
15	625
481	759
163	577
516	720
492	605
136	745
7	775
512	659
425	626
126	746
517	620
198	670
462	753
43	721
83	662
301	578
84	783
552	673
142	694
270	737
457	669
339	781
304	719
302	662
364	776
482	614
400	694
282	570
68	592
309	569
8	690
469	661
428	626
321	770
161	684
119	645
359	612
501	594
525	752
279	724
529	719
183	777
473	667
251	710
93	767
374	591
419	673
140	590
263	597
54	699
131	683
189	655
182	670
284	750
110	777
317	655
524	735
89	673
406	712
185	761
523	587
551	730
288	710
52	778
322	704
536	615
57	686
389	745
257	565
332	665
361	731
368	691
403	624
432	612
43	682
92	676
200	742
449	718
256	777
69	659
422	688
204	623
14	689
454	662
513	761
229	687
133	743
340	622
3	707
353	574
243	638
100	731
181	561
511	689
408	660
554	637
47	678
407	758
497	666
31	651
491	661
125	568
358	702
464	572
98	565
35	575
458	730
547	653
134	748
210	716
294	748
101	629
353	778
27	570
227	678
273	674
206	740
105	579
346	629
411	637
107	674
103	685
201	631
372	616
421	705
235	638
404	607
455	715
41	659
38	706
3	773
489	595
490	579
533	616
524	732
246	710
315	629
415	583
236	766
331	732
157	700
401	687
84	706
13	599
186	620
29	578
25	578
555	699
61	731
178	595
376	773
550	722
458	632
521	756
203	625
362	700
408	756
102	599
422	575
247	731
377	660
170	629
147	699
485	732
63	680
151	674
129	595
333	692
308	716
275	725
90	666
98	773
20	666
113	569
